Dec 3, 2014 9:17:03 PM AudioFileComparator fingerPrint
INFO: Trying to get fingerprint for file : /course/cs5500f14/Assignments/A5/z02.wav
Dec 3, 2014 9:17:04 PM FingerPrint scan
INFO: Processing chunk : 0
Dec 3, 2014 9:17:04 PM FingerPrint computeMagnitude
INFO: FingerPrint: :25265.0:38245.0:47439.0:173611.0:317848.0:572063.0:1173753.0:2321684.0:4724041.0:9489559.0 Result :1.8883508E7
Dec 3, 2014 9:17:04 PM FingerPrint scan
INFO: Processing chunk : 16777216
Dec 3, 2014 9:17:04 PM FingerPrint computeMagnitude
INFO: FingerPrint: :26509.0:39547.0:66618.0:154692.0:309418.0:549076.0:1143981.0:2310758.0:4559462.0:9203523.0 Result :1.8363584E7
Dec 3, 2014 9:17:04 PM FingerPrint scan
INFO: Processing chunk : 33554432
Dec 3, 2014 9:17:04 PM FingerPrint computeMagnitude
INFO: FingerPrint: :38201.0:63273.0:36963.0:150631.0:283404.0:511047.0:1364609.0:2567590.0:4830085.0:9989476.0 Result :1.9835279E7
Dec 3, 2014 9:17:04 PM FingerPrint scan
INFO: Processing chunk : 50331648
Dec 3, 2014 9:17:04 PM FingerPrint computeMagnitude
INFO: FingerPrint: :14416.0:35212.0:143115.0:226662.0:517945.0:940374.0:1800094.0:3811367.0:7366491.0:1.4732869E7 Result :2.9588545E7
Dec 3, 2014 9:17:04 PM FingerPrint scan
INFO: Processing chunk : 67108864
Dec 3, 2014 9:17:04 PM FingerPrint computeMagnitude
INFO: FingerPrint: :42751.0:38587.0:48028.0:213936.0:461719.0:860218.0:1688446.0:3318615.0:6776973.0:1.3467068E7 Result :2.6916341E7
Dec 3, 2014 9:17:04 PM FingerPrint scan
INFO: Processing chunk : 83886080
Dec 3, 2014 9:17:04 PM FingerPrint computeMagnitude
INFO: FingerPrint: :32384.0:73304.0:129578.0:268377.0:491567.0:1019114.0:1996419.0:4056668.0:8125813.0:1.6191108E7 Result :3.2384332E7
Dec 3, 2014 9:17:04 PM FingerPrint scan
INFO: Processing chunk : 100663296
Dec 3, 2014 9:17:04 PM FingerPrint computeMagnitude
INFO: FingerPrint: :31351.0:63714.0:119969.0:268063.0:518955.0:979477.0:2010716.0:4075132.0:8044112.0:1.6212581E7 Result :3.232407E7
Dec 3, 2014 9:17:04 PM FingerPrint scan
INFO: Processing chunk : 117440512
Dec 3, 2014 9:17:04 PM FingerPrint computeMagnitude
INFO: FingerPrint: :13318.0:14956.0:44462.0:99476.0:175792.0:293017.0:695037.0:1413031.0:2655636.0:5565759.0 Result :1.0970484E7
Dec 3, 2014 9:17:04 PM FingerPrint scan
INFO: Processing chunk : 134217728
Dec 3, 2014 9:17:05 PM FingerPrint computeMagnitude
INFO: FingerPrint: :13966.0:54793.0:70271.0:130034.0:274544.0:572314.0:1242179.0:2292819.0:4642935.0:9387278.0 Result :1.8681133E7
Dec 3, 2014 9:17:05 PM FingerPrint scan
INFO: Processing chunk : 150994944
Dec 3, 2014 9:17:05 PM FingerPrint computeMagnitude
INFO: FingerPrint: :30408.0:28079.0:69603.0:148491.0:245216.0:550991.0:1118862.0:2176447.0:4402229.0:8834135.0 Result :1.7604461E7
Dec 3, 2014 9:17:05 PM FingerPrint scan
INFO: Processing chunk : 167772160
Dec 3, 2014 9:17:05 PM FingerPrint computeMagnitude
INFO: FingerPrint: :25009.0:22244.0:63767.0:163534.0:277808.0:535392.0:1130391.0:2230591.0:4564135.0:9203826.0 Result :1.8216697E7
Dec 3, 2014 9:17:05 PM FingerPrint scan
INFO: Processing chunk : 184549376
Dec 3, 2014 9:17:05 PM FingerPrint computeMagnitude
INFO: FingerPrint: :22938.0:22778.0:30331.0:134894.0:261838.0:460706.0:1069587.0:2043897.0:4294812.0:8750108.0 Result :1.7091889E7
Dec 3, 2014 9:17:05 PM FingerPrint scan
INFO: Processing chunk : 201326592
Dec 3, 2014 9:17:05 PM FingerPrint computeMagnitude
INFO: FingerPrint: :24951.0:67016.0:37745.0:117822.0:275010.0:615761.0:1210182.0:2340882.0:4638448.0:9393928.0 Result :1.8721745E7
Dec 3, 2014 9:17:05 PM FingerPrint scan
INFO: Processing chunk : 218103808
Dec 3, 2014 9:17:05 PM FingerPrint computeMagnitude
INFO: FingerPrint: :943.0:2051.0:3786.0:8007.0:18062.0:37223.0:78983.0:137914.0:302660.0:584663.0 Result :1174292.0
Dec 3, 2014 9:17:05 PM FingerPrint scan
INFO: Processing chunk : 234881024
Dec 3, 2014 9:17:05 PM FingerPrint computeMagnitude
INFO: FingerPrint: :53627.0:44717.0:78009.0:158052.0:330712.0:608264.0:1351409.0:2678298.0:5315699.0:1.0747173E7 Result :2.136596E7
Dec 3, 2014 9:17:05 PM FingerPrint scan
INFO: Processing chunk : 251658240
Dec 3, 2014 9:17:05 PM FingerPrint computeMagnitude
INFO: FingerPrint: :18378.0:33931.0:116554.0:222166.0:447520.0:929886.0:1741230.0:3561083.0:7087117.0:1.4008618E7 Result :2.8166483E7
Dec 3, 2014 9:17:05 PM FingerPrint scan
INFO: Processing chunk : 268435456
Dec 3, 2014 9:17:05 PM FingerPrint computeMagnitude
INFO: FingerPrint: :17214.0:27761.0:105194.0:154313.0:288507.0:567069.0:1142992.0:2468012.0:4646595.0:9344402.0 Result :1.8762059E7
Dec 3, 2014 9:17:05 PM FingerPrint scan
INFO: Processing chunk : 285212672
Dec 3, 2014 9:17:05 PM FingerPrint computeMagnitude
INFO: FingerPrint: :8436.0:30023.0:31331.0:95474.0:139685.0:354888.0:692897.0:1657542.0:2994528.0:6033491.0 Result :1.2038295E7
Dec 3, 2014 9:17:05 PM FingerPrint scan
INFO: Processing chunk : 301989888
Dec 3, 2014 9:17:05 PM FingerPrint computeMagnitude
INFO: FingerPrint: :14559.0:45752.0:71659.0:149674.0:309705.0:679965.0:1234117.0:2522847.0:4996468.0:1.0050379E7 Result :2.0075125E7
Dec 3, 2014 9:17:05 PM FingerPrint scan
INFO: Processing chunk : 318767104
Dec 3, 2014 9:17:05 PM FingerPrint computeMagnitude
INFO: FingerPrint: :26909.0:31524.0:75212.0:188383.0:306295.0:621962.0:1285297.0:2502233.0:5030120.0:1.0094016E7 Result :2.0161951E7
Dec 3, 2014 9:17:05 PM FingerPrint scan
INFO: Processing chunk : 335544320
Dec 3, 2014 9:17:05 PM FingerPrint computeMagnitude
INFO: FingerPrint: :2133.0:32718.0:37844.0:112770.0:293846.0:568478.0:1072051.0:2219002.0:4296795.0:8570744.0 Result :1.7206381E7
Dec 3, 2014 9:17:05 PM FingerPrint scan
INFO: Processing chunk : 352321536
Dec 3, 2014 9:17:05 PM FingerPrint computeMagnitude
INFO: FingerPrint: :14417.0:37200.0:93949.0:187368.0:434603.0:743358.0:1537836.0:3068376.0:6057924.0:1.222679E7 Result :2.4401821E7
Dec 3, 2014 9:17:05 PM FingerPrint scan
INFO: Processing chunk : 369098752
Dec 3, 2014 9:17:05 PM FingerPrint computeMagnitude
INFO: FingerPrint: :18296.0:48966.0:62069.0:150270.0:295703.0:580155.0:1098307.0:2275961.0:4541644.0:9013971.0 Result :1.8085342E7
Dec 3, 2014 9:17:05 PM FingerPrint scan
INFO: Processing chunk : 385875968
Dec 3, 2014 9:17:05 PM FingerPrint computeMagnitude
INFO: FingerPrint: :1790.0:1699.0:9172.0:12028.0:26462.0:55482.0:100691.0:207051.0:417628.0:824328.0 Result :1656331.0
Dec 3, 2014 9:17:05 PM FingerPrint scan
INFO: Processing chunk : 402653184
Dec 3, 2014 9:17:05 PM FingerPrint computeMagnitude
INFO: FingerPrint: :11333.0:26437.0:52899.0:92076.0:228583.0:428216.0:865720.0:1848229.0:3578982.0:7110315.0 Result :1.424279E7
Dec 3, 2014 9:17:05 PM FingerPrint scan
INFO: Processing chunk : 419430400
Dec 3, 2014 9:17:05 PM FingerPrint computeMagnitude
INFO: FingerPrint: :10044.0:49124.0:88681.0:207657.0:380372.0:799006.0:1464083.0:3056278.0:6050580.0:1.1939201E7 Result :2.4045026E7
Dec 3, 2014 9:17:05 PM FingerPrint scan
INFO: Processing chunk : 436207616
Dec 3, 2014 9:17:05 PM FingerPrint computeMagnitude
INFO: FingerPrint: :20226.0:62560.0:70591.0:150796.0:356276.0:688281.0:1404711.0:2739271.0:5424399.0:1.0962151E7 Result :2.1879262E7
Dec 3, 2014 9:17:05 PM FingerPrint scan
INFO: Processing chunk : 452984832
Dec 3, 2014 9:17:05 PM FingerPrint computeMagnitude
INFO: FingerPrint: :27982.0:37012.0:108158.0:188707.0:401760.0:775149.0:1573291.0:3064714.0:6207376.0:1.2507416E7 Result :2.4891565E7
Dec 3, 2014 9:17:05 PM FingerPrint scan
INFO: Processing chunk : 469762048
Dec 3, 2014 9:17:05 PM FingerPrint computeMagnitude
INFO: FingerPrint: :54927.0:88567.0:95825.0:203977.0:454862.0:941187.0:1797964.0:3741281.0:7397521.0:1.4780238E7 Result :2.9556349E7
Dec 3, 2014 9:17:05 PM FingerPrint scan
INFO: Processing chunk : 486539264
Dec 3, 2014 9:17:05 PM FingerPrint computeMagnitude
INFO: FingerPrint: :15278.0:36585.0:62987.0:129419.0:370291.0:698129.0:1415602.0:2763277.0:5325057.0:1.0758868E7 Result :2.1575493E7
Dec 3, 2014 9:17:05 PM FingerPrint scan
INFO: Processing chunk : 503316480
Dec 3, 2014 9:17:05 PM FingerPrint computeMagnitude
INFO: FingerPrint: :10363.0:40767.0:63509.0:122944.0:352685.0:532063.0:1112721.0:2258503.0:4376044.0:8937310.0 Result :1.7806909E7
Dec 3, 2014 9:17:05 PM FingerPrint scan
INFO: Processing chunk : 520093696
Dec 3, 2014 9:17:05 PM FingerPrint computeMagnitude
INFO: FingerPrint: :38409.0:18538.0:109088.0:219163.0:365244.0:826664.0:1576836.0:3097965.0:6302155.0:1.2546007E7 Result :2.5100069E7
Dec 3, 2014 9:17:05 PM FingerPrint scan
INFO: Processing chunk : 536870912
Dec 3, 2014 9:17:05 PM FingerPrint computeMagnitude
INFO: FingerPrint: :27964.0:58969.0:72228.0:119379.0:270952.0:531182.0:1155886.0:2267687.0:4486621.0:9062382.0 Result :1.805325E7
Dec 3, 2014 9:17:05 PM FingerPrint scan
INFO: Processing chunk : 553648128
Dec 3, 2014 9:17:05 PM FingerPrint computeMagnitude
INFO: FingerPrint: :20818.0:44689.0:111948.0:212154.0:441043.0:749483.0:1701906.0:3332584.0:6537604.0:1.3209165E7 Result :2.6361394E7
Dec 3, 2014 9:17:05 PM FingerPrint scan
INFO: Processing chunk : 570425344
Dec 3, 2014 9:17:05 PM FingerPrint computeMagnitude
INFO: FingerPrint: :16165.0:46355.0:58598.0:146787.0:328567.0:595185.0:1222249.0:2415362.0:4772886.0:9572035.0 Result :1.9174189E7
Dec 3, 2014 9:17:05 PM FingerPrint scan
INFO: Processing chunk : 587202560
Dec 3, 2014 9:17:05 PM FingerPrint computeMagnitude
INFO: FingerPrint: :2252.0:4545.0:9727.0:18673.0:33640.0:68388.0:136397.0:273743.0:550162.0:1093341.0 Result :2190868.0
Dec 3, 2014 9:17:05 PM FingerPrint scan
INFO: Processing chunk : 603979776
Dec 3, 2014 9:17:05 PM FingerPrint computeMagnitude
INFO: FingerPrint: :6307.0:20509.0:51194.0:77811.0:164040.0:314771.0:618617.0:1253229.0:2495992.0:4981944.0 Result :9984414.0
Dec 3, 2014 9:17:05 PM FingerPrint scan
INFO: Processing chunk : 620756992
Dec 3, 2014 9:17:05 PM FingerPrint computeMagnitude
INFO: FingerPrint: :27650.0:77587.0:88461.0:198127.0:397019.0:803355.0:1649226.0:3232202.0:6442797.0:1.2970261E7 Result :2.5886685E7
Dec 3, 2014 9:17:05 PM FingerPrint scan
INFO: Processing chunk : 637534208
Dec 3, 2014 9:17:05 PM FingerPrint computeMagnitude
INFO: FingerPrint: :15024.0:34585.0:63390.0:190731.0:309716.0:566049.0:1217072.0:2501548.0:5018859.0:9999519.0 Result :1.9916493E7
Dec 3, 2014 9:17:05 PM FingerPrint scan
INFO: Processing chunk : 654311424
Dec 3, 2014 9:17:05 PM FingerPrint computeMagnitude
INFO: FingerPrint: :27248.0:80069.0:74925.0:145134.0:399509.0:702922.0:1458321.0:2901175.0:5786377.0:1.1554911E7 Result :2.3130591E7
Dec 3, 2014 9:17:05 PM FingerPrint scan
INFO: Processing chunk : 671088640
Dec 3, 2014 9:17:05 PM FingerPrint computeMagnitude
INFO: FingerPrint: :16428.0:37374.0:93631.0:228835.0:433301.0:824300.0:1633387.0:3353186.0:6574915.0:1.3202678E7 Result :2.6398035E7
Dec 3, 2014 9:17:05 PM FingerPrint scan
INFO: Processing chunk : 687865856
Dec 3, 2014 9:17:05 PM FingerPrint computeMagnitude
INFO: FingerPrint: :39856.0:42100.0:47578.0:159842.0:226551.0:517958.0:1015869.0:1914757.0:3959477.0:8067481.0 Result :1.5991469E7
Dec 3, 2014 9:17:05 PM FingerPrint scan
INFO: Processing chunk : 704643072
Dec 3, 2014 9:17:05 PM FingerPrint computeMagnitude
INFO: FingerPrint: :10119.0:35899.0:73858.0:150336.0:285310.0:495654.0:1025292.0:2156941.0:4237861.0:8510185.0 Result :1.6981455E7
Dec 3, 2014 9:17:05 PM FingerPrint scan
INFO: Processing chunk : 721420288
Dec 3, 2014 9:17:05 PM FingerPrint computeMagnitude
INFO: FingerPrint: :23746.0:49067.0:36634.0:168263.0:311641.0:660679.0:1309387.0:2521556.0:5116057.0:1.0184527E7 Result :2.0381557E7
Dec 3, 2014 9:17:05 PM FingerPrint scan
INFO: Processing chunk : 738197504
Dec 3, 2014 9:17:05 PM FingerPrint computeMagnitude
INFO: FingerPrint: :10737.0:44779.0:44103.0:137338.0:221650.0:527275.0:1010033.0:2077352.0:4027542.0:8085106.0 Result :1.6185915E7
Dec 3, 2014 9:17:05 PM FingerPrint scan
INFO: Processing chunk : 754974720
Dec 3, 2014 9:17:05 PM FingerPrint computeMagnitude
INFO: FingerPrint: :18527.0:37525.0:153262.0:238242.0:478859.0:897569.0:1737170.0:3464321.0:7094316.0:1.40765E7 Result :2.8196291E7
Dec 3, 2014 9:17:05 PM FingerPrint scan
INFO: Processing chunk : 771751936
Dec 3, 2014 9:17:05 PM FingerPrint computeMagnitude
INFO: FingerPrint: :43196.0:59683.0:101687.0:257150.0:369147.0:837710.0:1724000.0:3394554.0:6886605.0:1.3721447E7 Result :2.7395179E7
Dec 3, 2014 9:17:05 PM FingerPrint scan
INFO: Processing chunk : 788529152
Dec 3, 2014 9:17:05 PM FingerPrint computeMagnitude
INFO: FingerPrint: :14364.0:52284.0:121576.0:207485.0:431308.0:864326.0:1651523.0:3395168.0:6720090.0:1.3367389E7 Result :2.6825513E7
Dec 3, 2014 9:17:05 PM FingerPrint scan
INFO: Processing chunk : 805306368
Dec 3, 2014 9:17:05 PM FingerPrint computeMagnitude
INFO: FingerPrint: :3513.0:59929.0:99843.0:167917.0:378470.0:679791.0:1425964.0:2814450.0:5597574.0:1.1310731E7 Result :2.2538182E7
Dec 3, 2014 9:17:05 PM FingerPrint scan
INFO: Processing chunk : 822083584
Dec 3, 2014 9:17:05 PM FingerPrint computeMagnitude
INFO: FingerPrint: :18340.0:66726.0:71375.0:162269.0:332580.0:566328.0:1357002.0:2540854.0:5083047.0:1.0296381E7 Result :2.0494902E7
Dec 3, 2014 9:17:05 PM FingerPrint scan
INFO: Processing chunk : 838860800
Dec 3, 2014 9:17:05 PM FingerPrint computeMagnitude
INFO: FingerPrint: :11893.0:31486.0:53605.0:105257.0:175744.0:448326.0:927310.0:1754894.0:3517512.0:6978538.0 Result :1.4004565E7
Dec 3, 2014 9:17:05 PM FingerPrint scan
INFO: Processing chunk : 855638016
Dec 3, 2014 9:17:05 PM FingerPrint computeMagnitude
INFO: FingerPrint: :27298.0:21298.0:156600.0:261493.0:492020.0:986357.0:1765097.0:3704935.0:7452330.0:1.4802037E7 Result :2.9669465E7
Dec 3, 2014 9:17:05 PM FingerPrint scan
INFO: Processing chunk : 872415232
Dec 3, 2014 9:17:05 PM FingerPrint computeMagnitude
INFO: FingerPrint: :27146.0:58009.0:80907.0:207580.0:393483.0:873291.0:1747027.0:3550769.0:6988044.0:1.4026754E7 Result :2.795301E7
Dec 3, 2014 9:17:05 PM FingerPrint scan
INFO: Processing chunk : 889192448
Dec 3, 2014 9:17:05 PM FingerPrint computeMagnitude
INFO: FingerPrint: :16286.0:64938.0:112343.0:229867.0:430934.0:833397.0:1719123.0:3382957.0:6796162.0:1.3632914E7 Result :2.7218921E7
Dec 3, 2014 9:17:05 PM FingerPrint scan
INFO: Processing chunk : 905969664
Dec 3, 2014 9:17:05 PM FingerPrint computeMagnitude
INFO: FingerPrint: :11801.0:24382.0:97528.0:135712.0:335092.0:652481.0:1222749.0:2522737.0:5034862.0:9984283.0 Result :2.0021627E7
Dec 3, 2014 9:17:05 PM FingerPrint scan
INFO: Processing chunk : 922746880
Dec 3, 2014 9:17:05 PM FingerPrint computeMagnitude
INFO: FingerPrint: :3166.0:5990.0:9455.0:19310.0:42260.0:77621.0:167994.0:337281.0:660152.0:1335025.0 Result :2658254.0
Dec 3, 2014 9:17:05 PM FingerPrint scan
INFO: Processing chunk : 939524096
Dec 3, 2014 9:17:05 PM FingerPrint computeMagnitude
INFO: FingerPrint: :1273.0:1835.0:3124.0:6420.0:11354.0:24732.0:51358.0:98340.0:199178.0:401403.0 Result :799017.0
Dec 3, 2014 9:17:05 PM FingerPrint scan
INFO: Processing chunk : 956301312
Dec 3, 2014 9:17:05 PM FingerPrint computeMagnitude
INFO: FingerPrint: :17450.0:62555.0:98755.0:216935.0:427314.0:931614.0:1838910.0:3631224.0:7346211.0:1.4592306E7 Result :2.9163274E7
Dec 3, 2014 9:17:05 PM FingerPrint scan
INFO: Processing chunk : 973078528
Dec 3, 2014 9:17:05 PM FingerPrint computeMagnitude
INFO: FingerPrint: :14721.0:57512.0:48283.0:132633.0:285606.0:534710.0:1191060.0:2317833.0:4597217.0:9206458.0 Result :1.8386033E7
Dec 3, 2014 9:17:05 PM FingerPrint scan
INFO: Processing chunk : 989855744
Dec 3, 2014 9:17:05 PM FingerPrint computeMagnitude
INFO: FingerPrint: :13059.0:26048.0:86240.0:214755.0:376565.0:705816.0:1433739.0:2830379.0:5637308.0:1.1310157E7 Result :2.2634066E7
Dec 3, 2014 9:17:05 PM FingerPrint scan
INFO: Processing chunk : 1006632960
Dec 3, 2014 9:17:05 PM FingerPrint computeMagnitude
INFO: FingerPrint: :17650.0:30700.0:101616.0:141856.0:309502.0:587318.0:1121629.0:2301179.0:4637538.0:9283184.0 Result :1.8532172E7
Dec 3, 2014 9:17:05 PM FingerPrint scan
INFO: Processing chunk : 1023410176
Dec 3, 2014 9:17:05 PM FingerPrint computeMagnitude
INFO: FingerPrint: :9928.0:11440.0:41962.0:38236.0:106598.0:257024.0:425882.0:813107.0:1797910.0:3423480.0 Result :6925567.0
Dec 3, 2014 9:17:05 PM FingerPrint scan
INFO: Processing chunk : 1040187392
Dec 3, 2014 9:17:06 PM FingerPrint computeMagnitude
INFO: FingerPrint: :955.0:1371.0:2778.0:6927.0:12822.0:24179.0:49675.0:100320.0:197959.0:397938.0 Result :794924.0
Dec 3, 2014 9:17:06 PM FingerPrint scan
INFO: Processing chunk : 1056964608
Dec 3, 2014 9:17:06 PM FingerPrint computeMagnitude
INFO: FingerPrint: :30274.0:59550.0:54688.0:201698.0:373721.0:774068.0:1599353.0:3113402.0:6002431.0:1.2387965E7 Result :2.459715E7
Dec 3, 2014 9:17:06 PM FingerPrint scan
INFO: Processing chunk : 1073741824
Dec 3, 2014 9:17:06 PM FingerPrint computeMagnitude
INFO: FingerPrint: :13576.0:34685.0:85194.0:184339.0:280912.0:553375.0:1257266.0:2380622.0:4819727.0:9758322.0 Result :1.9368018E7
Dec 3, 2014 9:17:06 PM FingerPrint scan
INFO: Processing chunk : 1090519040
Dec 3, 2014 9:17:06 PM FingerPrint computeMagnitude
INFO: FingerPrint: :27351.0:67073.0:83374.0:161817.0:358854.0:628448.0:1376311.0:2851272.0:5452242.0:1.1020287E7 Result :2.2027029E7
Dec 3, 2014 9:17:06 PM FingerPrint scan
INFO: Processing chunk : 1107296256
Dec 3, 2014 9:17:06 PM FingerPrint computeMagnitude
INFO: FingerPrint: :20686.0:36626.0:58529.0:130963.0:232660.0:456696.0:923948.0:1863642.0:3738053.0:7472317.0 Result :1.493412E7
Dec 3, 2014 9:17:06 PM FingerPrint scan
INFO: Processing chunk : 1124073472
Dec 3, 2014 9:17:06 PM FingerPrint computeMagnitude
INFO: FingerPrint: :38583.0:50203.0:107393.0:176261.0:453764.0:892065.0:1730912.0:3390733.0:7032029.0:1.3868561E7 Result :2.7740504E7
Dec 3, 2014 9:17:06 PM FingerPrint scan
INFO: Processing chunk : 1140850688
Dec 3, 2014 9:17:06 PM FingerPrint computeMagnitude
INFO: FingerPrint: :27629.0:52077.0:152595.0:287309.0:415562.0:952456.0:1832333.0:3691613.0:7458575.0:1.4793636E7 Result :2.9663785E7
Dec 3, 2014 9:17:06 PM FingerPrint scan
INFO: Processing chunk : 1157627904
Dec 3, 2014 9:17:06 PM FingerPrint computeMagnitude
INFO: FingerPrint: :13510.0:62297.0:83895.0:229327.0:461055.0:902319.0:1915675.0:3612316.0:7178567.0:1.4581143E7 Result :2.9040104E7
Dec 3, 2014 9:17:06 PM FingerPrint scan
INFO: Processing chunk : 1174405120
Dec 3, 2014 9:17:06 PM FingerPrint computeMagnitude
INFO: FingerPrint: :56526.0:67295.0:118265.0:250765.0:539275.0:1097127.0:2034943.0:4119673.0:8299512.0:1.6507549E7 Result :3.309093E7
Dec 3, 2014 9:17:06 PM FingerPrint scan
INFO: Processing chunk : 1191182336
Dec 3, 2014 9:17:06 PM FingerPrint computeMagnitude
INFO: FingerPrint: :35654.0:62115.0:96322.0:207826.0:348936.0:713208.0:1335329.0:2801477.0:5784655.0:1.1127464E7 Result :2.2512986E7
Dec 3, 2014 9:17:06 PM FingerPrint scan
INFO: Processing chunk : 1207959552
Dec 3, 2014 9:17:06 PM FingerPrint computeMagnitude
INFO: FingerPrint: :8811.0:19714.0:37397.0:86772.0:133045.0:261262.0:588177.0:1110970.0:2136362.0:4203607.0 Result :8586117.0
Dec 3, 2014 9:17:06 PM FingerPrint scan
INFO: Processing chunk : 1224736768
Dec 3, 2014 9:17:06 PM FingerPrint computeMagnitude
INFO: FingerPrint: :40979.0:29703.0:104646.0:206359.0:461870.0:854943.0:1684544.0:3337427.0:6722041.0:1.3469336E7 Result :2.6911848E7
Dec 3, 2014 9:17:06 PM FingerPrint scan
INFO: Processing chunk : 1241513984
Dec 3, 2014 9:17:06 PM FingerPrint computeMagnitude
INFO: FingerPrint: :8621.0:49669.0:58411.0:111437.0:248967.0:483185.0:996451.0:1990235.0:3944975.0:7905642.0 Result :1.5797593E7
Dec 3, 2014 9:17:06 PM FingerPrint scan
INFO: Processing chunk : 1258291200
Dec 3, 2014 9:17:06 PM FingerPrint computeMagnitude
INFO: FingerPrint: :17074.0:28014.0:57985.0:167234.0:298211.0:629193.0:1288569.0:2316947.0:4938981.0:9855354.0 Result :1.9597562E7
Dec 3, 2014 9:17:06 PM FingerPrint scan
INFO: Processing chunk : 1275068416
Dec 3, 2014 9:17:06 PM FingerPrint computeMagnitude
INFO: FingerPrint: :20559.0:44709.0:56957.0:138201.0:297908.0:622316.0:1245797.0:2529469.0:4968752.0:1.0111395E7 Result :2.0036063E7
Dec 3, 2014 9:17:06 PM FingerPrint scan
INFO: Processing chunk : 1291845632
Dec 3, 2014 9:17:06 PM FingerPrint computeMagnitude
INFO: FingerPrint: :11488.0:22083.0:39302.0:90494.0:172441.0:369355.0:734107.0:1483064.0:2919331.0:5798521.0 Result :1.1640186E7
Dec 3, 2014 9:17:06 PM FingerPrint scan
INFO: Processing chunk : 1308622848
Dec 3, 2014 9:17:06 PM FingerPrint computeMagnitude
INFO: FingerPrint: :1602.0:1613.0:2675.0:8229.0:17312.0:29831.0:60047.0:123892.0:242787.0:491825.0 Result :979813.0
Dec 3, 2014 9:17:06 PM FingerPrint scan
INFO: Processing chunk : 1325400064
Dec 3, 2014 9:17:06 PM FingerPrint computeMagnitude
INFO: FingerPrint: :12954.0:56566.0:137939.0:172915.0:465248.0:873912.0:1702503.0:3563165.0:6952146.0:1.3869093E7 Result :2.7806441E7
Dec 3, 2014 9:17:06 PM FingerPrint scan
INFO: Processing chunk : 1342177280
Dec 3, 2014 9:17:06 PM FingerPrint computeMagnitude
INFO: FingerPrint: :43528.0:62335.0:74921.0:178754.0:359679.0:633087.0:1490478.0:2806427.0:5598154.0:1.1430139E7 Result :2.2677502E7
Dec 3, 2014 9:17:06 PM FingerPrint scan
INFO: Processing chunk : 1358954496
Dec 3, 2014 9:17:06 PM FingerPrint computeMagnitude
INFO: FingerPrint: :9172.0:22106.0:32808.0:144359.0:260514.0:650669.0:1099058.0:2289687.0:4582908.0:8747799.0 Result :1.783908E7
Dec 3, 2014 9:17:06 PM FingerPrint scan
INFO: Processing chunk : 1375731712
Dec 3, 2014 9:17:06 PM FingerPrint computeMagnitude
INFO: FingerPrint: :9009.0:25017.0:50656.0:85900.0:217785.0:432514.0:733873.0:1464862.0:3009066.0:5771825.0 Result :1.1800507E7
Dec 3, 2014 9:17:06 PM FingerPrint scan
INFO: Processing chunk : 1392508928
Dec 3, 2014 9:17:06 PM FingerPrint computeMagnitude
INFO: FingerPrint: :12039.0:93383.0:83058.0:169860.0:467114.0:916821.0:1684062.0:3546650.0:6932600.0:1.3875148E7 Result :2.7780735E7
Dec 3, 2014 9:17:06 PM FingerPrint scan
INFO: Processing chunk : 1409286144
Dec 3, 2014 9:17:06 PM FingerPrint computeMagnitude
INFO: FingerPrint: :18346.0:42454.0:74507.0:157453.0:326151.0:609877.0:1244658.0:2602568.0:5060071.0:1.011645E7 Result :2.0252535E7
Dec 3, 2014 9:17:06 PM FingerPrint scan
INFO: Processing chunk : 1426063360
Dec 3, 2014 9:17:06 PM FingerPrint computeMagnitude
INFO: FingerPrint: :6865.0:17060.0:42480.0:92369.0:170973.0:346126.0:721111.0:1562130.0:3114031.0:6025809.0 Result :1.2098954E7
Dec 3, 2014 9:17:06 PM FingerPrint scan
INFO: Processing chunk : 1442840576
Dec 3, 2014 9:17:06 PM FingerPrint computeMagnitude
INFO: FingerPrint: :403.0:2519.0:3110.0:7845.0:17399.0:29073.0:65172.0:123146.0:250983.0:500064.0 Result :999714.0
Dec 3, 2014 9:17:06 PM FingerPrint scan
INFO: Processing chunk : 1459617792
Dec 3, 2014 9:17:06 PM FingerPrint computeMagnitude
INFO: FingerPrint: :18161.0:38748.0:65196.0:166922.0:296952.0:614368.0:1187859.0:2401072.0:4770511.0:9538472.0 Result :1.9098261E7
Dec 3, 2014 9:17:06 PM FingerPrint scan
INFO: Processing chunk : 1476395008
Dec 3, 2014 9:17:06 PM FingerPrint computeMagnitude
INFO: FingerPrint: :13716.0:36916.0:68567.0:119855.0:279661.0:507304.0:1052267.0:2054612.0:4098049.0:8315712.0 Result :1.6546659E7
Dec 3, 2014 9:17:06 PM FingerPrint scan
INFO: Processing chunk : 1493172224
Dec 3, 2014 9:17:06 PM FingerPrint computeMagnitude
INFO: FingerPrint: :8721.0:20726.0:31781.0:114654.0:198473.0:418952.0:766474.0:1576573.0:3056464.0:6223723.0 Result :1.2416541E7
Dec 3, 2014 9:17:06 PM FingerPrint scan
INFO: Processing chunk : 1509949440
Dec 3, 2014 9:17:06 PM FingerPrint computeMagnitude
INFO: FingerPrint: :1629.0:1654.0:1759.0:8183.0:15521.0:26825.0:53755.0:107015.0:215573.0:433607.0 Result :865521.0
Dec 3, 2014 9:17:06 PM FingerPrint scan
INFO: Processing chunk : 1526726656
Dec 3, 2014 9:17:06 PM FingerPrint computeMagnitude
INFO: FingerPrint: :22448.0:48382.0:96080.0:144365.0:304416.0:607574.0:1145684.0:2404759.0:4753430.0:9487838.0 Result :1.9014976E7
Dec 3, 2014 9:17:06 PM FingerPrint scan
INFO: Processing chunk : 1543503872
Dec 3, 2014 9:17:06 PM FingerPrint computeMagnitude
INFO: FingerPrint: :5664.0:25353.0:121214.0:190642.0:421651.0:738832.0:1585272.0:3182769.0:6262138.0:1.2495581E7 Result :2.5029116E7
Dec 3, 2014 9:17:06 PM FingerPrint scan
INFO: Processing chunk : 1560281088
Dec 3, 2014 9:17:06 PM FingerPrint computeMagnitude
INFO: FingerPrint: :16443.0:22843.0:59349.0:120257.0:241989.0:406266.0:874705.0:1736746.0:3383019.0:6937230.0 Result :1.3798847E7
Dec 3, 2014 9:17:06 PM FingerPrint scan
INFO: Processing chunk : 1577058304
Dec 3, 2014 9:17:06 PM FingerPrint computeMagnitude
INFO: FingerPrint: :1665.0:4845.0:6573.0:24293.0:40267.0:87816.0:152995.0:388577.0:757505.0:1541274.0 Result :3005810.0
Dec 3, 2014 9:17:06 PM FingerPrint scan
INFO: Processing chunk : 1593835520
Dec 3, 2014 9:17:06 PM FingerPrint computeMagnitude
INFO: FingerPrint: :33490.0:39505.0:95538.0:195386.0:315689.0:700927.0:1487740.0:2880947.0:5813439.0:1.1646864E7 Result :2.3209525E7
Dec 3, 2014 9:17:06 PM FingerPrint scan
INFO: Processing chunk : 1610612736
Dec 3, 2014 9:17:06 PM FingerPrint computeMagnitude
INFO: FingerPrint: :19425.0:29912.0:120124.0:148987.0:369627.0:734321.0:1413196.0:2972007.0:5779794.0:1.15682E7 Result :2.3155593E7
Dec 3, 2014 9:17:06 PM FingerPrint scan
INFO: Processing chunk : 1627389952
Dec 3, 2014 9:17:06 PM FingerPrint computeMagnitude
INFO: FingerPrint: :19774.0:34956.0:65474.0:197076.0:337718.0:761932.0:1407956.0:2798987.0:5696657.0:1.1289828E7 Result :2.2610358E7
Dec 3, 2014 9:17:06 PM FingerPrint scan
INFO: Processing chunk : 1644167168
Dec 3, 2014 9:17:06 PM FingerPrint computeMagnitude
INFO: FingerPrint: :21147.0:42682.0:95858.0:147305.0:299693.0:620806.0:1312207.0:2569573.0:5174992.0:1.0316428E7 Result :2.0600691E7
Dec 3, 2014 9:17:06 PM FingerPrint scan
INFO: Processing chunk : 1660944384
Dec 3, 2014 9:17:06 PM FingerPrint computeMagnitude
INFO: FingerPrint: :11361.0:41551.0:43229.0:122000.0:252396.0:494524.0:960694.0:1932622.0:3795779.0:7651113.0 Result :1.5305269E7
Dec 3, 2014 9:17:06 PM FingerPrint scan
INFO: Processing chunk : 1677721600
Dec 3, 2014 9:17:06 PM FingerPrint computeMagnitude
INFO: FingerPrint: :9153.0:28598.0:34994.0:61356.0:143654.0:243189.0:590295.0:1121589.0:2123285.0:4453299.0 Result :8809412.0
Dec 3, 2014 9:17:06 PM FingerPrint scan
INFO: Processing chunk : 1694498816
Dec 3, 2014 9:17:06 PM FingerPrint computeMagnitude
INFO: FingerPrint: :11650.0:56945.0:90279.0:193940.0:459549.0:804649.0:1589402.0:3271178.0:6450688.0:1.2851784E7 Result :2.5780064E7
Dec 3, 2014 9:17:06 PM FingerPrint scan
INFO: Processing chunk : 1711276032
Dec 3, 2014 9:17:06 PM FingerPrint computeMagnitude
INFO: FingerPrint: :49112.0:43966.0:63780.0:188179.0:401041.0:745593.0:1357643.0:2811588.0:5696649.0:1.1348307E7 Result :2.2705858E7
Dec 3, 2014 9:17:06 PM FingerPrint scan
INFO: Processing chunk : 1728053248
Dec 3, 2014 9:17:06 PM FingerPrint computeMagnitude
INFO: FingerPrint: :44207.0:43892.0:93025.0:186597.0:411122.0:800648.0:1650978.0:3199404.0:6206216.0:1.2329749E7 Result :2.4965838E7
Dec 3, 2014 9:17:06 PM FingerPrint scan
INFO: Processing chunk : 1744830464
Dec 3, 2014 9:17:06 PM FingerPrint computeMagnitude
INFO: FingerPrint: :24270.0:33377.0:58390.0:113212.0:233379.0:502643.0:991784.0:1917447.0:3676708.0:7376322.0 Result :1.4927532E7
Dec 3, 2014 9:17:06 PM FingerPrint scan
INFO: Processing chunk : 1761607680
Dec 3, 2014 9:17:06 PM FingerPrint computeMagnitude
INFO: FingerPrint: :20114.0:35509.0:71449.0:220666.0:352948.0:683873.0:1419021.0:2701816.0:5545134.0:1.0916811E7 Result :2.1967341E7
Dec 3, 2014 9:17:06 PM FingerPrint scan
INFO: Processing chunk : 1778384896
Dec 3, 2014 9:17:06 PM FingerPrint computeMagnitude
INFO: FingerPrint: :10227.0:26884.0:51176.0:89196.0:234016.0:453348.0:867617.0:1812308.0:3758667.0:7081853.0 Result :1.4385292E7
Dec 3, 2014 9:17:06 PM AudioFileComparator fingerPrint
INFO: Trying to get fingerprint for file : /course/cs5500f14/Assignments/A5/z05.wav
Dec 3, 2014 9:17:07 PM FingerPrint scan
INFO: Processing chunk : 0
Dec 3, 2014 9:17:07 PM FingerPrint computeMagnitude
INFO: FingerPrint: :23710.0:60734.0:126694.0:325456.0:605583.0:1152036.0:2374822.0:4693038.0:9361330.0:1.8745788E7 Result :3.7469191E7
Dec 3, 2014 9:17:07 PM FingerPrint scan
INFO: Processing chunk : 16777216
Dec 3, 2014 9:17:07 PM FingerPrint computeMagnitude
INFO: FingerPrint: :68833.0:73523.0:143005.0:309112.0:665944.0:1196338.0:2403548.0:4975051.0:9746020.0:1.9559704E7 Result :3.9141078E7
Dec 3, 2014 9:17:07 PM FingerPrint scan
INFO: Processing chunk : 33554432
Dec 3, 2014 9:17:07 PM FingerPrint computeMagnitude
INFO: FingerPrint: :10494.0:116497.0:146902.0:318538.0:609752.0:1264192.0:2538614.0:4972170.0:1.0139498E7:2.017577E7 Result :4.0292427E7
Dec 3, 2014 9:17:07 PM FingerPrint scan
INFO: Processing chunk : 50331648
Dec 3, 2014 9:17:07 PM FingerPrint computeMagnitude
INFO: FingerPrint: :51718.0:87847.0:125266.0:318290.0:660089.0:1251183.0:2494900.0:5050135.0:1.0044177E7:2.0060402E7 Result :4.0144007E7
Dec 3, 2014 9:17:07 PM FingerPrint scan
INFO: Processing chunk : 67108864
Dec 3, 2014 9:17:07 PM FingerPrint computeMagnitude
INFO: FingerPrint: :28379.0:96410.0:141600.0:299452.0:622346.0:1189152.0:2424158.0:4835282.0:9695510.0:1.9422402E7 Result :3.8754691E7
Dec 3, 2014 9:17:07 PM FingerPrint scan
INFO: Processing chunk : 83886080
Dec 3, 2014 9:17:07 PM FingerPrint computeMagnitude
INFO: FingerPrint: :45954.0:66514.0:151023.0:269228.0:590634.0:1104364.0:2327543.0:4624977.0:9255096.0:1.8526634E7 Result :3.6961967E7
Dec 3, 2014 9:17:07 PM FingerPrint scan
INFO: Processing chunk : 100663296
Dec 3, 2014 9:17:07 PM FingerPrint computeMagnitude
INFO: FingerPrint: :48457.0:77512.0:140104.0:276264.0:506989.0:1098081.0:2140944.0:4342021.0:8684245.0:1.7300759E7 Result :3.4615376E7
Dec 3, 2014 9:17:07 PM FingerPrint scan
INFO: Processing chunk : 117440512
Dec 3, 2014 9:17:07 PM FingerPrint computeMagnitude
INFO: FingerPrint: :17011.0:43253.0:74903.0:163197.0:279564.0:637937.0:1223898.0:2458378.0:4953139.0:9817046.0 Result :1.9668326E7
Dec 3, 2014 9:17:07 PM FingerPrint scan
INFO: Processing chunk : 134217728
Dec 3, 2014 9:17:07 PM FingerPrint computeMagnitude
INFO: FingerPrint: :13455.0:79127.0:148139.0:282145.0:486519.0:1011210.0:2084288.0:4106270.0:8338075.0:1.6636856E7 Result :3.3186084E7
Dec 3, 2014 9:17:07 PM FingerPrint scan
INFO: Processing chunk : 150994944
Dec 3, 2014 9:17:07 PM FingerPrint computeMagnitude
INFO: FingerPrint: :45098.0:87751.0:126513.0:266261.0:541842.0:1135232.0:2191343.0:4415913.0:8812239.0:1.7594206E7 Result :3.5216398E7
Dec 3, 2014 9:17:07 PM FingerPrint scan
INFO: Processing chunk : 167772160
Dec 3, 2014 9:17:07 PM FingerPrint computeMagnitude
INFO: FingerPrint: :34624.0:64500.0:119967.0:297157.0:614076.0:1116148.0:2320878.0:4607475.0:9219927.0:1.8469444E7 Result :3.6864196E7
Dec 3, 2014 9:17:07 PM FingerPrint scan
INFO: Processing chunk : 184549376
Dec 3, 2014 9:17:07 PM FingerPrint computeMagnitude
INFO: FingerPrint: :30153.0:99205.0:165670.0:278101.0:591845.0:1202253.0:2385647.0:4800376.0:9609506.0:1.9217901E7 Result :3.8380657E7
Dec 3, 2014 9:17:07 PM FingerPrint scan
INFO: Processing chunk : 201326592
Dec 3, 2014 9:17:07 PM FingerPrint computeMagnitude
INFO: FingerPrint: :14697.0:63787.0:98271.0:321280.0:583574.0:1179678.0:2193877.0:4452278.0:8910791.0:1.7648012E7 Result :3.5466245E7
Dec 3, 2014 9:17:07 PM FingerPrint scan
INFO: Processing chunk : 218103808
Dec 3, 2014 9:17:07 PM FingerPrint computeMagnitude
INFO: FingerPrint: :9868.0:68048.0:130930.0:339576.0:628045.0:1200080.0:2426651.0:4794523.0:9618161.0:1.9236257E7 Result :3.8452139E7
Dec 3, 2014 9:17:07 PM FingerPrint scan
INFO: Processing chunk : 234881024
Dec 3, 2014 9:17:07 PM FingerPrint computeMagnitude
INFO: FingerPrint: :45505.0:36379.0:100679.0:269861.0:537161.0:872007.0:1947840.0:4130785.0:7828179.0:1.5831281E7 Result :3.1599677E7
Dec 3, 2014 9:17:07 PM FingerPrint scan
INFO: Processing chunk : 251658240
Dec 3, 2014 9:17:07 PM FingerPrint computeMagnitude
INFO: FingerPrint: :57048.0:77980.0:92474.0:267053.0:607158.0:1155824.0:2312873.0:4684056.0:9254891.0:1.8590583E7 Result :3.709994E7
Dec 3, 2014 9:17:07 PM FingerPrint scan
INFO: Processing chunk : 268435456
Dec 3, 2014 9:17:07 PM FingerPrint computeMagnitude
INFO: FingerPrint: :9955.0:48184.0:159290.0:270460.0:511823.0:1099625.0:2207858.0:4155318.0:8469764.0:1.6956171E7 Result :3.3888448E7
Dec 3, 2014 9:17:07 PM FingerPrint scan
INFO: Processing chunk : 285212672
Dec 3, 2014 9:17:07 PM FingerPrint computeMagnitude
INFO: FingerPrint: :47748.0:36509.0:181491.0:255687.0:456115.0:850231.0:1851328.0:3579001.0:7305761.0:1.4665984E7 Result :2.9229855E7
Dec 3, 2014 9:17:07 PM FingerPrint scan
INFO: Processing chunk : 301989888
Dec 3, 2014 9:17:07 PM FingerPrint computeMagnitude
INFO: FingerPrint: :23517.0:77662.0:101302.0:209120.0:363831.0:816731.0:1594465.0:3139552.0:6391450.0:1.2724768E7 Result :2.5442398E7
Dec 3, 2014 9:17:07 PM FingerPrint scan
INFO: Processing chunk : 318767104
Dec 3, 2014 9:17:07 PM FingerPrint computeMagnitude
INFO: FingerPrint: :22244.0:16496.0:95372.0:189865.0:445414.0:594136.0:1524887.0:2848782.0:5640070.0:1.1587004E7 Result :2.296427E7
Dec 3, 2014 9:17:07 PM FingerPrint scan
INFO: Processing chunk : 335544320
Dec 3, 2014 9:17:07 PM FingerPrint computeMagnitude
INFO: FingerPrint: :23122.0:35018.0:83671.0:128890.0:273054.0:702661.0:1189198.0:2470653.0:4962729.0:9818936.0 Result :1.9687932E7
Dec 3, 2014 9:17:07 PM FingerPrint scan
INFO: Processing chunk : 352321536
Dec 3, 2014 9:17:07 PM FingerPrint computeMagnitude
INFO: FingerPrint: :36988.0:21213.0:108700.0:254078.0:511788.0:987927.0:1832983.0:3785878.0:7568837.0:1.4977308E7 Result :3.00857E7
Dec 3, 2014 9:17:07 PM FingerPrint scan
INFO: Processing chunk : 369098752
Dec 3, 2014 9:17:07 PM FingerPrint computeMagnitude
INFO: FingerPrint: :15708.0:71499.0:73547.0:236258.0:415338.0:749966.0:1588278.0:3114152.0:6230317.0:1.2612474E7 Result :2.5107537E7
Dec 3, 2014 9:17:07 PM FingerPrint scan
INFO: Processing chunk : 385875968
Dec 3, 2014 9:17:07 PM FingerPrint computeMagnitude
INFO: FingerPrint: :39698.0:44582.0:65469.0:165816.0:457418.0:712451.0:1641073.0:3191590.0:6156225.0:1.2574834E7 Result :2.5049156E7
Dec 3, 2014 9:17:07 PM FingerPrint scan
INFO: Processing chunk : 402653184
Dec 3, 2014 9:17:07 PM FingerPrint computeMagnitude
INFO: FingerPrint: :20436.0:72651.0:93132.0:227834.0:498954.0:988797.0:1927824.0:3910107.0:7792220.0:1.5582667E7 Result :3.1114622E7
Dec 3, 2014 9:17:07 PM FingerPrint scan
INFO: Processing chunk : 419430400
Dec 3, 2014 9:17:07 PM FingerPrint computeMagnitude
INFO: FingerPrint: :30315.0:83840.0:74290.0:217605.0:498109.0:824912.0:1812347.0:3620508.0:7146650.0:1.4429876E7 Result :2.8738452E7
Dec 3, 2014 9:17:07 PM FingerPrint scan
INFO: Processing chunk : 436207616
Dec 3, 2014 9:17:07 PM FingerPrint computeMagnitude
INFO: FingerPrint: :27749.0:59591.0:129058.0:143700.0:431761.0:736005.0:1434139.0:3122598.0:6069233.0:1.2062824E7 Result :2.4216658E7
Dec 3, 2014 9:17:07 PM FingerPrint scan
INFO: Processing chunk : 452984832
Dec 3, 2014 9:17:07 PM FingerPrint computeMagnitude
INFO: FingerPrint: :20702.0:56427.0:69087.0:198813.0:415059.0:756236.0:1634174.0:3053051.0:6104277.0:1.2339932E7 Result :2.4647758E7
Dec 3, 2014 9:17:07 PM FingerPrint scan
INFO: Processing chunk : 469762048
Dec 3, 2014 9:17:07 PM FingerPrint computeMagnitude
INFO: FingerPrint: :49661.0:83243.0:103533.0:211884.0:476228.0:885569.0:1889300.0:3619892.0:7250157.0:1.465393E7 Result :2.9223397E7
Dec 3, 2014 9:17:07 PM FingerPrint scan
INFO: Processing chunk : 486539264
Dec 3, 2014 9:17:07 PM FingerPrint computeMagnitude
INFO: FingerPrint: :33102.0:27280.0:122958.0:282959.0:524058.0:962624.0:1975487.0:3765356.0:7651667.0:1.5537542E7 Result :3.0883033E7
Dec 3, 2014 9:17:07 PM FingerPrint scan
INFO: Processing chunk : 503316480
Dec 3, 2014 9:17:07 PM FingerPrint computeMagnitude
INFO: FingerPrint: :21530.0:48125.0:110647.0:240517.0:426547.0:981489.0:1878450.0:3878000.0:7657122.0:1.5047472E7 Result :3.0289899E7
Dec 3, 2014 9:17:07 PM FingerPrint scan
INFO: Processing chunk : 520093696
Dec 3, 2014 9:17:07 PM FingerPrint computeMagnitude
INFO: FingerPrint: :32545.0:71336.0:156049.0:222546.0:410626.0:684207.0:1660341.0:3320281.0:6581090.0:1.3329914E7 Result :2.6468935E7
Dec 3, 2014 9:17:07 PM FingerPrint scan
INFO: Processing chunk : 536870912
Dec 3, 2014 9:17:07 PM FingerPrint computeMagnitude
INFO: FingerPrint: :52138.0:22677.0:52510.0:197183.0:459381.0:834009.0:1757020.0:3329273.0:6638849.0:1.3530925E7 Result :2.6873965E7
Dec 3, 2014 9:17:07 PM FingerPrint scan
INFO: Processing chunk : 553648128
Dec 3, 2014 9:17:07 PM FingerPrint computeMagnitude
INFO: FingerPrint: :22603.0:50794.0:32139.0:205311.0:333882.0:832147.0:1333262.0:2897565.0:5788498.0:1.1264463E7 Result :2.2760664E7
Dec 3, 2014 9:17:07 PM FingerPrint scan
INFO: Processing chunk : 570425344
Dec 3, 2014 9:17:07 PM FingerPrint computeMagnitude
INFO: FingerPrint: :23953.0:69608.0:98346.0:215529.0:494811.0:941064.0:1921049.0:3829643.0:7621795.0:1.5238582E7 Result :3.045438E7
Dec 3, 2014 9:17:07 PM FingerPrint scan
INFO: Processing chunk : 587202560
Dec 3, 2014 9:17:07 PM FingerPrint computeMagnitude
INFO: FingerPrint: :22711.0:32431.0:135419.0:237059.0:509683.0:939364.0:1750692.0:3566156.0:7102882.0:1.428727E7 Result :2.8583667E7
Dec 3, 2014 9:17:07 PM FingerPrint scan
INFO: Processing chunk : 603979776
Dec 3, 2014 9:17:07 PM FingerPrint computeMagnitude
INFO: FingerPrint: :26050.0:38097.0:108723.0:262502.0:469836.0:844969.0:1808748.0:3565500.0:7050982.0:1.4264559E7 Result :2.8439966E7
Dec 3, 2014 9:17:07 PM FingerPrint scan
INFO: Processing chunk : 620756992
Dec 3, 2014 9:17:07 PM FingerPrint computeMagnitude
INFO: FingerPrint: :42454.0:55106.0:121328.0:207804.0:477152.0:999459.0:1860806.0:3790648.0:7604203.0:1.5128111E7 Result :3.0287071E7
Dec 3, 2014 9:17:07 PM FingerPrint scan
INFO: Processing chunk : 637534208
Dec 3, 2014 9:17:07 PM FingerPrint computeMagnitude
INFO: FingerPrint: :46233.0:45269.0:117907.0:246089.0:481896.0:957332.0:1963052.0:4036196.0:7817815.0:1.5702562E7 Result :3.1414351E7
Dec 3, 2014 9:17:07 PM FingerPrint scan
INFO: Processing chunk : 654311424
Dec 3, 2014 9:17:07 PM FingerPrint computeMagnitude
INFO: FingerPrint: :18119.0:63626.0:73036.0:239232.0:394455.0:967813.0:1739960.0:3481417.0:6978550.0:1.3898287E7 Result :2.7854495E7
Dec 3, 2014 9:17:07 PM FingerPrint scan
INFO: Processing chunk : 671088640
Dec 3, 2014 9:17:07 PM FingerPrint computeMagnitude
INFO: FingerPrint: :13935.0:53780.0:125820.0:167622.0:418167.0:848718.0:1635270.0:3275986.0:6589509.0:1.3171154E7 Result :2.6299961E7
Dec 3, 2014 9:17:07 PM FingerPrint scan
INFO: Processing chunk : 687865856
Dec 3, 2014 9:17:07 PM FingerPrint computeMagnitude
INFO: FingerPrint: :26343.0:73271.0:49412.0:186029.0:302302.0:661143.0:1363402.0:2625589.0:5323653.0:1.0598461E7 Result :2.1209605E7
Dec 3, 2014 9:17:07 PM FingerPrint scan
INFO: Processing chunk : 704643072
Dec 3, 2014 9:17:07 PM FingerPrint computeMagnitude
INFO: FingerPrint: :16512.0:92409.0:97822.0:214804.0:515617.0:849221.0:1760940.0:3665508.0:7100488.0:1.442018E7 Result :2.8733501E7
Dec 3, 2014 9:17:07 PM FingerPrint scan
INFO: Processing chunk : 721420288
Dec 3, 2014 9:17:07 PM FingerPrint computeMagnitude
INFO: FingerPrint: :26035.0:72478.0:74166.0:281423.0:516859.0:810359.0:1725380.0:3404936.0:6832978.0:1.3931165E7 Result :2.7675779E7
Dec 3, 2014 9:17:07 PM FingerPrint scan
INFO: Processing chunk : 738197504
Dec 3, 2014 9:17:07 PM FingerPrint computeMagnitude
INFO: FingerPrint: :27422.0:36619.0:85437.0:187459.0:356496.0:916285.0:1589006.0:3223312.0:6478011.0:1.2710937E7 Result :2.5610984E7
Dec 3, 2014 9:17:07 PM FingerPrint scan
INFO: Processing chunk : 754974720
Dec 3, 2014 9:17:07 PM FingerPrint computeMagnitude
INFO: FingerPrint: :50105.0:81854.0:111289.0:242188.0:407865.0:733533.0:1639888.0:3267603.0:6658504.0:1.3432267E7 Result :2.6625096E7
Dec 3, 2014 9:17:07 PM FingerPrint scan
INFO: Processing chunk : 771751936
Dec 3, 2014 9:17:07 PM FingerPrint computeMagnitude
INFO: FingerPrint: :33949.0:69591.0:84185.0:218650.0:444212.0:874507.0:1742236.0:3442505.0:6815281.0:1.3734166E7 Result :2.7459282E7
Dec 3, 2014 9:17:07 PM FingerPrint scan
INFO: Processing chunk : 788529152
Dec 3, 2014 9:17:07 PM FingerPrint computeMagnitude
INFO: FingerPrint: :28223.0:77885.0:70113.0:164040.0:465865.0:806324.0:1669412.0:3225863.0:6476025.0:1.2947283E7 Result :2.5931033E7
Dec 3, 2014 9:17:07 PM FingerPrint scan
INFO: Processing chunk : 805306368
Dec 3, 2014 9:17:07 PM FingerPrint computeMagnitude
INFO: FingerPrint: :59470.0:112777.0:119397.0:229687.0:544404.0:1054859.0:2168324.0:4293068.0:8506579.0:1.7135744E7 Result :3.4224309E7
Dec 3, 2014 9:17:07 PM FingerPrint scan
INFO: Processing chunk : 822083584
Dec 3, 2014 9:17:07 PM FingerPrint computeMagnitude
INFO: FingerPrint: :48067.0:54330.0:96186.0:266389.0:504240.0:903990.0:1891939.0:3922508.0:7655111.0:1.5436632E7 Result :3.0779392E7
Dec 3, 2014 9:17:07 PM FingerPrint scan
INFO: Processing chunk : 838860800
Dec 3, 2014 9:17:07 PM FingerPrint computeMagnitude
INFO: FingerPrint: :35980.0:30713.0:142709.0:267282.0:480537.0:976707.0:2019482.0:4109458.0:8037862.0:1.6095541E7 Result :3.2196271E7
Dec 3, 2014 9:17:07 PM FingerPrint scan
INFO: Processing chunk : 855638016
Dec 3, 2014 9:17:07 PM FingerPrint computeMagnitude
INFO: FingerPrint: :25463.0:55721.0:159397.0:284857.0:591415.0:1023455.0:2210760.0:4389997.0:8673879.0:1.7670352E7 Result :3.5085296E7
Dec 3, 2014 9:17:07 PM FingerPrint scan
INFO: Processing chunk : 872415232
Dec 3, 2014 9:17:08 PM FingerPrint computeMagnitude
INFO: FingerPrint: :7995.0:31927.0:125522.0:242941.0:435018.0:957471.0:1958771.0:3751267.0:7466975.0:1.4932339E7 Result :2.9910226E7
Dec 3, 2014 9:17:08 PM FingerPrint scan
INFO: Processing chunk : 889192448
Dec 3, 2014 9:17:08 PM FingerPrint computeMagnitude
INFO: FingerPrint: :32611.0:74414.0:82138.0:201045.0:463162.0:836556.0:1768241.0:3454181.0:6881250.0:1.3727373E7 Result :2.7520971E7
Dec 3, 2014 9:17:08 PM FingerPrint scan
INFO: Processing chunk : 905969664
Dec 3, 2014 9:17:08 PM FingerPrint computeMagnitude
INFO: FingerPrint: :28008.0:14596.0:112740.0:230872.0:350524.0:790140.0:1603808.0:3138231.0:6329047.0:1.2499401E7 Result :2.5097367E7
Dec 3, 2014 9:17:08 PM FingerPrint scan
INFO: Processing chunk : 922746880
Dec 3, 2014 9:17:08 PM FingerPrint computeMagnitude
INFO: FingerPrint: :68271.0:42520.0:179497.0:225624.0:522151.0:1015715.0:2003619.0:4135601.0:8262007.0:1.65898E7 Result :3.3044805E7
Dec 3, 2014 9:17:08 PM FingerPrint scan
INFO: Processing chunk : 939524096
Dec 3, 2014 9:17:08 PM FingerPrint computeMagnitude
INFO: FingerPrint: :16017.0:73452.0:100307.0:213820.0:491389.0:1042377.0:1831484.0:3747875.0:7610901.0:1.5047752E7 Result :3.0175374E7
Dec 3, 2014 9:17:08 PM FingerPrint scan
INFO: Processing chunk : 956301312
Dec 3, 2014 9:17:08 PM FingerPrint computeMagnitude
INFO: FingerPrint: :63568.0:48284.0:97331.0:291221.0:467186.0:828316.0:1785728.0:3531003.0:7105338.0:1.4507955E7 Result :2.872593E7
Dec 3, 2014 9:17:08 PM FingerPrint scan
INFO: Processing chunk : 973078528
Dec 3, 2014 9:17:08 PM FingerPrint computeMagnitude
INFO: FingerPrint: :31739.0:56577.0:81894.0:160724.0:445861.0:879741.0:1737051.0:3509021.0:6823639.0:1.3530764E7 Result :2.7257011E7
Dec 3, 2014 9:17:08 PM FingerPrint scan
INFO: Processing chunk : 989855744
Dec 3, 2014 9:17:08 PM FingerPrint computeMagnitude
INFO: FingerPrint: :47103.0:71856.0:66311.0:238371.0:446884.0:780288.0:1662433.0:3337683.0:6652846.0:1.3436211E7 Result :2.6739986E7
Dec 3, 2014 9:17:08 PM FingerPrint scan
INFO: Processing chunk : 1006632960
Dec 3, 2014 9:17:08 PM FingerPrint computeMagnitude
INFO: FingerPrint: :38285.0:45204.0:91212.0:170390.0:405171.0:726721.0:1461414.0:3023138.0:6029949.0:1.2022804E7 Result :2.4014288E7
Dec 3, 2014 9:17:08 PM FingerPrint scan
INFO: Processing chunk : 1023410176
Dec 3, 2014 9:17:08 PM FingerPrint computeMagnitude
INFO: FingerPrint: :32594.0:50167.0:115543.0:212222.0:429315.0:929456.0:1876317.0:3858719.0:7471908.0:1.4824077E7 Result :2.9800318E7
Dec 3, 2014 9:17:08 PM FingerPrint scan
INFO: Processing chunk : 1040187392
Dec 3, 2014 9:17:08 PM FingerPrint computeMagnitude
INFO: FingerPrint: :45439.0:81201.0:134838.0:227627.0:478823.0:941632.0:1950884.0:3846963.0:7701524.0:1.5488931E7 Result :3.0897862E7
Dec 3, 2014 9:17:08 PM FingerPrint scan
INFO: Processing chunk : 1056964608
Dec 3, 2014 9:17:08 PM FingerPrint computeMagnitude
INFO: FingerPrint: :43845.0:67003.0:127324.0:196338.0:540353.0:1126343.0:2072279.0:4295641.0:8505967.0:1.6820443E7 Result :3.3795536E7
Dec 3, 2014 9:17:08 PM FingerPrint scan
INFO: Processing chunk : 1073741824
Dec 3, 2014 9:17:08 PM FingerPrint computeMagnitude
INFO: FingerPrint: :29161.0:92299.0:113425.0:350903.0:562295.0:1074753.0:2228885.0:4516700.0:9086521.0:1.8115771E7 Result :3.6170713E7
Dec 3, 2014 9:17:08 PM FingerPrint scan
INFO: Processing chunk : 1090519040
Dec 3, 2014 9:17:08 PM FingerPrint computeMagnitude
INFO: FingerPrint: :25749.0:82869.0:119651.0:308128.0:606768.0:1128258.0:2374409.0:4567317.0:9216862.0:1.8455248E7 Result :3.6885259E7
Dec 3, 2014 9:17:08 PM FingerPrint scan
INFO: Processing chunk : 1107296256
Dec 3, 2014 9:17:08 PM FingerPrint computeMagnitude
INFO: FingerPrint: :53398.0:34981.0:116779.0:263225.0:496662.0:952785.0:1938389.0:4042215.0:7916572.0:1.5919184E7 Result :3.173419E7
Dec 3, 2014 9:17:08 PM FingerPrint scan
INFO: Processing chunk : 1124073472
Dec 3, 2014 9:17:08 PM FingerPrint computeMagnitude
INFO: FingerPrint: :11899.0:77074.0:132365.0:211780.0:489740.0:922504.0:1844911.0:3601952.0:7339425.0:1.4758668E7 Result :2.9390318E7
Dec 3, 2014 9:17:08 PM FingerPrint scan
INFO: Processing chunk : 1140850688
Dec 3, 2014 9:17:08 PM FingerPrint computeMagnitude
INFO: FingerPrint: :32168.0:25049.0:160515.0:254718.0:425059.0:935956.0:1739228.0:3530292.0:7241613.0:1.4484275E7 Result :2.8828873E7
Dec 3, 2014 9:17:08 PM FingerPrint scan
INFO: Processing chunk : 1157627904
Dec 3, 2014 9:17:08 PM FingerPrint computeMagnitude
INFO: FingerPrint: :18974.0:39487.0:121516.0:251246.0:462990.0:892586.0:1787192.0:3662714.0:7275089.0:1.459038E7 Result :2.9102174E7
Dec 3, 2014 9:17:08 PM FingerPrint scan
INFO: Processing chunk : 1174405120
Dec 3, 2014 9:17:08 PM FingerPrint computeMagnitude
INFO: FingerPrint: :32997.0:99204.0:119377.0:227444.0:551509.0:930059.0:1848918.0:3998052.0:7729134.0:1.5393036E7 Result :3.092973E7
Dec 3, 2014 9:17:08 PM FingerPrint scan
INFO: Processing chunk : 1191182336
Dec 3, 2014 9:17:08 PM FingerPrint computeMagnitude
INFO: FingerPrint: :56365.0:35807.0:127971.0:214571.0:489467.0:915858.0:1922249.0:3809928.0:7552501.0:1.5129362E7 Result :3.0254079E7
Dec 3, 2014 9:17:08 PM FingerPrint scan
INFO: Processing chunk : 1207959552
Dec 3, 2014 9:17:08 PM FingerPrint computeMagnitude
INFO: FingerPrint: :22449.0:72907.0:85831.0:280851.0:480789.0:929561.0:2072410.0:3935325.0:7860693.0:1.5823879E7 Result :3.1564695E7
Dec 3, 2014 9:17:08 PM FingerPrint scan
INFO: Processing chunk : 1224736768
Dec 3, 2014 9:17:08 PM FingerPrint computeMagnitude
INFO: FingerPrint: :53002.0:56693.0:130830.0:246695.0:497856.0:1036747.0:2026317.0:4071114.0:8105288.0:1.6211289E7 Result :3.2435831E7
Dec 3, 2014 9:17:08 PM FingerPrint scan
INFO: Processing chunk : 1241513984
Dec 3, 2014 9:17:08 PM FingerPrint computeMagnitude
INFO: FingerPrint: :52414.0:40140.0:85225.0:315438.0:534297.0:850415.0:1963201.0:3740138.0:7488826.0:1.5124117E7 Result :3.0194211E7
Dec 3, 2014 9:17:08 PM FingerPrint scan
INFO: Processing chunk : 1258291200
Dec 3, 2014 9:17:08 PM FingerPrint computeMagnitude
INFO: FingerPrint: :37136.0:67361.0:100746.0:246002.0:426042.0:854445.0:1834385.0:3591417.0:7190310.0:1.4361375E7 Result :2.8709219E7
Dec 3, 2014 9:17:08 PM FingerPrint scan
INFO: Processing chunk : 1275068416
Dec 3, 2014 9:17:08 PM FingerPrint computeMagnitude
INFO: FingerPrint: :29660.0:56670.0:60505.0:180818.0:364909.0:789227.0:1454401.0:3028796.0:6066507.0:1.200235E7 Result :2.4033843E7
Dec 3, 2014 9:17:08 PM FingerPrint scan
INFO: Processing chunk : 1291845632
Dec 3, 2014 9:17:08 PM FingerPrint computeMagnitude
INFO: FingerPrint: :74753.0:78093.0:181554.0:402168.0:813834.0:1569461.0:3104008.0:6181516.0:1.2443535E7:2.4957462E7 Result :4.9806384E7
Dec 3, 2014 9:17:08 PM FingerPrint scan
INFO: Processing chunk : 1308622848
Dec 3, 2014 9:17:08 PM FingerPrint computeMagnitude
INFO: FingerPrint: :31389.0:43974.0:105872.0:163404.0:374180.0:849487.0:1711387.0:3358476.0:6770921.0:1.3418704E7 Result :2.6827794E7
Dec 3, 2014 9:17:08 PM FingerPrint scan
INFO: Processing chunk : 1325400064
Dec 3, 2014 9:17:08 PM FingerPrint computeMagnitude
INFO: FingerPrint: :42286.0:97687.0:161104.0:235068.0:599679.0:1090043.0:2324175.0:4744440.0:9291110.0:1.8590457E7 Result :3.7176049E7
Dec 3, 2014 9:17:08 PM FingerPrint scan
INFO: Processing chunk : 1342177280
Dec 3, 2014 9:17:08 PM FingerPrint computeMagnitude
INFO: FingerPrint: :32198.0:81418.0:113242.0:319655.0:490203.0:1131729.0:2124798.0:4345054.0:8623672.0:1.7233636E7 Result :3.4495605E7
Dec 3, 2014 9:17:08 PM FingerPrint scan
INFO: Processing chunk : 1358954496
Dec 3, 2014 9:17:08 PM FingerPrint computeMagnitude
INFO: FingerPrint: :46005.0:73965.0:177602.0:286228.0:550155.0:1258979.0:2448137.0:4837544.0:9643810.0:1.9227874E7 Result :3.8550299E7
Dec 3, 2014 9:17:08 PM FingerPrint scan
INFO: Processing chunk : 1375731712
Dec 3, 2014 9:17:08 PM FingerPrint computeMagnitude
INFO: FingerPrint: :6873.0:33241.0:123390.0:166478.0:397944.0:734954.0:1360751.0:2908183.0:5808862.0:1.1489626E7 Result :2.3030302E7
Dec 3, 2014 9:17:08 PM FingerPrint scan
INFO: Processing chunk : 1392508928
Dec 3, 2014 9:17:08 PM FingerPrint computeMagnitude
INFO: FingerPrint: :28602.0:46377.0:111325.0:216666.0:452048.0:1019805.0:1907261.0:3654431.0:7506225.0:1.4706532E7 Result :2.9649272E7
Dec 3, 2014 9:17:08 PM FingerPrint scan
INFO: Processing chunk : 1409286144
Dec 3, 2014 9:17:08 PM FingerPrint computeMagnitude
INFO: FingerPrint: :36656.0:62978.0:104180.0:226361.0:348193.0:773167.0:1628234.0:3101726.0:6251993.0:1.2636626E7 Result :2.5170114E7
Dec 3, 2014 9:17:08 PM FingerPrint scan
INFO: Processing chunk : 1426063360
Dec 3, 2014 9:17:08 PM FingerPrint computeMagnitude
INFO: FingerPrint: :36627.0:50656.0:78640.0:174684.0:308916.0:802728.0:1580821.0:3104811.0:6220624.0:1.2304675E7 Result :2.4663182E7
Dec 3, 2014 9:17:08 PM FingerPrint scan
INFO: Processing chunk : 1442840576
Dec 3, 2014 9:17:08 PM FingerPrint computeMagnitude
INFO: FingerPrint: :33876.0:12034.0:95179.0:169513.0:356544.0:760377.0:1487679.0:2895262.0:5894738.0:1.1620303E7 Result :2.3325505E7
Dec 3, 2014 9:17:08 PM FingerPrint scan
INFO: Processing chunk : 1459617792
Dec 3, 2014 9:17:08 PM FingerPrint computeMagnitude
INFO: FingerPrint: :21750.0:29155.0:67019.0:188714.0:480346.0:930359.0:1796804.0:3485634.0:6988991.0:1.3916146E7 Result :2.7904918E7
Dec 3, 2014 9:17:08 PM FingerPrint scan
INFO: Processing chunk : 1476395008
Dec 3, 2014 9:17:08 PM FingerPrint computeMagnitude
INFO: FingerPrint: :27352.0:55232.0:109518.0:234346.0:428170.0:826906.0:1685910.0:3520919.0:6830275.0:1.3858284E7 Result :2.7576912E7
Dec 3, 2014 9:17:08 PM FingerPrint scan
INFO: Processing chunk : 1493172224
Dec 3, 2014 9:17:08 PM FingerPrint computeMagnitude
INFO: FingerPrint: :11601.0:42185.0:74900.0:76334.0:278821.0:405779.0:937097.0:2127673.0:3858764.0:7813993.0 Result :1.5627147E7
Dec 3, 2014 9:17:08 PM FingerPrint scan
INFO: Processing chunk : 1509949440
Dec 3, 2014 9:17:08 PM FingerPrint computeMagnitude
INFO: FingerPrint: :10821.0:19386.0:52436.0:126459.0:298379.0:536598.0:1014031.0:2206453.0:4142295.0:8423171.0 Result :1.6830029E7
Dec 3, 2014 9:17:08 PM FingerPrint scan
INFO: Processing chunk : 1526726656
Dec 3, 2014 9:17:08 PM FingerPrint computeMagnitude
INFO: FingerPrint: :17747.0:52510.0:85633.0:187126.0:351596.0:697904.0:1355039.0:2754101.0:5495036.0:1.1089079E7 Result :2.2085771E7
Dec 3, 2014 9:17:08 PM FingerPrint scan
INFO: Processing chunk : 1543503872
Dec 3, 2014 9:17:08 PM FingerPrint computeMagnitude
INFO: FingerPrint: :25060.0:21839.0:97019.0:230085.0:411982.0:949355.0:1800008.0:3481678.0:6975924.0:1.3888237E7 Result :2.7881187E7
Dec 3, 2014 9:17:08 PM FingerPrint scan
INFO: Processing chunk : 1560281088
Dec 3, 2014 9:17:08 PM FingerPrint computeMagnitude
INFO: FingerPrint: :18553.0:82330.0:82201.0:177486.0:449156.0:862094.0:1805362.0:3558937.0:7077119.0:1.4178772E7 Result :2.829201E7
Dec 3, 2014 9:17:08 PM FingerPrint scan
INFO: Processing chunk : 1577058304
Dec 3, 2014 9:17:08 PM FingerPrint computeMagnitude
INFO: FingerPrint: :23927.0:85855.0:151411.0:221961.0:450597.0:1174176.0:1966347.0:4039993.0:8151982.0:1.5965188E7 Result :3.2231437E7
Dec 3, 2014 9:17:08 PM FingerPrint scan
INFO: Processing chunk : 1593835520
Dec 3, 2014 9:17:08 PM FingerPrint computeMagnitude
INFO: FingerPrint: :58634.0:55270.0:108311.0:306566.0:456804.0:927683.0:1815398.0:3714320.0:7480329.0:1.499334E7 Result :2.9916655E7
Dec 3, 2014 9:17:08 PM FingerPrint scan
INFO: Processing chunk : 1610612736
Dec 3, 2014 9:17:08 PM FingerPrint computeMagnitude
INFO: FingerPrint: :13975.0:29491.0:22659.0:61898.0:177183.0:305079.0:621465.0:1283116.0:2484976.0:4986692.0 Result :9986534.0
Dec 3, 2014 9:17:08 PM FingerPrint scan
INFO: Processing chunk : 1627389952
Dec 3, 2014 9:17:08 PM FingerPrint computeMagnitude
INFO: FingerPrint: :3738.0:14101.0:30529.0:37209.0:103619.0:223075.0:428461.0:871171.0:1708820.0:3381729.0 Result :6802452.0
Dec 3, 2014 9:17:08 PM FingerPrint scan
INFO: Processing chunk : 1644167168
Dec 3, 2014 9:17:08 PM FingerPrint computeMagnitude
INFO: FingerPrint: :36921.0:50689.0:103742.0:216109.0:417601.0:736790.0:1543348.0:3210498.0:6351008.0:1.273782E7 Result :2.5404526E7
Dec 3, 2014 9:17:08 PM FingerPrint scan
INFO: Processing chunk : 1660944384
Dec 3, 2014 9:17:08 PM FingerPrint computeMagnitude
INFO: FingerPrint: :22512.0:76827.0:91886.0:196484.0:344733.0:691653.0:1554438.0:2999371.0:6034235.0:1.2059019E7 Result :2.4071158E7
Dec 3, 2014 9:17:08 PM FingerPrint scan
INFO: Processing chunk : 1677721600
Dec 3, 2014 9:17:08 PM FingerPrint computeMagnitude
INFO: FingerPrint: :34674.0:54854.0:79503.0:162722.0:403141.0:804372.0:1522976.0:3086543.0:6174175.0:1.2285517E7 Result :2.4608477E7
Dec 3, 2014 9:17:08 PM FingerPrint scan
INFO: Processing chunk : 1694498816
Dec 3, 2014 9:17:08 PM FingerPrint computeMagnitude
INFO: FingerPrint: :9706.0:7601.0:27397.0:83277.0:151409.0:252416.0:579422.0:1106474.0:2216008.0:4501852.0 Result :8935562.0
Dec 3, 2014 9:17:08 PM FingerPrint scan
INFO: Processing chunk : 1711276032
Dec 3, 2014 9:17:08 PM FingerPrint computeMagnitude
INFO: FingerPrint: :11119.0:46882.0:26889.0:102454.0:206999.0:406542.0:846651.0:1647761.0:3292416.0:6587010.0 Result :1.3174723E7
Dec 3, 2014 9:17:08 PM FingerPrint scan
INFO: Processing chunk : 1728053248
Dec 3, 2014 9:17:08 PM FingerPrint computeMagnitude
INFO: FingerPrint: :16152.0:67485.0:84884.0:195346.0:433021.0:870475.0:1705356.0:3391876.0:6809871.0:1.3514344E7 Result :2.708881E7
Dec 3, 2014 9:17:08 PM FingerPrint scan
INFO: Processing chunk : 1744830464
Dec 3, 2014 9:17:08 PM FingerPrint computeMagnitude
INFO: FingerPrint: :15449.0:33850.0:33258.0:114509.0:190325.0:357100.0:750135.0:1495685.0:3001614.0:6056368.0 Result :1.2048293E7
Dec 3, 2014 9:17:08 PM FingerPrint scan
INFO: Processing chunk : 1761607680
Dec 3, 2014 9:17:08 PM FingerPrint computeMagnitude
INFO: FingerPrint: :28018.0:65954.0:97537.0:219416.0:400213.0:901996.0:1708958.0:3366181.0:6785338.0:1.3546008E7 Result :2.7119619E7
Dec 3, 2014 9:17:08 PM FingerPrint scan
INFO: Processing chunk : 1778384896
Dec 3, 2014 9:17:08 PM FingerPrint computeMagnitude
INFO: FingerPrint: :27407.0:60759.0:75334.0:231409.0:386646.0:804753.0:1754244.0:3372649.0:6643096.0:1.3476099E7 Result :2.6832396E7
