Dec 3, 2014 9:18:25 PM AudioFileComparator fingerPrint
INFO: Trying to get fingerprint for file : /course/cs5500f14/Assignments/A5/z08.wav
Dec 3, 2014 9:18:26 PM FingerPrint scan
INFO: Processing chunk : 0
Dec 3, 2014 9:18:26 PM FingerPrint computeMagnitude
INFO: FingerPrint: :22366.0:43792.0:84861.0:200244.0:363008.0:680071.0:1326512.0:2602301.0:5323746.0:1.0645483E7 Result :2.1292384E7
Dec 3, 2014 9:18:26 PM FingerPrint scan
INFO: Processing chunk : 16777216
Dec 3, 2014 9:18:26 PM FingerPrint computeMagnitude
INFO: FingerPrint: :12885.0:75830.0:55136.0:157393.0:268730.0:600266.0:1289263.0:2511778.0:5008977.0:9917285.0 Result :1.9897543E7
Dec 3, 2014 9:18:26 PM FingerPrint scan
INFO: Processing chunk : 33554432
Dec 3, 2014 9:18:26 PM FingerPrint computeMagnitude
INFO: FingerPrint: :20656.0:36426.0:46601.0:169464.0:293188.0:528125.0:1380454.0:2479742.0:4956483.0:1.007689E7 Result :1.9988029E7
Dec 3, 2014 9:18:26 PM FingerPrint scan
INFO: Processing chunk : 50331648
Dec 3, 2014 9:18:26 PM FingerPrint computeMagnitude
INFO: FingerPrint: :14802.0:24886.0:121222.0:148933.0:378294.0:682913.0:1233169.0:2631143.0:5211752.0:1.0458974E7 Result :2.0906088E7
Dec 3, 2014 9:18:26 PM FingerPrint scan
INFO: Processing chunk : 67108864
Dec 3, 2014 9:18:26 PM FingerPrint computeMagnitude
INFO: FingerPrint: :24215.0:58998.0:50912.0:170960.0:312825.0:608095.0:1352479.0:2550510.0:5107993.0:1.0228241E7 Result :2.0465228E7
Dec 3, 2014 9:18:26 PM FingerPrint scan
INFO: Processing chunk : 83886080
Dec 3, 2014 9:18:26 PM FingerPrint computeMagnitude
INFO: FingerPrint: :29636.0:42787.0:63213.0:141562.0:324771.0:631855.0:1276888.0:2588302.0:5132501.0:1.0250807E7 Result :2.0482322E7
Dec 3, 2014 9:18:26 PM FingerPrint scan
INFO: Processing chunk : 100663296
Dec 3, 2014 9:18:26 PM FingerPrint computeMagnitude
INFO: FingerPrint: :30314.0:65021.0:93532.0:112323.0:310795.0:574399.0:1096526.0:2384589.0:4623094.0:9342722.0 Result :1.8633315E7
Dec 3, 2014 9:18:26 PM FingerPrint scan
INFO: Processing chunk : 117440512
Dec 3, 2014 9:18:26 PM FingerPrint computeMagnitude
INFO: FingerPrint: :8322.0:50109.0:95870.0:117416.0:333858.0:563526.0:1156812.0:2333592.0:4705508.0:9378266.0 Result :1.8743279E7
Dec 3, 2014 9:18:26 PM FingerPrint scan
INFO: Processing chunk : 134217728
Dec 3, 2014 9:18:26 PM FingerPrint computeMagnitude
INFO: FingerPrint: :9349.0:31339.0:55574.0:178229.0:300612.0:520544.0:1215342.0:2285538.0:4588501.0:9235749.0 Result :1.8420777E7
Dec 3, 2014 9:18:26 PM FingerPrint scan
INFO: Processing chunk : 150994944
Dec 3, 2014 9:18:26 PM FingerPrint computeMagnitude
INFO: FingerPrint: :11237.0:47952.0:45560.0:127217.0:253022.0:641398.0:1186797.0:2341876.0:4698421.0:9396469.0 Result :1.8749949E7
Dec 3, 2014 9:18:26 PM FingerPrint scan
INFO: Processing chunk : 167772160
Dec 3, 2014 9:18:26 PM FingerPrint computeMagnitude
INFO: FingerPrint: :8880.0:54339.0:66380.0:172750.0:283341.0:662098.0:1348217.0:2685623.0:5385688.0:1.0610614E7 Result :2.127793E7
Dec 3, 2014 9:18:26 PM FingerPrint scan
INFO: Processing chunk : 184549376
Dec 3, 2014 9:18:26 PM FingerPrint computeMagnitude
INFO: FingerPrint: :8734.0:79479.0:120271.0:405893.0:762693.0:1417641.0:2785287.0:5644548.0:1.1262162E7:2.2533327E7 Result :4.5020035E7
Dec 3, 2014 9:18:26 PM FingerPrint scan
INFO: Processing chunk : 201326592
Dec 3, 2014 9:18:26 PM FingerPrint computeMagnitude
INFO: FingerPrint: :76017.0:103415.0:192561.0:353830.0:830853.0:1547477.0:3187455.0:6279437.0:1.250946E7:2.5160716E7 Result :5.0241221E7
Dec 3, 2014 9:18:26 PM FingerPrint scan
INFO: Processing chunk : 218103808
Dec 3, 2014 9:18:26 PM FingerPrint computeMagnitude
INFO: FingerPrint: :13099.0:134112.0:189119.0:398192.0:775197.0:1633659.0:3160241.0:6429064.0:1.2852004E7:2.5615239E7 Result :5.1199926E7
Dec 3, 2014 9:18:26 PM FingerPrint scan
INFO: Processing chunk : 234881024
Dec 3, 2014 9:18:26 PM FingerPrint computeMagnitude
INFO: FingerPrint: :70683.0:121144.0:122281.0:407685.0:765004.0:1406828.0:2954056.0:5862977.0:1.1736522E7:2.3549882E7 Result :4.6997062E7
Dec 3, 2014 9:18:26 PM FingerPrint scan
INFO: Processing chunk : 251658240
Dec 3, 2014 9:18:26 PM FingerPrint computeMagnitude
INFO: FingerPrint: :17019.0:54699.0:117288.0:427423.0:672817.0:1331679.0:2776811.0:5343691.0:1.0849802E7:2.1777257E7 Result :4.3368486E7
Dec 3, 2014 9:18:26 PM FingerPrint scan
INFO: Processing chunk : 268435456
Dec 3, 2014 9:18:26 PM FingerPrint computeMagnitude
INFO: FingerPrint: :58181.0:92376.0:126239.0:324216.0:639192.0:1251632.0:2688745.0:5137575.0:1.0433711E7:2.0916293E7 Result :4.166816E7
Dec 3, 2014 9:18:26 PM FingerPrint scan
INFO: Processing chunk : 285212672
Dec 3, 2014 9:18:26 PM FingerPrint computeMagnitude
INFO: FingerPrint: :26454.0:77768.0:227158.0:190124.0:637472.0:1044545.0:2187500.0:4535339.0:8957681.0:1.791131E7 Result :3.5795351E7
Dec 3, 2014 9:18:26 PM FingerPrint scan
INFO: Processing chunk : 301989888
Dec 3, 2014 9:18:26 PM FingerPrint computeMagnitude
INFO: FingerPrint: :23043.0:26390.0:196563.0:270074.0:624682.0:1177321.0:2132754.0:4539248.0:8913916.0:1.7740008E7 Result :3.5643999E7
Dec 3, 2014 9:18:26 PM FingerPrint scan
INFO: Processing chunk : 318767104
Dec 3, 2014 9:18:26 PM FingerPrint computeMagnitude
INFO: FingerPrint: :22293.0:74142.0:88146.0:361538.0:490056.0:1002593.0:1982524.0:3927351.0:8039666.0:1.6023885E7 Result :3.2012194E7
Dec 3, 2014 9:18:26 PM FingerPrint scan
INFO: Processing chunk : 335544320
Dec 3, 2014 9:18:26 PM FingerPrint computeMagnitude
INFO: FingerPrint: :55525.0:104839.0:74367.0:246273.0:543163.0:867144.0:2117470.0:3914330.0:7900394.0:1.605004E7 Result :3.1873545E7
Dec 3, 2014 9:18:26 PM FingerPrint scan
INFO: Processing chunk : 352321536
Dec 3, 2014 9:18:26 PM FingerPrint computeMagnitude
INFO: FingerPrint: :10543.0:31664.0:79653.0:185118.0:531280.0:865190.0:1606554.0:3313190.0:6571602.0:1.3268627E7 Result :2.6463421E7
Dec 3, 2014 9:18:26 PM FingerPrint scan
INFO: Processing chunk : 369098752
Dec 3, 2014 9:18:26 PM FingerPrint computeMagnitude
INFO: FingerPrint: :70131.0:47089.0:123563.0:238909.0:419904.0:1003316.0:1962154.0:3968555.0:7829482.0:1.572502E7 Result :3.1388123E7
Dec 3, 2014 9:18:26 PM FingerPrint scan
INFO: Processing chunk : 385875968
Dec 3, 2014 9:18:26 PM FingerPrint computeMagnitude
INFO: FingerPrint: :60995.0:55507.0:215307.0:320546.0:595818.0:1325461.0:2393252.0:5143252.0:1.0151504E7:2.0200378E7 Result :4.046202E7
Dec 3, 2014 9:18:26 PM FingerPrint scan
INFO: Processing chunk : 402653184
Dec 3, 2014 9:18:27 PM FingerPrint computeMagnitude
INFO: FingerPrint: :72369.0:98084.0:130121.0:266793.0:516527.0:1142040.0:2295304.0:4458585.0:9123526.0:1.8201833E7 Result :3.6305182E7
Dec 3, 2014 9:18:27 PM FingerPrint scan
INFO: Processing chunk : 419430400
Dec 3, 2014 9:18:27 PM FingerPrint computeMagnitude
INFO: FingerPrint: :27683.0:43227.0:53001.0:277354.0:502167.0:1012620.0:2224875.0:4216673.0:8353161.0:1.6765213E7 Result :3.3475974E7
Dec 3, 2014 9:18:27 PM FingerPrint scan
INFO: Processing chunk : 436207616
Dec 3, 2014 9:18:27 PM FingerPrint computeMagnitude
INFO: FingerPrint: :29154.0:67907.0:92373.0:169106.0:568491.0:977811.0:2172291.0:4228621.0:8170849.0:1.6655303E7 Result :3.3131906E7
Dec 3, 2014 9:18:27 PM FingerPrint scan
INFO: Processing chunk : 452984832
Dec 3, 2014 9:18:27 PM FingerPrint computeMagnitude
INFO: FingerPrint: :26770.0:79663.0:139637.0:300159.0:493027.0:1052944.0:2081429.0:4054805.0:8277331.0:1.652119E7 Result :3.3026955E7
Dec 3, 2014 9:18:27 PM FingerPrint scan
INFO: Processing chunk : 469762048
Dec 3, 2014 9:18:27 PM FingerPrint computeMagnitude
INFO: FingerPrint: :40466.0:39328.0:170099.0:221805.0:529467.0:963461.0:1823836.0:3985702.0:7775480.0:1.5603807E7 Result :3.1153451E7
Dec 3, 2014 9:18:27 PM FingerPrint scan
INFO: Processing chunk : 486539264
Dec 3, 2014 9:18:27 PM FingerPrint computeMagnitude
INFO: FingerPrint: :8449.0:98315.0:185755.0:198332.0:607308.0:1167422.0:2072760.0:4474226.0:8739141.0:1.7431558E7 Result :3.4983266E7
Dec 3, 2014 9:18:27 PM FingerPrint scan
INFO: Processing chunk : 503316480
Dec 3, 2014 9:18:27 PM FingerPrint computeMagnitude
INFO: FingerPrint: :38976.0:100101.0:153051.0:257335.0:687312.0:1314670.0:2549487.0:5199402.0:1.0261402E7:2.0564319E7 Result :4.1126055E7
Dec 3, 2014 9:18:27 PM FingerPrint scan
INFO: Processing chunk : 520093696
Dec 3, 2014 9:18:27 PM FingerPrint computeMagnitude
INFO: FingerPrint: :24458.0:39518.0:130292.0:336662.0:622151.0:1199104.0:2392224.0:4685750.0:9391327.0:1.8895305E7 Result :3.7716791E7
Dec 3, 2014 9:18:27 PM FingerPrint scan
INFO: Processing chunk : 536870912
Dec 3, 2014 9:18:27 PM FingerPrint computeMagnitude
INFO: FingerPrint: :25850.0:73239.0:133920.0:297779.0:559704.0:1086299.0:2192703.0:4362131.0:8766006.0:1.7461076E7 Result :3.4958707E7
Dec 3, 2014 9:18:27 PM FingerPrint scan
INFO: Processing chunk : 553648128
Dec 3, 2014 9:18:27 PM FingerPrint computeMagnitude
INFO: FingerPrint: :14497.0:81813.0:83117.0:142782.0:529076.0:791112.0:1808577.0:3739012.0:7179176.0:1.4509313E7 Result :2.8878475E7
Dec 3, 2014 9:18:27 PM FingerPrint scan
INFO: Processing chunk : 570425344
Dec 3, 2014 9:18:27 PM FingerPrint computeMagnitude
INFO: FingerPrint: :17586.0:8595.0:103715.0:224066.0:381790.0:943121.0:1722038.0:3493297.0:6972578.0:1.3789117E7 Result :2.7655903E7
Dec 3, 2014 9:18:27 PM FingerPrint scan
INFO: Processing chunk : 587202560
Dec 3, 2014 9:18:27 PM FingerPrint computeMagnitude
INFO: FingerPrint: :14220.0:53747.0:124097.0:282223.0:522756.0:947444.0:1972574.0:3955335.0:7813749.0:1.5748486E7 Result :3.1434631E7
Dec 3, 2014 9:18:27 PM FingerPrint scan
INFO: Processing chunk : 603979776
Dec 3, 2014 9:18:27 PM FingerPrint computeMagnitude
INFO: FingerPrint: :35598.0:55515.0:173902.0:295479.0:581106.0:1029468.0:2158457.0:4362332.0:8598350.0:1.7277379E7 Result :3.4567586E7
Dec 3, 2014 9:18:27 PM FingerPrint scan
INFO: Processing chunk : 620756992
Dec 3, 2014 9:18:27 PM FingerPrint computeMagnitude
INFO: FingerPrint: :54557.0:69761.0:127949.0:291333.0:562042.0:1172817.0:2270416.0:4519372.0:9052060.0:1.8242429E7 Result :3.6362736E7
Dec 3, 2014 9:18:27 PM FingerPrint scan
INFO: Processing chunk : 637534208
Dec 3, 2014 9:18:27 PM FingerPrint computeMagnitude
INFO: FingerPrint: :12964.0:87458.0:139630.0:251168.0:435631.0:1016856.0:1988786.0:3951503.0:8039223.0:1.5916763E7 Result :3.1839982E7
Dec 3, 2014 9:18:27 PM FingerPrint scan
INFO: Processing chunk : 654311424
Dec 3, 2014 9:18:27 PM FingerPrint computeMagnitude
INFO: FingerPrint: :35429.0:35182.0:106646.0:270502.0:517636.0:844472.0:1925306.0:3736999.0:7582619.0:1.521839E7 Result :3.0273181E7
Dec 3, 2014 9:18:27 PM FingerPrint scan
INFO: Processing chunk : 671088640
Dec 3, 2014 9:18:27 PM FingerPrint computeMagnitude
INFO: FingerPrint: :51285.0:55310.0:87413.0:201761.0:436081.0:871230.0:1658128.0:3458385.0:6883520.0:1.3714253E7 Result :2.7417366E7
Dec 3, 2014 9:18:27 PM FingerPrint scan
INFO: Processing chunk : 687865856
Dec 3, 2014 9:18:27 PM FingerPrint computeMagnitude
INFO: FingerPrint: :25746.0:71000.0:142494.0:221916.0:397610.0:854875.0:1702191.0:3434386.0:6900233.0:1.3730771E7 Result :2.7481222E7
Dec 3, 2014 9:18:27 PM FingerPrint scan
INFO: Processing chunk : 704643072
Dec 3, 2014 9:18:27 PM FingerPrint computeMagnitude
INFO: FingerPrint: :48766.0:92524.0:131680.0:207860.0:510609.0:1125324.0:2040468.0:4179628.0:8364429.0:1.6713788E7 Result :3.3415076E7
Dec 3, 2014 9:18:27 PM FingerPrint scan
INFO: Processing chunk : 721420288
Dec 3, 2014 9:18:27 PM FingerPrint computeMagnitude
INFO: FingerPrint: :64824.0:90429.0:110372.0:240430.0:688583.0:1018751.0:2322705.0:4408745.0:8819210.0:1.8024918E7 Result :3.5788967E7
Dec 3, 2014 9:18:27 PM FingerPrint scan
INFO: Processing chunk : 738197504
Dec 3, 2014 9:18:27 PM FingerPrint computeMagnitude
INFO: FingerPrint: :20168.0:72904.0:137732.0:281239.0:499716.0:1140392.0:2104469.0:4223795.0:8454570.0:1.6900502E7 Result :3.3835487E7
Dec 3, 2014 9:18:27 PM FingerPrint scan
INFO: Processing chunk : 754974720
Dec 3, 2014 9:18:27 PM FingerPrint computeMagnitude
INFO: FingerPrint: :58868.0:50791.0:114328.0:297295.0:521574.0:984214.0:2156597.0:4208925.0:8394940.0:1.6877653E7 Result :3.3665185E7
Dec 3, 2014 9:18:27 PM FingerPrint scan
INFO: Processing chunk : 771751936
Dec 3, 2014 9:18:27 PM FingerPrint computeMagnitude
INFO: FingerPrint: :25426.0:29855.0:127839.0:206264.0:545106.0:1032159.0:1982244.0:4064438.0:8065026.0:1.6217403E7 Result :3.229576E7
Dec 3, 2014 9:18:27 PM FingerPrint scan
INFO: Processing chunk : 788529152
Dec 3, 2014 9:18:27 PM FingerPrint computeMagnitude
INFO: FingerPrint: :53118.0:55799.0:142152.0:309723.0:708242.0:1339570.0:2461358.0:5093370.0:1.0258138E7:2.0227462E7 Result :4.0648932E7
Dec 3, 2014 9:18:27 PM FingerPrint scan
INFO: Processing chunk : 805306368
Dec 3, 2014 9:18:27 PM FingerPrint computeMagnitude
INFO: FingerPrint: :48650.0:105101.0:99975.0:329130.0:555303.0:1222472.0:2382507.0:4795846.0:9676068.0:1.91266E7 Result :3.8341652E7
Dec 3, 2014 9:18:27 PM FingerPrint scan
INFO: Processing chunk : 822083584
Dec 3, 2014 9:18:27 PM FingerPrint computeMagnitude
INFO: FingerPrint: :63545.0:82047.0:99367.0:271267.0:567525.0:1075279.0:2195892.0:4339181.0:8603876.0:1.7267409E7 Result :3.4565388E7
Dec 3, 2014 9:18:27 PM FingerPrint scan
INFO: Processing chunk : 838860800
Dec 3, 2014 9:18:27 PM FingerPrint computeMagnitude
INFO: FingerPrint: :51419.0:86108.0:64551.0:314236.0:582350.0:1059574.0:2306205.0:4452404.0:8945440.0:1.7985454E7 Result :3.5847741E7
Dec 3, 2014 9:18:27 PM FingerPrint scan
INFO: Processing chunk : 855638016
Dec 3, 2014 9:18:27 PM FingerPrint computeMagnitude
INFO: FingerPrint: :53743.0:54571.0:132888.0:201465.0:534439.0:1084361.0:2197399.0:4352357.0:8506194.0:1.7017181E7 Result :3.4134598E7
Dec 3, 2014 9:18:27 PM FingerPrint scan
INFO: Processing chunk : 872415232
Dec 3, 2014 9:18:27 PM FingerPrint computeMagnitude
INFO: FingerPrint: :50933.0:51855.0:116576.0:271335.0:533487.0:1013346.0:2176881.0:4317872.0:8457815.0:1.7012061E7 Result :3.4002161E7
Dec 3, 2014 9:18:27 PM FingerPrint scan
INFO: Processing chunk : 889192448
Dec 3, 2014 9:18:27 PM FingerPrint computeMagnitude
INFO: FingerPrint: :62706.0:36867.0:94538.0:219038.0:475683.0:967479.0:1744487.0:3759008.0:7463239.0:1.4814895E7 Result :2.963794E7
Dec 3, 2014 9:18:27 PM FingerPrint scan
INFO: Processing chunk : 905969664
Dec 3, 2014 9:18:27 PM FingerPrint computeMagnitude
INFO: FingerPrint: :34836.0:62832.0:77802.0:255347.0:474241.0:896462.0:1893549.0:3676572.0:7419670.0:1.482313E7 Result :2.9614441E7
Dec 3, 2014 9:18:27 PM FingerPrint scan
INFO: Processing chunk : 922746880
Dec 3, 2014 9:18:27 PM FingerPrint computeMagnitude
INFO: FingerPrint: :28028.0:52714.0:78980.0:244800.0:340400.0:935618.0:1619135.0:3431614.0:6923867.0:1.3440775E7 Result :2.7095931E7
Dec 3, 2014 9:18:27 PM FingerPrint scan
INFO: Processing chunk : 939524096
Dec 3, 2014 9:18:27 PM FingerPrint computeMagnitude
INFO: FingerPrint: :8850.0:83496.0:78056.0:243354.0:429796.0:896017.0:1889448.0:3654099.0:7252669.0:1.4572999E7 Result :2.9108784E7
Dec 3, 2014 9:18:27 PM FingerPrint scan
INFO: Processing chunk : 956301312
Dec 3, 2014 9:18:27 PM FingerPrint computeMagnitude
INFO: FingerPrint: :40024.0:47922.0:93834.0:223687.0:406364.0:889841.0:1681664.0:3430077.0:6846811.0:1.3643736E7 Result :2.730396E7
Dec 3, 2014 9:18:27 PM FingerPrint scan
INFO: Processing chunk : 973078528
Dec 3, 2014 9:18:27 PM FingerPrint computeMagnitude
INFO: FingerPrint: :38455.0:72230.0:106547.0:236215.0:463127.0:785254.0:1786188.0:3441709.0:6965831.0:1.4123841E7 Result :2.8019397E7
Dec 3, 2014 9:18:27 PM FingerPrint scan
INFO: Processing chunk : 989855744
Dec 3, 2014 9:18:27 PM FingerPrint computeMagnitude
INFO: FingerPrint: :17840.0:56925.0:62503.0:151832.0:290273.0:783980.0:1355556.0:2926344.0:5806517.0:1.1237793E7 Result :2.2689563E7
Dec 3, 2014 9:18:27 PM FingerPrint scan
INFO: Processing chunk : 1006632960
Dec 3, 2014 9:18:27 PM FingerPrint computeMagnitude
INFO: FingerPrint: :54493.0:101881.0:142090.0:308701.0:581892.0:1082527.0:2331422.0:4666458.0:9218220.0:1.8581095E7 Result :3.7068779E7
Dec 3, 2014 9:18:27 PM FingerPrint scan
INFO: Processing chunk : 1023410176
Dec 3, 2014 9:18:27 PM FingerPrint computeMagnitude
INFO: FingerPrint: :11900.0:90688.0:85951.0:286287.0:593343.0:1240975.0:2500289.0:4902237.0:9792944.0:1.9402417E7 Result :3.8907031E7
Dec 3, 2014 9:18:27 PM FingerPrint scan
INFO: Processing chunk : 1040187392
Dec 3, 2014 9:18:27 PM FingerPrint computeMagnitude
INFO: FingerPrint: :54201.0:107849.0:116211.0:247537.0:632070.0:1071444.0:2275451.0:4617552.0:9073465.0:1.8229176E7 Result :3.6424956E7
Dec 3, 2014 9:18:27 PM FingerPrint scan
INFO: Processing chunk : 1056964608
Dec 3, 2014 9:18:27 PM FingerPrint computeMagnitude
INFO: FingerPrint: :22683.0:98434.0:121356.0:278838.0:548586.0:1219779.0:2416794.0:4751320.0:9559373.0:1.8979293E7 Result :3.7996456E7
Dec 3, 2014 9:18:27 PM FingerPrint scan
INFO: Processing chunk : 1073741824
Dec 3, 2014 9:18:27 PM FingerPrint computeMagnitude
INFO: FingerPrint: :60219.0:62702.0:136960.0:261239.0:610001.0:1263238.0:2428532.0:4811422.0:9696969.0:1.9351898E7 Result :3.868318E7
Dec 3, 2014 9:18:27 PM FingerPrint scan
INFO: Processing chunk : 1090519040
Dec 3, 2014 9:18:27 PM FingerPrint computeMagnitude
INFO: FingerPrint: :40057.0:77384.0:159483.0:346378.0:549118.0:1158967.0:2296102.0:4664359.0:9337814.0:1.8588122E7 Result :3.7217784E7
Dec 3, 2014 9:18:27 PM FingerPrint scan
INFO: Processing chunk : 1107296256
Dec 3, 2014 9:18:27 PM FingerPrint computeMagnitude
INFO: FingerPrint: :32656.0:60761.0:124842.0:269883.0:487401.0:1011593.0:1875003.0:3917857.0:7822039.0:1.5489473E7 Result :3.1091508E7
Dec 3, 2014 9:18:27 PM FingerPrint scan
INFO: Processing chunk : 1124073472
Dec 3, 2014 9:18:27 PM FingerPrint computeMagnitude
INFO: FingerPrint: :26986.0:90242.0:88954.0:280484.0:350676.0:759295.0:1741301.0:3285340.0:6725644.0:1.3541869E7 Result :2.6890791E7
Dec 3, 2014 9:18:27 PM FingerPrint scan
INFO: Processing chunk : 1140850688
Dec 3, 2014 9:18:27 PM FingerPrint computeMagnitude
INFO: FingerPrint: :39216.0:48813.0:140923.0:196262.0:446246.0:903961.0:1708166.0:3639846.0:7254372.0:1.4227937E7 Result :2.8605742E7
Dec 3, 2014 9:18:27 PM FingerPrint scan
INFO: Processing chunk : 1157627904
Dec 3, 2014 9:18:27 PM FingerPrint computeMagnitude
INFO: FingerPrint: :32930.0:56776.0:92380.0:246902.0:451793.0:888680.0:1933968.0:3802406.0:7510307.0:1.5029241E7 Result :3.0045383E7
Dec 3, 2014 9:18:27 PM FingerPrint scan
INFO: Processing chunk : 1174405120
Dec 3, 2014 9:18:27 PM FingerPrint computeMagnitude
INFO: FingerPrint: :16154.0:56964.0:141789.0:265171.0:555720.0:853141.0:1875321.0:3775325.0:7587548.0:1.5266906E7 Result :3.0394039E7
Dec 3, 2014 9:18:27 PM FingerPrint scan
INFO: Processing chunk : 1191182336
Dec 3, 2014 9:18:27 PM FingerPrint computeMagnitude
INFO: FingerPrint: :31652.0:66838.0:148115.0:245569.0:502584.0:1049478.0:2107860.0:4174835.0:8412657.0:1.6827767E7 Result :3.3567355E7
Dec 3, 2014 9:18:27 PM FingerPrint scan
INFO: Processing chunk : 1207959552
Dec 3, 2014 9:18:27 PM FingerPrint computeMagnitude
INFO: FingerPrint: :21948.0:89437.0:133126.0:279880.0:555668.0:1056675.0:2214266.0:4366226.0:8657554.0:1.7515701E7 Result :3.4890481E7
Dec 3, 2014 9:18:27 PM FingerPrint scan
INFO: Processing chunk : 1224736768
Dec 3, 2014 9:18:27 PM FingerPrint computeMagnitude
INFO: FingerPrint: :51920.0:33108.0:127610.0:258097.0:521691.0:973817.0:1964999.0:3991230.0:7934715.0:1.5832979E7 Result :3.1690166E7
Dec 3, 2014 9:18:27 PM FingerPrint scan
INFO: Processing chunk : 1241513984
Dec 3, 2014 9:18:27 PM FingerPrint computeMagnitude
INFO: FingerPrint: :13451.0:51355.0:96603.0:193377.0:324043.0:714161.0:1416441.0:2889200.0:5744134.0:1.136854E7 Result :2.2811305E7
Dec 3, 2014 9:18:27 PM FingerPrint scan
INFO: Processing chunk : 1258291200
Dec 3, 2014 9:18:27 PM FingerPrint computeMagnitude
INFO: FingerPrint: :42021.0:97257.0:105986.0:326058.0:437136.0:1094783.0:2120502.0:4260690.0:8675417.0:1.711141E7 Result :3.427126E7
Dec 3, 2014 9:18:27 PM FingerPrint scan
INFO: Processing chunk : 1275068416
Dec 3, 2014 9:18:27 PM FingerPrint computeMagnitude
INFO: FingerPrint: :47159.0:49755.0:115674.0:276320.0:497147.0:1006344.0:1967806.0:3994474.0:8154026.0:1.6061613E7 Result :3.2170318E7
Dec 3, 2014 9:18:27 PM FingerPrint scan
INFO: Processing chunk : 1291845632
Dec 3, 2014 9:18:27 PM FingerPrint computeMagnitude
INFO: FingerPrint: :38308.0:49611.0:112265.0:259139.0:405501.0:857519.0:1645151.0:3282597.0:6803789.0:1.3441545E7 Result :2.6895425E7
Dec 3, 2014 9:18:27 PM FingerPrint scan
INFO: Processing chunk : 1308622848
Dec 3, 2014 9:18:27 PM FingerPrint computeMagnitude
INFO: FingerPrint: :76121.0:60744.0:203817.0:277304.0:636748.0:1007525.0:2378685.0:4660602.0:9330560.0:1.9022359E7 Result :3.7654465E7
Dec 3, 2014 9:18:27 PM FingerPrint scan
INFO: Processing chunk : 1325400064
Dec 3, 2014 9:18:27 PM FingerPrint computeMagnitude
INFO: FingerPrint: :31996.0:96396.0:190641.0:292518.0:637284.0:1433734.0:2895456.0:5787969.0:1.138629E7:2.2453543E7 Result :4.5205827E7
Dec 3, 2014 9:18:27 PM FingerPrint scan
INFO: Processing chunk : 1342177280
Dec 3, 2014 9:18:27 PM FingerPrint computeMagnitude
INFO: FingerPrint: :67243.0:47394.0:168180.0:319620.0:680654.0:1385368.0:2714185.0:5520423.0:1.0868909E7:2.1679178E7 Result :4.3451154E7
Dec 3, 2014 9:18:27 PM FingerPrint scan
INFO: Processing chunk : 1358954496
Dec 3, 2014 9:18:27 PM FingerPrint computeMagnitude
INFO: FingerPrint: :35333.0:44474.0:144988.0:171095.0:475396.0:949293.0:1910572.0:3743449.0:7351565.0:1.476669E7 Result :2.9592855E7
Dec 3, 2014 9:18:27 PM FingerPrint scan
INFO: Processing chunk : 1375731712
Dec 3, 2014 9:18:27 PM FingerPrint computeMagnitude
INFO: FingerPrint: :22289.0:85336.0:171095.0:256183.0:636744.0:1260549.0:2595371.0:5059433.0:1.0149734E7:2.0278018E7 Result :4.0514752E7
Dec 3, 2014 9:18:27 PM FingerPrint scan
INFO: Processing chunk : 1392508928
Dec 3, 2014 9:18:27 PM FingerPrint computeMagnitude
INFO: FingerPrint: :25629.0:87563.0:130747.0:300633.0:553840.0:1163406.0:2258753.0:4569177.0:9087819.0:1.8145745E7 Result :3.6323312E7
Dec 3, 2014 9:18:27 PM FingerPrint scan
INFO: Processing chunk : 1409286144
Dec 3, 2014 9:18:27 PM FingerPrint computeMagnitude
INFO: FingerPrint: :35825.0:42405.0:119722.0:308711.0:672813.0:1035029.0:2321231.0:4650620.0:9154366.0:1.8558194E7 Result :3.6898916E7
Dec 3, 2014 9:18:27 PM FingerPrint scan
INFO: Processing chunk : 1426063360
Dec 3, 2014 9:18:27 PM FingerPrint computeMagnitude
INFO: FingerPrint: :19579.0:30822.0:143777.0:274186.0:590828.0:1026125.0:2308541.0:4654120.0:9102717.0:1.8265882E7 Result :3.6416577E7
Dec 3, 2014 9:18:27 PM FingerPrint scan
INFO: Processing chunk : 1442840576
Dec 3, 2014 9:18:27 PM FingerPrint computeMagnitude
INFO: FingerPrint: :42720.0:79221.0:84551.0:268727.0:648359.0:1064105.0:2190571.0:4440021.0:8745877.0:1.7619481E7 Result :3.5183633E7
Dec 3, 2014 9:18:27 PM FingerPrint scan
INFO: Processing chunk : 1459617792
Dec 3, 2014 9:18:27 PM FingerPrint computeMagnitude
INFO: FingerPrint: :33701.0:57028.0:101926.0:258572.0:570897.0:946995.0:1954421.0:3994130.0:7956416.0:1.5911436E7 Result :3.1785522E7
Dec 3, 2014 9:18:27 PM FingerPrint scan
INFO: Processing chunk : 1476395008
Dec 3, 2014 9:18:27 PM FingerPrint computeMagnitude
INFO: FingerPrint: :26307.0:95667.0:80112.0:208561.0:339318.0:827052.0:1504246.0:3131482.0:6285765.0:1.2361864E7 Result :2.4860374E7
Dec 3, 2014 9:18:27 PM FingerPrint scan
INFO: Processing chunk : 1493172224
Dec 3, 2014 9:18:27 PM FingerPrint computeMagnitude
INFO: FingerPrint: :29034.0:52111.0:109214.0:189554.0:341524.0:593791.0:1354133.0:2657061.0:5468111.0:1.0865492E7 Result :2.1660025E7
Dec 3, 2014 9:18:27 PM FingerPrint scan
INFO: Processing chunk : 1509949440
Dec 3, 2014 9:18:27 PM FingerPrint computeMagnitude
INFO: FingerPrint: :11249.0:21385.0:32209.0:124619.0:275107.0:464151.0:985587.0:2051135.0:3934766.0:7887979.0 Result :1.5788187E7
Dec 3, 2014 9:18:27 PM FingerPrint scan
INFO: Processing chunk : 1526726656
Dec 3, 2014 9:18:27 PM FingerPrint computeMagnitude
INFO: FingerPrint: :49418.0:78974.0:96828.0:269917.0:519353.0:980573.0:1922372.0:4017099.0:7964815.0:1.6019081E7 Result :3.191843E7
Dec 3, 2014 9:18:27 PM FingerPrint scan
INFO: Processing chunk : 1543503872
Dec 3, 2014 9:18:27 PM FingerPrint computeMagnitude
INFO: FingerPrint: :27861.0:80376.0:162820.0:278773.0:512687.0:982446.0:2186744.0:4246180.0:8429440.0:1.7075097E7 Result :3.3982424E7
Dec 3, 2014 9:18:27 PM FingerPrint scan
INFO: Processing chunk : 1560281088
Dec 3, 2014 9:18:27 PM FingerPrint computeMagnitude
INFO: FingerPrint: :45075.0:69386.0:122750.0:225075.0:546773.0:1047566.0:2084794.0:4056667.0:8289132.0:1.6562729E7 Result :3.3049947E7
Dec 3, 2014 9:18:27 PM FingerPrint scan
INFO: Processing chunk : 1577058304
Dec 3, 2014 9:18:27 PM FingerPrint computeMagnitude
INFO: FingerPrint: :18717.0:91324.0:158002.0:230043.0:565894.0:1223302.0:2269043.0:4663238.0:9260738.0:1.8451943E7 Result :3.6932244E7
Dec 3, 2014 9:18:27 PM FingerPrint scan
INFO: Processing chunk : 1593835520
Dec 3, 2014 9:18:27 PM FingerPrint computeMagnitude
INFO: FingerPrint: :20047.0:69234.0:140106.0:229900.0:461139.0:888972.0:1973959.0:3915607.0:7652101.0:1.535818E7 Result :3.0709245E7
Dec 3, 2014 9:18:27 PM FingerPrint scan
INFO: Processing chunk : 1610612736
Dec 3, 2014 9:18:27 PM FingerPrint computeMagnitude
INFO: FingerPrint: :44532.0:62705.0:93131.0:281159.0:490837.0:1030812.0:2052228.0:3983553.0:8071405.0:1.6125665E7 Result :3.2236027E7
Dec 3, 2014 9:18:27 PM FingerPrint scan
INFO: Processing chunk : 1627389952
Dec 3, 2014 9:18:27 PM FingerPrint computeMagnitude
INFO: FingerPrint: :13301.0:37125.0:95217.0:140832.0:306469.0:606691.0:1192367.0:2390904.0:4764871.0:9586406.0 Result :1.9134183E7
Dec 3, 2014 9:18:27 PM FingerPrint scan
INFO: Processing chunk : 1644167168
Dec 3, 2014 9:18:27 PM FingerPrint computeMagnitude
INFO: FingerPrint: :12480.0:25822.0:35220.0:65235.0:130531.0:227330.0:522250.0:1028721.0:2039068.0:4128218.0 Result :8214875.0
Dec 3, 2014 9:18:27 PM FingerPrint scan
INFO: Processing chunk : 1660944384
Dec 3, 2014 9:18:27 PM FingerPrint computeMagnitude
INFO: FingerPrint: :3892.0:8783.0:23052.0:45620.0:75126.0:199870.0:350343.0:729053.0:1453651.0:2852904.0 Result :5742294.0
Dec 3, 2014 9:18:27 PM FingerPrint scan
INFO: Processing chunk : 1677721600
Dec 3, 2014 9:18:27 PM FingerPrint computeMagnitude
INFO: FingerPrint: :55988.0:52500.0:129128.0:231203.0:532542.0:868271.0:1869840.0:3725245.0:7355796.0:1.4902904E7 Result :2.9723417E7
Dec 3, 2014 9:18:27 PM FingerPrint scan
INFO: Processing chunk : 1694498816
Dec 3, 2014 9:18:27 PM FingerPrint computeMagnitude
INFO: FingerPrint: :10496.0:87344.0:135913.0:297887.0:636374.0:1094569.0:2181277.0:4510912.0:9021727.0:1.7975679E7 Result :3.5952178E7
Dec 3, 2014 9:18:27 PM FingerPrint scan
INFO: Processing chunk : 1711276032
Dec 3, 2014 9:18:27 PM FingerPrint computeMagnitude
INFO: FingerPrint: :17070.0:27319.0:64446.0:70658.0:246110.0:380341.0:711216.0:1552893.0:3051194.0:6149150.0 Result :1.2270397E7
Dec 3, 2014 9:18:27 PM FingerPrint scan
INFO: Processing chunk : 1728053248
Dec 3, 2014 9:18:27 PM FingerPrint computeMagnitude
INFO: FingerPrint: :23105.0:27781.0:60689.0:115598.0:259314.0:586817.0:1150732.0:2229755.0:4505136.0:8959158.0 Result :1.7918085E7
Dec 3, 2014 9:18:27 PM FingerPrint scan
INFO: Processing chunk : 1744830464
Dec 3, 2014 9:18:27 PM FingerPrint computeMagnitude
INFO: FingerPrint: :70342.0:43808.0:89803.0:176273.0:491017.0:1120043.0:2061106.0:4193670.0:8256235.0:1.6237596E7 Result :3.2739893E7
Dec 3, 2014 9:18:27 PM FingerPrint scan
INFO: Processing chunk : 1761607680
Dec 3, 2014 9:18:27 PM FingerPrint computeMagnitude
INFO: FingerPrint: :35394.0:94931.0:141362.0:267199.0:431587.0:1074460.0:2034513.0:4163307.0:8309389.0:1.6437709E7 Result :3.2989851E7
Dec 3, 2014 9:18:27 PM FingerPrint scan
INFO: Processing chunk : 1778384896
Dec 3, 2014 9:18:27 PM FingerPrint computeMagnitude
INFO: FingerPrint: :33414.0:76129.0:57153.0:295353.0:562422.0:823393.0:1943125.0:3783367.0:7579324.0:1.5470426E7 Result :3.0624106E7
Dec 3, 2014 9:18:27 PM AudioFileComparator fingerPrint
INFO: Trying to get fingerprint for file : /course/cs5500f14/Assignments/A5/Sor4959.wav
Dec 3, 2014 9:18:28 PM FingerPrint scan
INFO: Processing chunk : 0
Dec 3, 2014 9:18:28 PM FingerPrint computeMagnitude
INFO: FingerPrint: :12227.0:40242.0:104406.0:192138.0:378373.0:707751.0:1365624.0:2684489.0:5445158.0:1.0924318E7 Result :2.1854726E7
Dec 3, 2014 9:18:28 PM FingerPrint scan
INFO: Processing chunk : 16777216
Dec 3, 2014 9:18:28 PM FingerPrint computeMagnitude
INFO: FingerPrint: :13345.0:76284.0:53818.0:155772.0:266646.0:598263.0:1279321.0:2499265.0:4973114.0:9852918.0 Result :1.9768746E7
Dec 3, 2014 9:18:28 PM FingerPrint scan
INFO: Processing chunk : 33554432
Dec 3, 2014 9:18:28 PM FingerPrint computeMagnitude
INFO: FingerPrint: :20335.0:35666.0:46331.0:167656.0:289916.0:524376.0:1366886.0:2461940.0:4917930.0:9993734.0 Result :1.982477E7
Dec 3, 2014 9:18:28 PM FingerPrint scan
INFO: Processing chunk : 50331648
Dec 3, 2014 9:18:28 PM FingerPrint computeMagnitude
INFO: FingerPrint: :14788.0:24764.0:120479.0:148020.0:374807.0:678285.0:1226984.0:2612907.0:5176657.0:1.0388424E7 Result :2.0766115E7
Dec 3, 2014 9:18:28 PM FingerPrint scan
INFO: Processing chunk : 67108864
Dec 3, 2014 9:18:28 PM FingerPrint computeMagnitude
INFO: FingerPrint: :24069.0:58506.0:50692.0:169990.0:310357.0:603643.0:1342818.0:2531231.0:5071165.0:1.0154544E7 Result :2.0317015E7
Dec 3, 2014 9:18:28 PM FingerPrint scan
INFO: Processing chunk : 83886080
Dec 3, 2014 9:18:28 PM FingerPrint computeMagnitude
INFO: FingerPrint: :29462.0:42542.0:62338.0:140131.0:321912.0:627258.0:1266580.0:2566702.0:5090192.0:1.0166728E7 Result :2.0313845E7
Dec 3, 2014 9:18:28 PM FingerPrint scan
INFO: Processing chunk : 100663296
Dec 3, 2014 9:18:28 PM FingerPrint computeMagnitude
INFO: FingerPrint: :30174.0:64711.0:92621.0:111864.0:308054.0:568770.0:1087449.0:2365828.0:4585212.0:9267357.0 Result :1.848204E7
Dec 3, 2014 9:18:28 PM FingerPrint scan
INFO: Processing chunk : 117440512
Dec 3, 2014 9:18:28 PM FingerPrint computeMagnitude
INFO: FingerPrint: :8581.0:49272.0:95046.0:116260.0:329556.0:562388.0:1149010.0:2315040.0:4669343.0:9302967.0 Result :1.8597463E7
Dec 3, 2014 9:18:28 PM FingerPrint scan
INFO: Processing chunk : 134217728
Dec 3, 2014 9:18:28 PM FingerPrint computeMagnitude
INFO: FingerPrint: :9427.0:31128.0:55528.0:177403.0:298180.0:517602.0:1205142.0:2269966.0:4557085.0:9170689.0 Result :1.829215E7
Dec 3, 2014 9:18:28 PM FingerPrint scan
INFO: Processing chunk : 150994944
Dec 3, 2014 9:18:28 PM FingerPrint computeMagnitude
INFO: FingerPrint: :11258.0:47477.0:45297.0:126284.0:251601.0:637495.0:1177582.0:2323994.0:4663090.0:9325246.0 Result :1.8609324E7
Dec 3, 2014 9:18:28 PM FingerPrint scan
INFO: Processing chunk : 167772160
Dec 3, 2014 9:18:28 PM FingerPrint computeMagnitude
INFO: FingerPrint: :8955.0:54125.0:65613.0:171633.0:280883.0:657792.0:1336358.0:2666150.0:5343352.0:1.0528326E7 Result :2.1113187E7
Dec 3, 2014 9:18:28 PM FingerPrint scan
INFO: Processing chunk : 184549376
Dec 3, 2014 9:18:28 PM FingerPrint computeMagnitude
INFO: FingerPrint: :8715.0:78989.0:119560.0:403031.0:757174.0:1407070.0:2766287.0:5603391.0:1.1179271E7:2.2369227E7 Result :4.4692715E7
Dec 3, 2014 9:18:28 PM FingerPrint scan
INFO: Processing chunk : 201326592
Dec 3, 2014 9:18:28 PM FingerPrint computeMagnitude
INFO: FingerPrint: :75463.0:102642.0:190711.0:351257.0:824369.0:1535143.0:3163908.0:6233235.0:1.2415946E7:2.4972101E7 Result :4.9864775E7
Dec 3, 2014 9:18:28 PM FingerPrint scan
INFO: Processing chunk : 218103808
Dec 3, 2014 9:18:28 PM FingerPrint computeMagnitude
INFO: FingerPrint: :12841.0:132567.0:187655.0:395301.0:767982.0:1620351.0:3137450.0:6371949.0:1.2744549E7:2.5402284E7 Result :5.0772929E7
Dec 3, 2014 9:18:28 PM FingerPrint scan
INFO: Processing chunk : 234881024
Dec 3, 2014 9:18:28 PM FingerPrint computeMagnitude
INFO: FingerPrint: :70171.0:119719.0:122539.0:401917.0:760021.0:1398233.0:2927247.0:5813839.0:1.1649931E7:2.3368759E7 Result :4.6632376E7
Dec 3, 2014 9:18:28 PM FingerPrint scan
INFO: Processing chunk : 251658240
Dec 3, 2014 9:18:28 PM FingerPrint computeMagnitude
INFO: FingerPrint: :16758.0:53914.0:116886.0:424880.0:668947.0:1322427.0:2758071.0:5305765.0:1.0770491E7:2.1622696E7 Result :4.3060835E7
Dec 3, 2014 9:18:28 PM FingerPrint scan
INFO: Processing chunk : 268435456
Dec 3, 2014 9:18:28 PM FingerPrint computeMagnitude
INFO: FingerPrint: :57455.0:91877.0:124964.0:321251.0:634855.0:1242817.0:2667702.0:5101240.0:1.0357763E7:2.0761487E7 Result :4.1361411E7
Dec 3, 2014 9:18:28 PM FingerPrint scan
INFO: Processing chunk : 285212672
Dec 3, 2014 9:18:28 PM FingerPrint computeMagnitude
INFO: FingerPrint: :26639.0:77481.0:225004.0:188320.0:634225.0:1037447.0:2170648.0:4506379.0:8896379.0:1.7787073E7 Result :3.5549595E7
Dec 3, 2014 9:18:28 PM FingerPrint scan
INFO: Processing chunk : 301989888
Dec 3, 2014 9:18:28 PM FingerPrint computeMagnitude
INFO: FingerPrint: :22830.0:26692.0:194947.0:268428.0:620284.0:1166269.0:2116614.0:4504813.0:8845970.0:1.7604835E7 Result :3.5371682E7
Dec 3, 2014 9:18:28 PM FingerPrint scan
INFO: Processing chunk : 318767104
Dec 3, 2014 9:18:28 PM FingerPrint computeMagnitude
INFO: FingerPrint: :22159.0:73336.0:87371.0:359080.0:486469.0:995474.0:1967344.0:3894728.0:7979135.0:1.5900212E7 Result :3.1765308E7
Dec 3, 2014 9:18:28 PM FingerPrint scan
INFO: Processing chunk : 335544320
Dec 3, 2014 9:18:28 PM FingerPrint computeMagnitude
INFO: FingerPrint: :55461.0:104949.0:75136.0:242729.0:537786.0:861395.0:2100903.0:3880537.0:7832770.0:1.5918255E7 Result :3.1609921E7
Dec 3, 2014 9:18:28 PM FingerPrint scan
INFO: Processing chunk : 352321536
Dec 3, 2014 9:18:28 PM FingerPrint computeMagnitude
INFO: FingerPrint: :10552.0:31222.0:78098.0:182560.0:523960.0:858518.0:1590122.0:3273172.0:6497129.0:1.3114526E7 Result :2.6159859E7
Dec 3, 2014 9:18:28 PM FingerPrint scan
INFO: Processing chunk : 369098752
Dec 3, 2014 9:18:28 PM FingerPrint computeMagnitude
INFO: FingerPrint: :70124.0:46936.0:123977.0:236359.0:413045.0:1001604.0:1944797.0:3932418.0:7773181.0:1.5589857E7 Result :3.1132298E7
Dec 3, 2014 9:18:28 PM FingerPrint scan
INFO: Processing chunk : 385875968
Dec 3, 2014 9:18:28 PM FingerPrint computeMagnitude
INFO: FingerPrint: :61383.0:56284.0:213019.0:316951.0:593112.0:1316814.0:2376135.0:5107049.0:1.008209E7:2.0061802E7 Result :4.0184639E7
Dec 3, 2014 9:18:28 PM FingerPrint scan
INFO: Processing chunk : 402653184
Dec 3, 2014 9:18:28 PM FingerPrint computeMagnitude
INFO: FingerPrint: :72140.0:97264.0:129565.0:265059.0:512305.0:1130734.0:2278249.0:4428111.0:9057859.0:1.8070447E7 Result :3.6041733E7
Dec 3, 2014 9:18:28 PM FingerPrint scan
INFO: Processing chunk : 419430400
Dec 3, 2014 9:18:28 PM FingerPrint computeMagnitude
INFO: FingerPrint: :28113.0:42843.0:51648.0:274826.0:498656.0:1007380.0:2207903.0:4186088.0:8291378.0:1.6641272E7 Result :3.3230107E7
Dec 3, 2014 9:18:28 PM FingerPrint scan
INFO: Processing chunk : 436207616
Dec 3, 2014 9:18:28 PM FingerPrint computeMagnitude
INFO: FingerPrint: :29221.0:67250.0:91158.0:168022.0:564896.0:971349.0:2154050.0:4197109.0:8107004.0:1.6526713E7 Result :3.2876772E7
Dec 3, 2014 9:18:28 PM FingerPrint scan
INFO: Processing chunk : 452984832
Dec 3, 2014 9:18:28 PM FingerPrint computeMagnitude
INFO: FingerPrint: :26361.0:79488.0:138791.0:298452.0:489735.0:1043353.0:2064735.0:4025252.0:8212532.0:1.6393324E7 Result :3.2772023E7
Dec 3, 2014 9:18:28 PM FingerPrint scan
INFO: Processing chunk : 469762048
Dec 3, 2014 9:18:28 PM FingerPrint computeMagnitude
INFO: FingerPrint: :39815.0:39392.0:169760.0:219675.0:523834.0:959548.0:1810503.0:3956456.0:7719294.0:1.5488699E7 Result :3.0926976E7
Dec 3, 2014 9:18:28 PM FingerPrint scan
INFO: Processing chunk : 486539264
Dec 3, 2014 9:18:28 PM FingerPrint computeMagnitude
INFO: FingerPrint: :8693.0:97584.0:184143.0:197218.0:602704.0:1157203.0:2059401.0:4440600.0:8673766.0:1.7303864E7 Result :3.4725176E7
Dec 3, 2014 9:18:28 PM FingerPrint scan
INFO: Processing chunk : 503316480
Dec 3, 2014 9:18:28 PM FingerPrint computeMagnitude
INFO: FingerPrint: :38628.0:99353.0:152039.0:256353.0:684617.0:1306236.0:2532651.0:5165390.0:1.0196623E7:2.0437641E7 Result :4.0869531E7
Dec 3, 2014 9:18:28 PM FingerPrint scan
INFO: Processing chunk : 520093696
Dec 3, 2014 9:18:28 PM FingerPrint computeMagnitude
INFO: FingerPrint: :23999.0:38987.0:129427.0:333511.0:617484.0:1190813.0:2372244.0:4650402.0:9318305.0:1.8747976E7 Result :3.7423148E7
Dec 3, 2014 9:18:28 PM FingerPrint scan
INFO: Processing chunk : 536870912
Dec 3, 2014 9:18:28 PM FingerPrint computeMagnitude
INFO: FingerPrint: :25847.0:71124.0:131358.0:293453.0:553389.0:1073442.0:2159970.0:4313470.0:8648898.0:1.724161E7 Result :3.4512561E7
Dec 3, 2014 9:18:28 PM FingerPrint scan
INFO: Processing chunk : 553648128
Dec 3, 2014 9:18:28 PM FingerPrint computeMagnitude
INFO: FingerPrint: :14509.0:81959.0:81855.0:141233.0:522983.0:789181.0:1793359.0:3707461.0:7128863.0:1.4390536E7 Result :2.8651939E7
Dec 3, 2014 9:18:28 PM FingerPrint scan
INFO: Processing chunk : 570425344
Dec 3, 2014 9:18:28 PM FingerPrint computeMagnitude
INFO: FingerPrint: :17620.0:8373.0:102803.0:223828.0:378664.0:934991.0:1707667.0:3464706.0:6915273.0:1.3677674E7 Result :2.7431599E7
Dec 3, 2014 9:18:28 PM FingerPrint scan
INFO: Processing chunk : 587202560
Dec 3, 2014 9:18:28 PM FingerPrint computeMagnitude
INFO: FingerPrint: :14084.0:53545.0:122451.0:279629.0:518027.0:939706.0:1956244.0:3919398.0:7743920.0:1.5607735E7 Result :3.1154739E7
Dec 3, 2014 9:18:28 PM FingerPrint scan
INFO: Processing chunk : 603979776
Dec 3, 2014 9:18:28 PM FingerPrint computeMagnitude
INFO: FingerPrint: :35895.0:54769.0:172486.0:296137.0:573635.0:1022697.0:2137071.0:4320297.0:8520684.0:1.712436E7 Result :3.4258031E7
Dec 3, 2014 9:18:28 PM FingerPrint scan
INFO: Processing chunk : 620756992
Dec 3, 2014 9:18:28 PM FingerPrint computeMagnitude
INFO: FingerPrint: :53989.0:68933.0:127102.0:289208.0:558036.0:1163499.0:2255480.0:4488623.0:8986450.0:1.8112403E7 Result :3.6103723E7
Dec 3, 2014 9:18:28 PM FingerPrint scan
INFO: Processing chunk : 637534208
Dec 3, 2014 9:18:28 PM FingerPrint computeMagnitude
INFO: FingerPrint: :12824.0:86696.0:139061.0:249775.0:432164.0:1009787.0:1974902.0:3923980.0:7982657.0:1.58008E7 Result :3.1612646E7
Dec 3, 2014 9:18:28 PM FingerPrint scan
INFO: Processing chunk : 654311424
Dec 3, 2014 9:18:28 PM FingerPrint computeMagnitude
INFO: FingerPrint: :35202.0:34040.0:105023.0:269543.0:515010.0:835875.0:1904092.0:3703444.0:7515194.0:1.5083697E7 Result :3.000112E7
Dec 3, 2014 9:18:28 PM FingerPrint scan
INFO: Processing chunk : 671088640
Dec 3, 2014 9:18:28 PM FingerPrint computeMagnitude
INFO: FingerPrint: :50941.0:54919.0:85965.0:200829.0:432930.0:865520.0:1646500.0:3436060.0:6835578.0:1.3621294E7 Result :2.7230536E7
Dec 3, 2014 9:18:28 PM FingerPrint scan
INFO: Processing chunk : 687865856
Dec 3, 2014 9:18:28 PM FingerPrint computeMagnitude
INFO: FingerPrint: :25571.0:71228.0:141453.0:220196.0:394911.0:849489.0:1690378.0:3405108.0:6853203.0:1.3631608E7 Result :2.7283145E7
Dec 3, 2014 9:18:28 PM FingerPrint scan
INFO: Processing chunk : 704643072
Dec 3, 2014 9:18:28 PM FingerPrint computeMagnitude
INFO: FingerPrint: :49448.0:91725.0:130994.0:210961.0:506767.0:1122417.0:2030472.0:4170936.0:8348508.0:1.6674341E7 Result :3.3336569E7
Dec 3, 2014 9:18:28 PM FingerPrint scan
INFO: Processing chunk : 721420288
Dec 3, 2014 9:18:28 PM FingerPrint computeMagnitude
INFO: FingerPrint: :64339.0:89663.0:109791.0:237626.0:684170.0:1010655.0:2305979.0:4377423.0:8754631.0:1.7890896E7 Result :3.5525173E7
Dec 3, 2014 9:18:28 PM FingerPrint scan
INFO: Processing chunk : 738197504
Dec 3, 2014 9:18:28 PM FingerPrint computeMagnitude
INFO: FingerPrint: :20123.0:71476.0:135922.0:277477.0:497225.0:1125866.0:2082560.0:4175712.0:8358570.0:1.6714294E7 Result :3.3459225E7
Dec 3, 2014 9:18:28 PM FingerPrint scan
INFO: Processing chunk : 754974720
Dec 3, 2014 9:18:28 PM FingerPrint computeMagnitude
INFO: FingerPrint: :58468.0:51543.0:113533.0:293718.0:517820.0:977555.0:2144129.0:4182881.0:8337197.0:1.6767817E7 Result :3.3444661E7
Dec 3, 2014 9:18:28 PM FingerPrint scan
INFO: Processing chunk : 771751936
Dec 3, 2014 9:18:28 PM FingerPrint computeMagnitude
INFO: FingerPrint: :25333.0:29582.0:126800.0:204591.0:541332.0:1024078.0:1969359.0:4036046.0:8009998.0:1.6107185E7 Result :3.2074304E7
Dec 3, 2014 9:18:28 PM FingerPrint scan
INFO: Processing chunk : 788529152
Dec 3, 2014 9:18:28 PM FingerPrint computeMagnitude
INFO: FingerPrint: :53201.0:55861.0:141555.0:307355.0:700144.0:1330986.0:2441569.0:5049791.0:1.017687E7:2.0062948E7 Result :4.032028E7
Dec 3, 2014 9:18:28 PM FingerPrint scan
INFO: Processing chunk : 805306368
Dec 3, 2014 9:18:28 PM FingerPrint computeMagnitude
INFO: FingerPrint: :47674.0:103476.0:98565.0:325526.0:549282.0:1211285.0:2370977.0:4762011.0:9604994.0:1.898475E7 Result :3.805854E7
Dec 3, 2014 9:18:28 PM FingerPrint scan
INFO: Processing chunk : 822083584
Dec 3, 2014 9:18:28 PM FingerPrint computeMagnitude
INFO: FingerPrint: :62714.0:80651.0:98012.0:268171.0:563013.0:1067082.0:2178204.0:4305967.0:8536890.0:1.7131585E7 Result :3.4292289E7
Dec 3, 2014 9:18:28 PM FingerPrint scan
INFO: Processing chunk : 838860800
Dec 3, 2014 9:18:28 PM FingerPrint computeMagnitude
INFO: FingerPrint: :51005.0:86498.0:63933.0:313897.0:580565.0:1054808.0:2295776.0:4431632.0:8902679.0:1.7902792E7 Result :3.5683585E7
Dec 3, 2014 9:18:28 PM FingerPrint scan
INFO: Processing chunk : 855638016
Dec 3, 2014 9:18:28 PM FingerPrint computeMagnitude
INFO: FingerPrint: :53302.0:54194.0:132101.0:200311.0:530198.0:1075834.0:2180939.0:4319228.0:8441053.0:1.6887855E7 Result :3.3875015E7
Dec 3, 2014 9:18:28 PM FingerPrint scan
INFO: Processing chunk : 872415232
Dec 3, 2014 9:18:28 PM FingerPrint computeMagnitude
INFO: FingerPrint: :50268.0:51322.0:116097.0:269566.0:530364.0:1005212.0:2162529.0:4292657.0:8404034.0:1.6907071E7 Result :3.378912E7
Dec 3, 2014 9:18:28 PM FingerPrint scan
INFO: Processing chunk : 889192448
Dec 3, 2014 9:18:28 PM FingerPrint computeMagnitude
INFO: FingerPrint: :62444.0:37320.0:93943.0:217170.0:473692.0:961281.0:1728434.0:3730364.0:7410079.0:1.4703371E7 Result :2.9418098E7
Dec 3, 2014 9:18:28 PM FingerPrint scan
INFO: Processing chunk : 905969664
Dec 3, 2014 9:18:28 PM FingerPrint computeMagnitude
INFO: FingerPrint: :34406.0:62741.0:77562.0:253591.0:470257.0:891198.0:1880043.0:3647185.0:7366162.0:1.4713347E7 Result :2.9396492E7
Dec 3, 2014 9:18:28 PM FingerPrint scan
INFO: Processing chunk : 922746880
Dec 3, 2014 9:18:28 PM FingerPrint computeMagnitude
INFO: FingerPrint: :27661.0:52378.0:78824.0:242956.0:337548.0:928629.0:1608389.0:3409095.0:6877617.0:1.3351709E7 Result :2.6914806E7
Dec 3, 2014 9:18:28 PM FingerPrint scan
INFO: Processing chunk : 939524096
Dec 3, 2014 9:18:28 PM FingerPrint computeMagnitude
INFO: FingerPrint: :8908.0:82432.0:77359.0:241674.0:425939.0:888601.0:1873216.0:3623504.0:7189599.0:1.4445891E7 Result :2.8857123E7
Dec 3, 2014 9:18:28 PM FingerPrint scan
INFO: Processing chunk : 956301312
Dec 3, 2014 9:18:28 PM FingerPrint computeMagnitude
INFO: FingerPrint: :39642.0:48046.0:93661.0:221614.0:403490.0:880035.0:1667946.0:3405119.0:6792492.0:1.3536966E7 Result :2.7089011E7
Dec 3, 2014 9:18:28 PM FingerPrint scan
INFO: Processing chunk : 973078528
Dec 3, 2014 9:18:28 PM FingerPrint computeMagnitude
INFO: FingerPrint: :37963.0:71152.0:104658.0:233309.0:458480.0:779472.0:1774237.0:3415327.0:6915455.0:1.4014111E7 Result :2.7804164E7
Dec 3, 2014 9:18:28 PM FingerPrint scan
INFO: Processing chunk : 989855744
Dec 3, 2014 9:18:28 PM FingerPrint computeMagnitude
INFO: FingerPrint: :17728.0:56754.0:62127.0:150571.0:286681.0:778068.0:1345301.0:2903898.0:5764552.0:1.1153727E7 Result :2.2519407E7
Dec 3, 2014 9:18:28 PM FingerPrint scan
INFO: Processing chunk : 1006632960
Dec 3, 2014 9:18:28 PM FingerPrint computeMagnitude
INFO: FingerPrint: :53859.0:101023.0:141338.0:305615.0:576531.0:1074075.0:2316554.0:4629277.0:9149924.0:1.8437819E7 Result :3.6786015E7
Dec 3, 2014 9:18:28 PM FingerPrint scan
INFO: Processing chunk : 1023410176
Dec 3, 2014 9:18:28 PM FingerPrint computeMagnitude
INFO: FingerPrint: :12297.0:89774.0:85377.0:284463.0:587702.0:1231606.0:2480143.0:4863988.0:9717560.0:1.9250738E7 Result :3.8603648E7
Dec 3, 2014 9:18:28 PM FingerPrint scan
INFO: Processing chunk : 1040187392
Dec 3, 2014 9:18:28 PM FingerPrint computeMagnitude
INFO: FingerPrint: :53790.0:107009.0:114684.0:244862.0:626909.0:1062767.0:2255432.0:4581488.0:8996230.0:1.8077181E7 Result :3.6120352E7
Dec 3, 2014 9:18:28 PM FingerPrint scan
INFO: Processing chunk : 1056964608
Dec 3, 2014 9:18:28 PM FingerPrint computeMagnitude
INFO: FingerPrint: :22414.0:97719.0:120624.0:276681.0:546479.0:1211848.0:2404556.0:4723164.0:9501753.0:1.8868672E7 Result :3.777391E7
Dec 3, 2014 9:18:28 PM FingerPrint scan
INFO: Processing chunk : 1073741824
Dec 3, 2014 9:18:28 PM FingerPrint computeMagnitude
INFO: FingerPrint: :60150.0:62428.0:135595.0:258910.0:605840.0:1255437.0:2413195.0:4777436.0:9631765.0:1.9221453E7 Result :3.8422209E7
Dec 3, 2014 9:18:28 PM FingerPrint scan
INFO: Processing chunk : 1090519040
Dec 3, 2014 9:18:28 PM FingerPrint computeMagnitude
INFO: FingerPrint: :39674.0:77401.0:158396.0:342639.0:545988.0:1153597.0:2279576.0:4633951.0:9272795.0:1.8458399E7 Result :3.6962416E7
Dec 3, 2014 9:18:28 PM FingerPrint scan
INFO: Processing chunk : 1107296256
Dec 3, 2014 9:18:28 PM FingerPrint computeMagnitude
INFO: FingerPrint: :32233.0:60206.0:123509.0:268060.0:483205.0:1003501.0:1859825.0:3885948.0:7758120.0:1.5364405E7 Result :3.0839012E7
Dec 3, 2014 9:18:28 PM FingerPrint scan
INFO: Processing chunk : 1124073472
Dec 3, 2014 9:18:28 PM FingerPrint computeMagnitude
INFO: FingerPrint: :26575.0:89501.0:88326.0:278729.0:348774.0:752143.0:1728357.0:3257577.0:6669683.0:1.3432426E7 Result :2.6672091E7
Dec 3, 2014 9:18:28 PM FingerPrint scan
INFO: Processing chunk : 1140850688
Dec 3, 2014 9:18:28 PM FingerPrint computeMagnitude
INFO: FingerPrint: :39139.0:48538.0:139838.0:194818.0:442003.0:897254.0:1695141.0:3611616.0:7200534.0:1.4121757E7 Result :2.8390638E7
Dec 3, 2014 9:18:28 PM FingerPrint scan
INFO: Processing chunk : 1157627904
Dec 3, 2014 9:18:28 PM FingerPrint computeMagnitude
INFO: FingerPrint: :32520.0:56185.0:91549.0:246712.0:449987.0:885236.0:1921447.0:3780012.0:7467267.0:1.4949498E7 Result :2.9880413E7
Dec 3, 2014 9:18:28 PM FingerPrint scan
INFO: Processing chunk : 1174405120
Dec 3, 2014 9:18:28 PM FingerPrint computeMagnitude
INFO: FingerPrint: :16345.0:57434.0:140683.0:263465.0:553518.0:848857.0:1861889.0:3752149.0:7537757.0:1.5171142E7 Result :3.0203239E7
Dec 3, 2014 9:18:28 PM FingerPrint scan
INFO: Processing chunk : 1191182336
Dec 3, 2014 9:18:29 PM FingerPrint computeMagnitude
INFO: FingerPrint: :31697.0:66356.0:146497.0:243366.0:498191.0:1040155.0:2092421.0:4139708.0:8345111.0:1.6692138E7 Result :3.329564E7
Dec 3, 2014 9:18:29 PM FingerPrint scan
INFO: Processing chunk : 1207959552
Dec 3, 2014 9:18:29 PM FingerPrint computeMagnitude
INFO: FingerPrint: :21473.0:88932.0:132082.0:278073.0:551387.0:1049979.0:2200147.0:4335457.0:8598778.0:1.7395056E7 Result :3.4651364E7
Dec 3, 2014 9:18:29 PM FingerPrint scan
INFO: Processing chunk : 1224736768
Dec 3, 2014 9:18:29 PM FingerPrint computeMagnitude
INFO: FingerPrint: :51125.0:33280.0:127028.0:255459.0:518237.0:963501.0:1950086.0:3958308.0:7867591.0:1.5704672E7 Result :3.1429287E7
Dec 3, 2014 9:18:29 PM FingerPrint scan
INFO: Processing chunk : 1241513984
Dec 3, 2014 9:18:29 PM FingerPrint computeMagnitude
INFO: FingerPrint: :13517.0:50898.0:95825.0:192066.0:322015.0:709618.0:1406148.0:2869653.0:5705222.0:1.1290876E7 Result :2.2655838E7
Dec 3, 2014 9:18:29 PM FingerPrint scan
INFO: Processing chunk : 1258291200
Dec 3, 2014 9:18:29 PM FingerPrint computeMagnitude
INFO: FingerPrint: :41729.0:96976.0:104795.0:324100.0:433991.0:1087151.0:2103560.0:4224355.0:8603868.0:1.6971554E7 Result :3.3992079E7
Dec 3, 2014 9:18:29 PM FingerPrint scan
INFO: Processing chunk : 1275068416
Dec 3, 2014 9:18:29 PM FingerPrint computeMagnitude
INFO: FingerPrint: :46785.0:49284.0:115000.0:274311.0:492909.0:998065.0:1952699.0:3964130.0:8092222.0:1.5940148E7 Result :3.1925553E7
Dec 3, 2014 9:18:29 PM FingerPrint scan
INFO: Processing chunk : 1291845632
Dec 3, 2014 9:18:29 PM FingerPrint computeMagnitude
INFO: FingerPrint: :38259.0:48771.0:111293.0:257874.0:402685.0:848482.0:1636242.0:3263782.0:6753099.0:1.3347616E7 Result :2.6708103E7
Dec 3, 2014 9:18:29 PM FingerPrint scan
INFO: Processing chunk : 1308622848
Dec 3, 2014 9:18:29 PM FingerPrint computeMagnitude
INFO: FingerPrint: :75030.0:60611.0:203779.0:277567.0:631761.0:1004912.0:2356714.0:4635751.0:9276716.0:1.8916681E7 Result :3.7439522E7
Dec 3, 2014 9:18:29 PM FingerPrint scan
INFO: Processing chunk : 1325400064
Dec 3, 2014 9:18:29 PM FingerPrint computeMagnitude
INFO: FingerPrint: :31663.0:96121.0:189884.0:290420.0:633719.0:1424858.0:2881289.0:5757151.0:1.1325733E7:2.2339827E7 Result :4.4970665E7
Dec 3, 2014 9:18:29 PM FingerPrint scan
INFO: Processing chunk : 1342177280
Dec 3, 2014 9:18:29 PM FingerPrint computeMagnitude
INFO: FingerPrint: :66936.0:46920.0:166909.0:317269.0:676584.0:1374954.0:2694012.0:5479959.0:1.0788378E7:2.1517457E7 Result :4.3129378E7
Dec 3, 2014 9:18:29 PM FingerPrint scan
INFO: Processing chunk : 1358954496
Dec 3, 2014 9:18:29 PM FingerPrint computeMagnitude
INFO: FingerPrint: :34570.0:44554.0:143853.0:168924.0:471443.0:944791.0:1901192.0:3722174.0:7310751.0:1.4682454E7 Result :2.9424706E7
Dec 3, 2014 9:18:29 PM FingerPrint scan
INFO: Processing chunk : 1375731712
Dec 3, 2014 9:18:29 PM FingerPrint computeMagnitude
INFO: FingerPrint: :22080.0:85202.0:169996.0:254678.0:633260.0:1251674.0:2577722.0:5024354.0:1.0080041E7:2.0144212E7 Result :4.0243219E7
Dec 3, 2014 9:18:29 PM FingerPrint scan
INFO: Processing chunk : 1392508928
Dec 3, 2014 9:18:29 PM FingerPrint computeMagnitude
INFO: FingerPrint: :25795.0:86923.0:129078.0:298211.0:549414.0:1154755.0:2241027.0:4535091.0:9021385.0:1.8008451E7 Result :3.605013E7
Dec 3, 2014 9:18:29 PM FingerPrint scan
INFO: Processing chunk : 1409286144
Dec 3, 2014 9:18:29 PM FingerPrint computeMagnitude
INFO: FingerPrint: :35353.0:42123.0:119064.0:307383.0:667539.0:1027303.0:2303995.0:4615452.0:9086344.0:1.842039E7 Result :3.6624946E7
Dec 3, 2014 9:18:29 PM FingerPrint scan
INFO: Processing chunk : 1426063360
Dec 3, 2014 9:18:29 PM FingerPrint computeMagnitude
INFO: FingerPrint: :19428.0:30653.0:143769.0:273515.0:586727.0:1018634.0:2290626.0:4625725.0:9041513.0:1.8140663E7 Result :3.6171253E7
Dec 3, 2014 9:18:29 PM FingerPrint scan
INFO: Processing chunk : 1442840576
Dec 3, 2014 9:18:29 PM FingerPrint computeMagnitude
INFO: FingerPrint: :42437.0:78431.0:83699.0:266699.0:642535.0:1056182.0:2175896.0:4405514.0:8680063.0:1.7488122E7 Result :3.4919578E7
Dec 3, 2014 9:18:29 PM FingerPrint scan
INFO: Processing chunk : 1459617792
Dec 3, 2014 9:18:29 PM FingerPrint computeMagnitude
INFO: FingerPrint: :33483.0:56651.0:101028.0:255262.0:566756.0:937751.0:1940509.0:3963733.0:7891222.0:1.5783522E7 Result :3.1529917E7
Dec 3, 2014 9:18:29 PM FingerPrint scan
INFO: Processing chunk : 1476395008
Dec 3, 2014 9:18:29 PM FingerPrint computeMagnitude
INFO: FingerPrint: :26217.0:94856.0:79690.0:206890.0:336643.0:820680.0:1492385.0:3106983.0:6237323.0:1.2265245E7 Result :2.4666912E7
Dec 3, 2014 9:18:29 PM FingerPrint scan
INFO: Processing chunk : 1493172224
Dec 3, 2014 9:18:29 PM FingerPrint computeMagnitude
INFO: FingerPrint: :28597.0:51316.0:108404.0:187958.0:338589.0:589569.0:1342759.0:2635641.0:5423783.0:1.0776479E7 Result :2.1483095E7
Dec 3, 2014 9:18:29 PM FingerPrint scan
INFO: Processing chunk : 1509949440
Dec 3, 2014 9:18:29 PM FingerPrint computeMagnitude
INFO: FingerPrint: :10290.0:21673.0:32354.0:126463.0:270793.0:458783.0:976002.0:2035811.0:3896585.0:7812541.0 Result :1.5641295E7
Dec 3, 2014 9:18:29 PM FingerPrint scan
INFO: Processing chunk : 1526726656
Dec 3, 2014 9:18:29 PM FingerPrint computeMagnitude
INFO: FingerPrint: :48785.0:77391.0:97269.0:266873.0:515639.0:971913.0:1907538.0:3976047.0:7898843.0:1.5879976E7 Result :3.1640274E7
Dec 3, 2014 9:18:29 PM FingerPrint scan
INFO: Processing chunk : 1543503872
Dec 3, 2014 9:18:29 PM FingerPrint computeMagnitude
INFO: FingerPrint: :27482.0:79887.0:162369.0:276085.0:509669.0:974883.0:2168884.0:4214240.0:8364181.0:1.694447E7 Result :3.372215E7
Dec 3, 2014 9:18:29 PM FingerPrint scan
INFO: Processing chunk : 1560281088
Dec 3, 2014 9:18:29 PM FingerPrint computeMagnitude
INFO: FingerPrint: :44723.0:68953.0:121879.0:223298.0:543842.0:1039497.0:2068227.0:4026308.0:8227461.0:1.6440329E7 Result :3.2804517E7
Dec 3, 2014 9:18:29 PM FingerPrint scan
INFO: Processing chunk : 1577058304
Dec 3, 2014 9:18:29 PM FingerPrint computeMagnitude
INFO: FingerPrint: :18659.0:90375.0:156708.0:227624.0:560637.0:1215434.0:2253137.0:4626416.0:9186366.0:1.8302321E7 Result :3.6637677E7
Dec 3, 2014 9:18:29 PM FingerPrint scan
INFO: Processing chunk : 1593835520
Dec 3, 2014 9:18:29 PM FingerPrint computeMagnitude
INFO: FingerPrint: :19846.0:68529.0:137911.0:227050.0:457735.0:881499.0:1959416.0:3886513.0:7592801.0:1.5236702E7 Result :3.0468002E7
Dec 3, 2014 9:18:29 PM FingerPrint scan
INFO: Processing chunk : 1610612736
Dec 3, 2014 9:18:29 PM FingerPrint computeMagnitude
INFO: FingerPrint: :44523.0:62144.0:93349.0:279447.0:488203.0:1023964.0:2035646.0:3955929.0:8018374.0:1.6016843E7 Result :3.2018422E7
Dec 3, 2014 9:18:29 PM FingerPrint scan
INFO: Processing chunk : 1627389952
Dec 3, 2014 9:18:29 PM FingerPrint computeMagnitude
INFO: FingerPrint: :13223.0:36755.0:94636.0:139942.0:304128.0:602389.0:1183641.0:2373676.0:4731145.0:9517810.0 Result :1.8997345E7
Dec 3, 2014 9:18:29 PM FingerPrint scan
INFO: Processing chunk : 1644167168
Dec 3, 2014 9:18:29 PM FingerPrint computeMagnitude
INFO: FingerPrint: :12326.0:25571.0:34646.0:64436.0:129392.0:225083.0:517644.0:1019710.0:2020495.0:4089015.0 Result :8138318.0
Dec 3, 2014 9:18:29 PM FingerPrint scan
INFO: Processing chunk : 1660944384
Dec 3, 2014 9:18:29 PM FingerPrint computeMagnitude
INFO: FingerPrint: :3933.0:8789.0:23002.0:45229.0:74826.0:198557.0:347550.0:724261.0:1444197.0:2833916.0 Result :5704260.0
Dec 3, 2014 9:18:29 PM FingerPrint scan
INFO: Processing chunk : 1677721600
Dec 3, 2014 9:18:29 PM FingerPrint computeMagnitude
INFO: FingerPrint: :55173.0:51800.0:129081.0:229831.0:530154.0:864640.0:1858107.0:3697870.0:7304958.0:1.4804095E7 Result :2.9525709E7
Dec 3, 2014 9:18:29 PM FingerPrint scan
INFO: Processing chunk : 1694498816
Dec 3, 2014 9:18:29 PM FingerPrint computeMagnitude
INFO: FingerPrint: :10411.0:87099.0:133715.0:296308.0:631688.0:1085425.0:2162363.0:4480484.0:8954378.0:1.7840884E7 Result :3.5682755E7
Dec 3, 2014 9:18:29 PM FingerPrint scan
INFO: Processing chunk : 1711276032
Dec 3, 2014 9:18:29 PM FingerPrint computeMagnitude
INFO: FingerPrint: :16934.0:27045.0:63604.0:70360.0:244176.0:377843.0:704808.0:1539634.0:3026437.0:6098106.0 Result :1.2168947E7
Dec 3, 2014 9:18:29 PM FingerPrint scan
INFO: Processing chunk : 1728053248
Dec 3, 2014 9:18:29 PM FingerPrint computeMagnitude
INFO: FingerPrint: :23302.0:28547.0:59933.0:113838.0:259171.0:583918.0:1142240.0:2217958.0:4472046.0:8900904.0 Result :1.7801857E7
Dec 3, 2014 9:18:29 PM FingerPrint scan
INFO: Processing chunk : 1744830464
Dec 3, 2014 9:18:29 PM FingerPrint computeMagnitude
INFO: FingerPrint: :69570.0:43156.0:88680.0:175325.0:487937.0:1115030.0:2046974.0:4165357.0:8200137.0:1.6125813E7 Result :3.2517979E7
Dec 3, 2014 9:18:29 PM FingerPrint scan
INFO: Processing chunk : 1761607680
Dec 3, 2014 9:18:29 PM FingerPrint computeMagnitude
INFO: FingerPrint: :35030.0:94486.0:140078.0:265076.0:428019.0:1068594.0:2019312.0:4135563.0:8249306.0:1.6319448E7 Result :3.2754912E7
Dec 3, 2014 9:18:29 PM FingerPrint scan
INFO: Processing chunk : 1778384896
Dec 3, 2014 9:18:29 PM FingerPrint computeMagnitude
INFO: FingerPrint: :33356.0:75495.0:56353.0:292788.0:557937.0:817661.0:1926280.0:3754008.0:7518759.0:1.5346987E7 Result :3.0379624E7
