Dec 3, 2014 9:18:13 PM AudioFileComparator fingerPrint
INFO: Trying to get fingerprint for file : /course/cs5500f14/Assignments/A5/z07.wav
Dec 3, 2014 9:18:14 PM FingerPrint scan
INFO: Processing chunk : 0
Dec 3, 2014 9:18:14 PM FingerPrint computeMagnitude
INFO: FingerPrint: :22366.0:43792.0:84861.0:200244.0:363008.0:680071.0:1326512.0:2602301.0:5323746.0:1.0645483E7 Result :2.1292384E7
Dec 3, 2014 9:18:14 PM FingerPrint scan
INFO: Processing chunk : 16777216
Dec 3, 2014 9:18:14 PM FingerPrint computeMagnitude
INFO: FingerPrint: :12885.0:75830.0:55136.0:157393.0:268730.0:600266.0:1289263.0:2511778.0:5008977.0:9917285.0 Result :1.9897543E7
Dec 3, 2014 9:18:14 PM FingerPrint scan
INFO: Processing chunk : 33554432
Dec 3, 2014 9:18:14 PM FingerPrint computeMagnitude
INFO: FingerPrint: :20656.0:36426.0:46601.0:169464.0:293188.0:528125.0:1380454.0:2479742.0:4956483.0:1.007689E7 Result :1.9988029E7
Dec 3, 2014 9:18:14 PM FingerPrint scan
INFO: Processing chunk : 50331648
Dec 3, 2014 9:18:14 PM FingerPrint computeMagnitude
INFO: FingerPrint: :14802.0:24886.0:121222.0:148933.0:378294.0:682913.0:1233169.0:2631143.0:5211752.0:1.0458974E7 Result :2.0906088E7
Dec 3, 2014 9:18:14 PM FingerPrint scan
INFO: Processing chunk : 67108864
Dec 3, 2014 9:18:14 PM FingerPrint computeMagnitude
INFO: FingerPrint: :24215.0:58998.0:50912.0:170960.0:312825.0:608095.0:1352479.0:2550510.0:5107993.0:1.0228241E7 Result :2.0465228E7
Dec 3, 2014 9:18:14 PM FingerPrint scan
INFO: Processing chunk : 83886080
Dec 3, 2014 9:18:14 PM FingerPrint computeMagnitude
INFO: FingerPrint: :29636.0:42787.0:63213.0:141562.0:324771.0:631855.0:1276888.0:2588302.0:5132501.0:1.0250807E7 Result :2.0482322E7
Dec 3, 2014 9:18:14 PM FingerPrint scan
INFO: Processing chunk : 100663296
Dec 3, 2014 9:18:14 PM FingerPrint computeMagnitude
INFO: FingerPrint: :30314.0:65021.0:93532.0:112323.0:310795.0:574399.0:1096526.0:2384589.0:4623094.0:9342722.0 Result :1.8633315E7
Dec 3, 2014 9:18:14 PM FingerPrint scan
INFO: Processing chunk : 117440512
Dec 3, 2014 9:18:14 PM FingerPrint computeMagnitude
INFO: FingerPrint: :8322.0:50109.0:95870.0:117416.0:333858.0:563526.0:1156812.0:2333592.0:4705508.0:9378266.0 Result :1.8743279E7
Dec 3, 2014 9:18:14 PM FingerPrint scan
INFO: Processing chunk : 134217728
Dec 3, 2014 9:18:14 PM FingerPrint computeMagnitude
INFO: FingerPrint: :9349.0:31339.0:55574.0:178229.0:300612.0:520544.0:1215342.0:2285538.0:4588501.0:9235749.0 Result :1.8420777E7
Dec 3, 2014 9:18:14 PM FingerPrint scan
INFO: Processing chunk : 150994944
Dec 3, 2014 9:18:14 PM FingerPrint computeMagnitude
INFO: FingerPrint: :11237.0:47952.0:45560.0:127217.0:253022.0:641398.0:1186797.0:2341876.0:4698421.0:9396469.0 Result :1.8749949E7
Dec 3, 2014 9:18:14 PM FingerPrint scan
INFO: Processing chunk : 167772160
Dec 3, 2014 9:18:14 PM FingerPrint computeMagnitude
INFO: FingerPrint: :8880.0:54339.0:66380.0:172750.0:283341.0:662098.0:1348217.0:2685623.0:5385688.0:1.0610614E7 Result :2.127793E7
Dec 3, 2014 9:18:14 PM FingerPrint scan
INFO: Processing chunk : 184549376
Dec 3, 2014 9:18:14 PM FingerPrint computeMagnitude
INFO: FingerPrint: :8734.0:79479.0:120271.0:405893.0:762693.0:1417641.0:2785287.0:5644548.0:1.1262162E7:2.2533327E7 Result :4.5020035E7
Dec 3, 2014 9:18:14 PM FingerPrint scan
INFO: Processing chunk : 201326592
Dec 3, 2014 9:18:14 PM FingerPrint computeMagnitude
INFO: FingerPrint: :76017.0:103415.0:192561.0:353830.0:830853.0:1547477.0:3187455.0:6279437.0:1.250946E7:2.5160716E7 Result :5.0241221E7
Dec 3, 2014 9:18:14 PM FingerPrint scan
INFO: Processing chunk : 218103808
Dec 3, 2014 9:18:14 PM FingerPrint computeMagnitude
INFO: FingerPrint: :13099.0:134112.0:189119.0:398192.0:775197.0:1633659.0:3160241.0:6429064.0:1.2852004E7:2.5615239E7 Result :5.1199926E7
Dec 3, 2014 9:18:14 PM FingerPrint scan
INFO: Processing chunk : 234881024
Dec 3, 2014 9:18:14 PM FingerPrint computeMagnitude
INFO: FingerPrint: :70683.0:121144.0:122281.0:407685.0:765004.0:1406828.0:2954056.0:5862977.0:1.1736522E7:2.3549882E7 Result :4.6997062E7
Dec 3, 2014 9:18:14 PM FingerPrint scan
INFO: Processing chunk : 251658240
Dec 3, 2014 9:18:14 PM FingerPrint computeMagnitude
INFO: FingerPrint: :17019.0:54699.0:117288.0:427423.0:672817.0:1331679.0:2776811.0:5343691.0:1.0849802E7:2.1777257E7 Result :4.3368486E7
Dec 3, 2014 9:18:14 PM FingerPrint scan
INFO: Processing chunk : 268435456
Dec 3, 2014 9:18:14 PM FingerPrint computeMagnitude
INFO: FingerPrint: :58181.0:92376.0:126239.0:324216.0:639192.0:1251632.0:2688745.0:5137575.0:1.0433711E7:2.0916293E7 Result :4.166816E7
Dec 3, 2014 9:18:14 PM FingerPrint scan
INFO: Processing chunk : 285212672
Dec 3, 2014 9:18:14 PM FingerPrint computeMagnitude
INFO: FingerPrint: :26454.0:77768.0:227158.0:190124.0:637472.0:1044545.0:2187500.0:4535339.0:8957681.0:1.791131E7 Result :3.5795351E7
Dec 3, 2014 9:18:14 PM FingerPrint scan
INFO: Processing chunk : 301989888
Dec 3, 2014 9:18:14 PM FingerPrint computeMagnitude
INFO: FingerPrint: :23043.0:26390.0:196563.0:270074.0:624682.0:1177321.0:2132754.0:4539248.0:8913916.0:1.7740008E7 Result :3.5643999E7
Dec 3, 2014 9:18:14 PM FingerPrint scan
INFO: Processing chunk : 318767104
Dec 3, 2014 9:18:14 PM FingerPrint computeMagnitude
INFO: FingerPrint: :22293.0:74142.0:88146.0:361538.0:490056.0:1002593.0:1982524.0:3927351.0:8039666.0:1.6023885E7 Result :3.2012194E7
Dec 3, 2014 9:18:14 PM FingerPrint scan
INFO: Processing chunk : 335544320
Dec 3, 2014 9:18:14 PM FingerPrint computeMagnitude
INFO: FingerPrint: :55525.0:104839.0:74367.0:246273.0:543163.0:867144.0:2117470.0:3914330.0:7900394.0:1.605004E7 Result :3.1873545E7
Dec 3, 2014 9:18:14 PM FingerPrint scan
INFO: Processing chunk : 352321536
Dec 3, 2014 9:18:14 PM FingerPrint computeMagnitude
INFO: FingerPrint: :10543.0:31664.0:79653.0:185118.0:531280.0:865190.0:1606554.0:3313190.0:6571602.0:1.3268627E7 Result :2.6463421E7
Dec 3, 2014 9:18:14 PM FingerPrint scan
INFO: Processing chunk : 369098752
Dec 3, 2014 9:18:14 PM FingerPrint computeMagnitude
INFO: FingerPrint: :70131.0:47089.0:123563.0:238909.0:419904.0:1003316.0:1962154.0:3968555.0:7829482.0:1.572502E7 Result :3.1388123E7
Dec 3, 2014 9:18:14 PM FingerPrint scan
INFO: Processing chunk : 385875968
Dec 3, 2014 9:18:14 PM FingerPrint computeMagnitude
INFO: FingerPrint: :60995.0:55507.0:215307.0:320546.0:595818.0:1325461.0:2393252.0:5143252.0:1.0151504E7:2.0200378E7 Result :4.046202E7
Dec 3, 2014 9:18:14 PM FingerPrint scan
INFO: Processing chunk : 402653184
Dec 3, 2014 9:18:14 PM FingerPrint computeMagnitude
INFO: FingerPrint: :72369.0:98084.0:130121.0:266793.0:516527.0:1142040.0:2295304.0:4458585.0:9123526.0:1.8201833E7 Result :3.6305182E7
Dec 3, 2014 9:18:14 PM FingerPrint scan
INFO: Processing chunk : 419430400
Dec 3, 2014 9:18:14 PM FingerPrint computeMagnitude
INFO: FingerPrint: :27683.0:43227.0:53001.0:277354.0:502167.0:1012620.0:2224875.0:4216673.0:8353161.0:1.6765213E7 Result :3.3475974E7
Dec 3, 2014 9:18:14 PM FingerPrint scan
INFO: Processing chunk : 436207616
Dec 3, 2014 9:18:14 PM FingerPrint computeMagnitude
INFO: FingerPrint: :29154.0:67907.0:92373.0:169106.0:568491.0:977811.0:2172291.0:4228621.0:8170849.0:1.6655303E7 Result :3.3131906E7
Dec 3, 2014 9:18:14 PM FingerPrint scan
INFO: Processing chunk : 452984832
Dec 3, 2014 9:18:14 PM FingerPrint computeMagnitude
INFO: FingerPrint: :26770.0:79663.0:139637.0:300159.0:493027.0:1052944.0:2081429.0:4054805.0:8277331.0:1.652119E7 Result :3.3026955E7
Dec 3, 2014 9:18:14 PM FingerPrint scan
INFO: Processing chunk : 469762048
Dec 3, 2014 9:18:14 PM FingerPrint computeMagnitude
INFO: FingerPrint: :40466.0:39328.0:170099.0:221805.0:529467.0:963461.0:1823836.0:3985702.0:7775480.0:1.5603807E7 Result :3.1153451E7
Dec 3, 2014 9:18:14 PM FingerPrint scan
INFO: Processing chunk : 486539264
Dec 3, 2014 9:18:14 PM FingerPrint computeMagnitude
INFO: FingerPrint: :8449.0:98315.0:185755.0:198332.0:607308.0:1167422.0:2072760.0:4474226.0:8739141.0:1.7431558E7 Result :3.4983266E7
Dec 3, 2014 9:18:14 PM FingerPrint scan
INFO: Processing chunk : 503316480
Dec 3, 2014 9:18:14 PM FingerPrint computeMagnitude
INFO: FingerPrint: :38976.0:100101.0:153051.0:257335.0:687312.0:1314670.0:2549487.0:5199402.0:1.0261402E7:2.0564319E7 Result :4.1126055E7
Dec 3, 2014 9:18:14 PM FingerPrint scan
INFO: Processing chunk : 520093696
Dec 3, 2014 9:18:14 PM FingerPrint computeMagnitude
INFO: FingerPrint: :24458.0:39518.0:130292.0:336662.0:622151.0:1199104.0:2392224.0:4685750.0:9391327.0:1.8895305E7 Result :3.7716791E7
Dec 3, 2014 9:18:14 PM FingerPrint scan
INFO: Processing chunk : 536870912
Dec 3, 2014 9:18:14 PM FingerPrint computeMagnitude
INFO: FingerPrint: :25850.0:73239.0:133920.0:297779.0:559704.0:1086299.0:2192703.0:4362131.0:8766006.0:1.7461076E7 Result :3.4958707E7
Dec 3, 2014 9:18:14 PM FingerPrint scan
INFO: Processing chunk : 553648128
Dec 3, 2014 9:18:14 PM FingerPrint computeMagnitude
INFO: FingerPrint: :14497.0:81813.0:83117.0:142782.0:529076.0:791112.0:1808577.0:3739012.0:7179176.0:1.4509313E7 Result :2.8878475E7
Dec 3, 2014 9:18:14 PM FingerPrint scan
INFO: Processing chunk : 570425344
Dec 3, 2014 9:18:14 PM FingerPrint computeMagnitude
INFO: FingerPrint: :17586.0:8595.0:103715.0:224066.0:381790.0:943121.0:1722038.0:3493297.0:6972578.0:1.3789117E7 Result :2.7655903E7
Dec 3, 2014 9:18:14 PM FingerPrint scan
INFO: Processing chunk : 587202560
Dec 3, 2014 9:18:14 PM FingerPrint computeMagnitude
INFO: FingerPrint: :14220.0:53747.0:124097.0:282223.0:522756.0:947444.0:1972574.0:3955335.0:7813749.0:1.5748486E7 Result :3.1434631E7
Dec 3, 2014 9:18:14 PM FingerPrint scan
INFO: Processing chunk : 603979776
Dec 3, 2014 9:18:14 PM FingerPrint computeMagnitude
INFO: FingerPrint: :35598.0:55515.0:173902.0:295479.0:581106.0:1029468.0:2158457.0:4362332.0:8598350.0:1.7277379E7 Result :3.4567586E7
Dec 3, 2014 9:18:14 PM FingerPrint scan
INFO: Processing chunk : 620756992
Dec 3, 2014 9:18:14 PM FingerPrint computeMagnitude
INFO: FingerPrint: :54557.0:69761.0:127949.0:291333.0:562042.0:1172817.0:2270416.0:4519372.0:9052060.0:1.8242429E7 Result :3.6362736E7
Dec 3, 2014 9:18:14 PM FingerPrint scan
INFO: Processing chunk : 637534208
Dec 3, 2014 9:18:14 PM FingerPrint computeMagnitude
INFO: FingerPrint: :12964.0:87458.0:139630.0:251168.0:435631.0:1016856.0:1988786.0:3951503.0:8039223.0:1.5916763E7 Result :3.1839982E7
Dec 3, 2014 9:18:14 PM FingerPrint scan
INFO: Processing chunk : 654311424
Dec 3, 2014 9:18:14 PM FingerPrint computeMagnitude
INFO: FingerPrint: :35429.0:35182.0:106646.0:270502.0:517636.0:844472.0:1925306.0:3736999.0:7582619.0:1.521839E7 Result :3.0273181E7
Dec 3, 2014 9:18:14 PM FingerPrint scan
INFO: Processing chunk : 671088640
Dec 3, 2014 9:18:14 PM FingerPrint computeMagnitude
INFO: FingerPrint: :51285.0:55310.0:87413.0:201761.0:436081.0:871230.0:1658128.0:3458385.0:6883520.0:1.3714253E7 Result :2.7417366E7
Dec 3, 2014 9:18:14 PM FingerPrint scan
INFO: Processing chunk : 687865856
Dec 3, 2014 9:18:14 PM FingerPrint computeMagnitude
INFO: FingerPrint: :25746.0:71000.0:142494.0:221916.0:397610.0:854875.0:1702191.0:3434386.0:6900233.0:1.3730771E7 Result :2.7481222E7
Dec 3, 2014 9:18:14 PM FingerPrint scan
INFO: Processing chunk : 704643072
Dec 3, 2014 9:18:14 PM FingerPrint computeMagnitude
INFO: FingerPrint: :48766.0:92524.0:131680.0:207860.0:510609.0:1125324.0:2040468.0:4179628.0:8364429.0:1.6713788E7 Result :3.3415076E7
Dec 3, 2014 9:18:14 PM FingerPrint scan
INFO: Processing chunk : 721420288
Dec 3, 2014 9:18:14 PM FingerPrint computeMagnitude
INFO: FingerPrint: :64824.0:90429.0:110372.0:240430.0:688583.0:1018751.0:2322705.0:4408745.0:8819210.0:1.8024918E7 Result :3.5788967E7
Dec 3, 2014 9:18:14 PM FingerPrint scan
INFO: Processing chunk : 738197504
Dec 3, 2014 9:18:14 PM FingerPrint computeMagnitude
INFO: FingerPrint: :20168.0:72904.0:137732.0:281239.0:499716.0:1140392.0:2104469.0:4223795.0:8454570.0:1.6900502E7 Result :3.3835487E7
Dec 3, 2014 9:18:14 PM FingerPrint scan
INFO: Processing chunk : 754974720
Dec 3, 2014 9:18:14 PM FingerPrint computeMagnitude
INFO: FingerPrint: :58868.0:50791.0:114328.0:297295.0:521574.0:984214.0:2156597.0:4208925.0:8394940.0:1.6877653E7 Result :3.3665185E7
Dec 3, 2014 9:18:14 PM FingerPrint scan
INFO: Processing chunk : 771751936
Dec 3, 2014 9:18:14 PM FingerPrint computeMagnitude
INFO: FingerPrint: :25426.0:29855.0:127839.0:206264.0:545106.0:1032159.0:1982244.0:4064438.0:8065026.0:1.6217403E7 Result :3.229576E7
Dec 3, 2014 9:18:14 PM FingerPrint scan
INFO: Processing chunk : 788529152
Dec 3, 2014 9:18:15 PM FingerPrint computeMagnitude
INFO: FingerPrint: :53118.0:55799.0:142152.0:309723.0:708242.0:1339570.0:2461358.0:5093370.0:1.0258138E7:2.0227462E7 Result :4.0648932E7
Dec 3, 2014 9:18:15 PM FingerPrint scan
INFO: Processing chunk : 805306368
Dec 3, 2014 9:18:15 PM FingerPrint computeMagnitude
INFO: FingerPrint: :48650.0:105101.0:99975.0:329130.0:555303.0:1222472.0:2382507.0:4795846.0:9676068.0:1.91266E7 Result :3.8341652E7
Dec 3, 2014 9:18:15 PM FingerPrint scan
INFO: Processing chunk : 822083584
Dec 3, 2014 9:18:15 PM FingerPrint computeMagnitude
INFO: FingerPrint: :63545.0:82047.0:99367.0:271267.0:567525.0:1075279.0:2195892.0:4339181.0:8603876.0:1.7267409E7 Result :3.4565388E7
Dec 3, 2014 9:18:15 PM FingerPrint scan
INFO: Processing chunk : 838860800
Dec 3, 2014 9:18:15 PM FingerPrint computeMagnitude
INFO: FingerPrint: :51419.0:86108.0:64551.0:314236.0:582350.0:1059574.0:2306205.0:4452404.0:8945440.0:1.7985454E7 Result :3.5847741E7
Dec 3, 2014 9:18:15 PM FingerPrint scan
INFO: Processing chunk : 855638016
Dec 3, 2014 9:18:15 PM FingerPrint computeMagnitude
INFO: FingerPrint: :53743.0:54571.0:132888.0:201465.0:534439.0:1084361.0:2197399.0:4352357.0:8506194.0:1.7017181E7 Result :3.4134598E7
Dec 3, 2014 9:18:15 PM FingerPrint scan
INFO: Processing chunk : 872415232
Dec 3, 2014 9:18:15 PM FingerPrint computeMagnitude
INFO: FingerPrint: :50933.0:51855.0:116576.0:271335.0:533487.0:1013346.0:2176881.0:4317872.0:8457815.0:1.7012061E7 Result :3.4002161E7
Dec 3, 2014 9:18:15 PM FingerPrint scan
INFO: Processing chunk : 889192448
Dec 3, 2014 9:18:15 PM FingerPrint computeMagnitude
INFO: FingerPrint: :62706.0:36867.0:94538.0:219038.0:475683.0:967479.0:1744487.0:3759008.0:7463239.0:1.4814895E7 Result :2.963794E7
Dec 3, 2014 9:18:15 PM FingerPrint scan
INFO: Processing chunk : 905969664
Dec 3, 2014 9:18:15 PM FingerPrint computeMagnitude
INFO: FingerPrint: :34836.0:62832.0:77802.0:255347.0:474241.0:896462.0:1893549.0:3676572.0:7419670.0:1.482313E7 Result :2.9614441E7
Dec 3, 2014 9:18:15 PM FingerPrint scan
INFO: Processing chunk : 922746880
Dec 3, 2014 9:18:15 PM FingerPrint computeMagnitude
INFO: FingerPrint: :28028.0:52714.0:78980.0:244800.0:340400.0:935618.0:1619135.0:3431614.0:6923867.0:1.3440775E7 Result :2.7095931E7
Dec 3, 2014 9:18:15 PM FingerPrint scan
INFO: Processing chunk : 939524096
Dec 3, 2014 9:18:15 PM FingerPrint computeMagnitude
INFO: FingerPrint: :8850.0:83496.0:78056.0:243354.0:429796.0:896017.0:1889448.0:3654099.0:7252669.0:1.4572999E7 Result :2.9108784E7
Dec 3, 2014 9:18:15 PM FingerPrint scan
INFO: Processing chunk : 956301312
Dec 3, 2014 9:18:15 PM FingerPrint computeMagnitude
INFO: FingerPrint: :40024.0:47922.0:93834.0:223687.0:406364.0:889841.0:1681664.0:3430077.0:6846811.0:1.3643736E7 Result :2.730396E7
Dec 3, 2014 9:18:15 PM FingerPrint scan
INFO: Processing chunk : 973078528
Dec 3, 2014 9:18:15 PM FingerPrint computeMagnitude
INFO: FingerPrint: :38455.0:72230.0:106547.0:236215.0:463127.0:785254.0:1786188.0:3441709.0:6965831.0:1.4123841E7 Result :2.8019397E7
Dec 3, 2014 9:18:15 PM FingerPrint scan
INFO: Processing chunk : 989855744
Dec 3, 2014 9:18:15 PM FingerPrint computeMagnitude
INFO: FingerPrint: :17840.0:56925.0:62503.0:151832.0:290273.0:783980.0:1355556.0:2926344.0:5806517.0:1.1237793E7 Result :2.2689563E7
Dec 3, 2014 9:18:15 PM FingerPrint scan
INFO: Processing chunk : 1006632960
Dec 3, 2014 9:18:15 PM FingerPrint computeMagnitude
INFO: FingerPrint: :54493.0:101881.0:142090.0:308701.0:581892.0:1082527.0:2331422.0:4666458.0:9218220.0:1.8581095E7 Result :3.7068779E7
Dec 3, 2014 9:18:15 PM FingerPrint scan
INFO: Processing chunk : 1023410176
Dec 3, 2014 9:18:15 PM FingerPrint computeMagnitude
INFO: FingerPrint: :11900.0:90688.0:85951.0:286287.0:593343.0:1240975.0:2500289.0:4902237.0:9792944.0:1.9402417E7 Result :3.8907031E7
Dec 3, 2014 9:18:15 PM FingerPrint scan
INFO: Processing chunk : 1040187392
Dec 3, 2014 9:18:15 PM FingerPrint computeMagnitude
INFO: FingerPrint: :54201.0:107849.0:116211.0:247537.0:632070.0:1071444.0:2275451.0:4617552.0:9073465.0:1.8229176E7 Result :3.6424956E7
Dec 3, 2014 9:18:15 PM FingerPrint scan
INFO: Processing chunk : 1056964608
Dec 3, 2014 9:18:15 PM FingerPrint computeMagnitude
INFO: FingerPrint: :22683.0:98434.0:121356.0:278838.0:548586.0:1219779.0:2416794.0:4751320.0:9559373.0:1.8979293E7 Result :3.7996456E7
Dec 3, 2014 9:18:15 PM FingerPrint scan
INFO: Processing chunk : 1073741824
Dec 3, 2014 9:18:15 PM FingerPrint computeMagnitude
INFO: FingerPrint: :60219.0:62702.0:136960.0:261239.0:610001.0:1263238.0:2428532.0:4811422.0:9696969.0:1.9351898E7 Result :3.868318E7
Dec 3, 2014 9:18:15 PM FingerPrint scan
INFO: Processing chunk : 1090519040
Dec 3, 2014 9:18:15 PM FingerPrint computeMagnitude
INFO: FingerPrint: :40057.0:77384.0:159483.0:346378.0:549118.0:1158967.0:2296102.0:4664359.0:9337814.0:1.8588122E7 Result :3.7217784E7
Dec 3, 2014 9:18:15 PM FingerPrint scan
INFO: Processing chunk : 1107296256
Dec 3, 2014 9:18:15 PM FingerPrint computeMagnitude
INFO: FingerPrint: :32656.0:60761.0:124842.0:269883.0:487401.0:1011593.0:1875003.0:3917857.0:7822039.0:1.5489473E7 Result :3.1091508E7
Dec 3, 2014 9:18:15 PM FingerPrint scan
INFO: Processing chunk : 1124073472
Dec 3, 2014 9:18:15 PM FingerPrint computeMagnitude
INFO: FingerPrint: :26986.0:90242.0:88954.0:280484.0:350676.0:759295.0:1741301.0:3285340.0:6725644.0:1.3541869E7 Result :2.6890791E7
Dec 3, 2014 9:18:15 PM FingerPrint scan
INFO: Processing chunk : 1140850688
Dec 3, 2014 9:18:15 PM FingerPrint computeMagnitude
INFO: FingerPrint: :39216.0:48813.0:140923.0:196262.0:446246.0:903961.0:1708166.0:3639846.0:7254372.0:1.4227937E7 Result :2.8605742E7
Dec 3, 2014 9:18:15 PM FingerPrint scan
INFO: Processing chunk : 1157627904
Dec 3, 2014 9:18:15 PM FingerPrint computeMagnitude
INFO: FingerPrint: :32930.0:56776.0:92380.0:246902.0:451793.0:888680.0:1933968.0:3802406.0:7510307.0:1.5029241E7 Result :3.0045383E7
Dec 3, 2014 9:18:15 PM FingerPrint scan
INFO: Processing chunk : 1174405120
Dec 3, 2014 9:18:15 PM FingerPrint computeMagnitude
INFO: FingerPrint: :16154.0:56964.0:141789.0:265171.0:555720.0:853141.0:1875321.0:3775325.0:7587548.0:1.5266906E7 Result :3.0394039E7
Dec 3, 2014 9:18:15 PM FingerPrint scan
INFO: Processing chunk : 1191182336
Dec 3, 2014 9:18:15 PM FingerPrint computeMagnitude
INFO: FingerPrint: :31652.0:66838.0:148115.0:245569.0:502584.0:1049478.0:2107860.0:4174835.0:8412657.0:1.6827767E7 Result :3.3567355E7
Dec 3, 2014 9:18:15 PM FingerPrint scan
INFO: Processing chunk : 1207959552
Dec 3, 2014 9:18:15 PM FingerPrint computeMagnitude
INFO: FingerPrint: :21948.0:89437.0:133126.0:279880.0:555668.0:1056675.0:2214266.0:4366226.0:8657554.0:1.7515701E7 Result :3.4890481E7
Dec 3, 2014 9:18:15 PM FingerPrint scan
INFO: Processing chunk : 1224736768
Dec 3, 2014 9:18:15 PM FingerPrint computeMagnitude
INFO: FingerPrint: :51920.0:33108.0:127610.0:258097.0:521691.0:973817.0:1964999.0:3991230.0:7934715.0:1.5832979E7 Result :3.1690166E7
Dec 3, 2014 9:18:15 PM FingerPrint scan
INFO: Processing chunk : 1241513984
Dec 3, 2014 9:18:15 PM FingerPrint computeMagnitude
INFO: FingerPrint: :13451.0:51355.0:96603.0:193377.0:324043.0:714161.0:1416441.0:2889200.0:5744134.0:1.136854E7 Result :2.2811305E7
Dec 3, 2014 9:18:15 PM FingerPrint scan
INFO: Processing chunk : 1258291200
Dec 3, 2014 9:18:15 PM FingerPrint computeMagnitude
INFO: FingerPrint: :42021.0:97257.0:105986.0:326058.0:437136.0:1094783.0:2120502.0:4260690.0:8675417.0:1.711141E7 Result :3.427126E7
Dec 3, 2014 9:18:15 PM FingerPrint scan
INFO: Processing chunk : 1275068416
Dec 3, 2014 9:18:15 PM FingerPrint computeMagnitude
INFO: FingerPrint: :47159.0:49755.0:115674.0:276320.0:497147.0:1006344.0:1967806.0:3994474.0:8154026.0:1.6061613E7 Result :3.2170318E7
Dec 3, 2014 9:18:15 PM FingerPrint scan
INFO: Processing chunk : 1291845632
Dec 3, 2014 9:18:15 PM FingerPrint computeMagnitude
INFO: FingerPrint: :38308.0:49611.0:112265.0:259139.0:405501.0:857519.0:1645151.0:3282597.0:6803789.0:1.3441545E7 Result :2.6895425E7
Dec 3, 2014 9:18:15 PM FingerPrint scan
INFO: Processing chunk : 1308622848
Dec 3, 2014 9:18:15 PM FingerPrint computeMagnitude
INFO: FingerPrint: :76121.0:60744.0:203817.0:277304.0:636748.0:1007525.0:2378685.0:4660602.0:9330560.0:1.9022359E7 Result :3.7654465E7
Dec 3, 2014 9:18:15 PM FingerPrint scan
INFO: Processing chunk : 1325400064
Dec 3, 2014 9:18:15 PM FingerPrint computeMagnitude
INFO: FingerPrint: :31996.0:96396.0:190641.0:292518.0:637284.0:1433734.0:2895456.0:5787969.0:1.138629E7:2.2453543E7 Result :4.5205827E7
Dec 3, 2014 9:18:15 PM FingerPrint scan
INFO: Processing chunk : 1342177280
Dec 3, 2014 9:18:15 PM FingerPrint computeMagnitude
INFO: FingerPrint: :67243.0:47394.0:168180.0:319620.0:680654.0:1385368.0:2714185.0:5520423.0:1.0868909E7:2.1679178E7 Result :4.3451154E7
Dec 3, 2014 9:18:15 PM FingerPrint scan
INFO: Processing chunk : 1358954496
Dec 3, 2014 9:18:15 PM FingerPrint computeMagnitude
INFO: FingerPrint: :35333.0:44474.0:144988.0:171095.0:475396.0:949293.0:1910572.0:3743449.0:7351565.0:1.476669E7 Result :2.9592855E7
Dec 3, 2014 9:18:15 PM FingerPrint scan
INFO: Processing chunk : 1375731712
Dec 3, 2014 9:18:15 PM FingerPrint computeMagnitude
INFO: FingerPrint: :22289.0:85336.0:171095.0:256183.0:636744.0:1260549.0:2595371.0:5059433.0:1.0149734E7:2.0278018E7 Result :4.0514752E7
Dec 3, 2014 9:18:15 PM FingerPrint scan
INFO: Processing chunk : 1392508928
Dec 3, 2014 9:18:15 PM FingerPrint computeMagnitude
INFO: FingerPrint: :25629.0:87563.0:130747.0:300633.0:553840.0:1163406.0:2258753.0:4569177.0:9087819.0:1.8145745E7 Result :3.6323312E7
Dec 3, 2014 9:18:15 PM FingerPrint scan
INFO: Processing chunk : 1409286144
Dec 3, 2014 9:18:15 PM FingerPrint computeMagnitude
INFO: FingerPrint: :35825.0:42405.0:119722.0:308711.0:672813.0:1035029.0:2321231.0:4650620.0:9154366.0:1.8558194E7 Result :3.6898916E7
Dec 3, 2014 9:18:15 PM FingerPrint scan
INFO: Processing chunk : 1426063360
Dec 3, 2014 9:18:15 PM FingerPrint computeMagnitude
INFO: FingerPrint: :19579.0:30822.0:143777.0:274186.0:590828.0:1026125.0:2308541.0:4654120.0:9102717.0:1.8265882E7 Result :3.6416577E7
Dec 3, 2014 9:18:15 PM FingerPrint scan
INFO: Processing chunk : 1442840576
Dec 3, 2014 9:18:15 PM FingerPrint computeMagnitude
INFO: FingerPrint: :42720.0:79221.0:84551.0:268727.0:648359.0:1064105.0:2190571.0:4440021.0:8745877.0:1.7619481E7 Result :3.5183633E7
Dec 3, 2014 9:18:15 PM FingerPrint scan
INFO: Processing chunk : 1459617792
Dec 3, 2014 9:18:15 PM FingerPrint computeMagnitude
INFO: FingerPrint: :33701.0:57028.0:101926.0:258572.0:570897.0:946995.0:1954421.0:3994130.0:7956416.0:1.5911436E7 Result :3.1785522E7
Dec 3, 2014 9:18:15 PM FingerPrint scan
INFO: Processing chunk : 1476395008
Dec 3, 2014 9:18:15 PM FingerPrint computeMagnitude
INFO: FingerPrint: :26307.0:95667.0:80112.0:208561.0:339318.0:827052.0:1504246.0:3131482.0:6285765.0:1.2361864E7 Result :2.4860374E7
Dec 3, 2014 9:18:15 PM FingerPrint scan
INFO: Processing chunk : 1493172224
Dec 3, 2014 9:18:15 PM FingerPrint computeMagnitude
INFO: FingerPrint: :29034.0:52111.0:109214.0:189554.0:341524.0:593791.0:1354133.0:2657061.0:5468111.0:1.0865492E7 Result :2.1660025E7
Dec 3, 2014 9:18:15 PM FingerPrint scan
INFO: Processing chunk : 1509949440
Dec 3, 2014 9:18:15 PM FingerPrint computeMagnitude
INFO: FingerPrint: :11249.0:21385.0:32209.0:124619.0:275107.0:464151.0:985587.0:2051135.0:3934766.0:7887979.0 Result :1.5788187E7
Dec 3, 2014 9:18:15 PM FingerPrint scan
INFO: Processing chunk : 1526726656
Dec 3, 2014 9:18:15 PM FingerPrint computeMagnitude
INFO: FingerPrint: :49418.0:78974.0:96828.0:269917.0:519353.0:980573.0:1922372.0:4017099.0:7964815.0:1.6019081E7 Result :3.191843E7
Dec 3, 2014 9:18:15 PM FingerPrint scan
INFO: Processing chunk : 1543503872
Dec 3, 2014 9:18:15 PM FingerPrint computeMagnitude
INFO: FingerPrint: :27861.0:80376.0:162820.0:278773.0:512687.0:982446.0:2186744.0:4246180.0:8429440.0:1.7075097E7 Result :3.3982424E7
Dec 3, 2014 9:18:15 PM FingerPrint scan
INFO: Processing chunk : 1560281088
Dec 3, 2014 9:18:15 PM FingerPrint computeMagnitude
INFO: FingerPrint: :45075.0:69386.0:122750.0:225075.0:546773.0:1047566.0:2084794.0:4056667.0:8289132.0:1.6562729E7 Result :3.3049947E7
Dec 3, 2014 9:18:15 PM FingerPrint scan
INFO: Processing chunk : 1577058304
Dec 3, 2014 9:18:15 PM FingerPrint computeMagnitude
INFO: FingerPrint: :18717.0:91324.0:158002.0:230043.0:565894.0:1223302.0:2269043.0:4663238.0:9260738.0:1.8451943E7 Result :3.6932244E7
Dec 3, 2014 9:18:15 PM FingerPrint scan
INFO: Processing chunk : 1593835520
Dec 3, 2014 9:18:15 PM FingerPrint computeMagnitude
INFO: FingerPrint: :20047.0:69234.0:140106.0:229900.0:461139.0:888972.0:1973959.0:3915607.0:7652101.0:1.535818E7 Result :3.0709245E7
Dec 3, 2014 9:18:15 PM FingerPrint scan
INFO: Processing chunk : 1610612736
Dec 3, 2014 9:18:15 PM FingerPrint computeMagnitude
INFO: FingerPrint: :44532.0:62705.0:93131.0:281159.0:490837.0:1030812.0:2052228.0:3983553.0:8071405.0:1.6125665E7 Result :3.2236027E7
Dec 3, 2014 9:18:15 PM FingerPrint scan
INFO: Processing chunk : 1627389952
Dec 3, 2014 9:18:15 PM FingerPrint computeMagnitude
INFO: FingerPrint: :13301.0:37125.0:95217.0:140832.0:306469.0:606691.0:1192367.0:2390904.0:4764871.0:9586406.0 Result :1.9134183E7
Dec 3, 2014 9:18:15 PM FingerPrint scan
INFO: Processing chunk : 1644167168
Dec 3, 2014 9:18:15 PM FingerPrint computeMagnitude
INFO: FingerPrint: :12480.0:25822.0:35220.0:65235.0:130531.0:227330.0:522250.0:1028721.0:2039068.0:4128218.0 Result :8214875.0
Dec 3, 2014 9:18:15 PM FingerPrint scan
INFO: Processing chunk : 1660944384
Dec 3, 2014 9:18:15 PM FingerPrint computeMagnitude
INFO: FingerPrint: :3892.0:8783.0:23052.0:45620.0:75126.0:199870.0:350343.0:729053.0:1453651.0:2852904.0 Result :5742294.0
Dec 3, 2014 9:18:15 PM FingerPrint scan
INFO: Processing chunk : 1677721600
Dec 3, 2014 9:18:15 PM FingerPrint computeMagnitude
INFO: FingerPrint: :55988.0:52500.0:129128.0:231203.0:532542.0:868271.0:1869840.0:3725245.0:7355796.0:1.4902904E7 Result :2.9723417E7
Dec 3, 2014 9:18:15 PM FingerPrint scan
INFO: Processing chunk : 1694498816
Dec 3, 2014 9:18:15 PM FingerPrint computeMagnitude
INFO: FingerPrint: :10496.0:87344.0:135913.0:297887.0:636374.0:1094569.0:2181277.0:4510912.0:9021727.0:1.7975679E7 Result :3.5952178E7
Dec 3, 2014 9:18:15 PM FingerPrint scan
INFO: Processing chunk : 1711276032
Dec 3, 2014 9:18:15 PM FingerPrint computeMagnitude
INFO: FingerPrint: :17070.0:27319.0:64446.0:70658.0:246110.0:380341.0:711216.0:1552893.0:3051194.0:6149150.0 Result :1.2270397E7
Dec 3, 2014 9:18:15 PM FingerPrint scan
INFO: Processing chunk : 1728053248
Dec 3, 2014 9:18:15 PM FingerPrint computeMagnitude
INFO: FingerPrint: :23105.0:27781.0:60689.0:115598.0:259314.0:586817.0:1150732.0:2229755.0:4505136.0:8959158.0 Result :1.7918085E7
Dec 3, 2014 9:18:15 PM FingerPrint scan
INFO: Processing chunk : 1744830464
Dec 3, 2014 9:18:15 PM FingerPrint computeMagnitude
INFO: FingerPrint: :70342.0:43808.0:89803.0:176273.0:491017.0:1120043.0:2061106.0:4193670.0:8256235.0:1.6237596E7 Result :3.2739893E7
Dec 3, 2014 9:18:15 PM FingerPrint scan
INFO: Processing chunk : 1761607680
Dec 3, 2014 9:18:15 PM FingerPrint computeMagnitude
INFO: FingerPrint: :35394.0:94931.0:141362.0:267199.0:431587.0:1074460.0:2034513.0:4163307.0:8309389.0:1.6437709E7 Result :3.2989851E7
Dec 3, 2014 9:18:15 PM FingerPrint scan
INFO: Processing chunk : 1778384896
Dec 3, 2014 9:18:15 PM FingerPrint computeMagnitude
INFO: FingerPrint: :33414.0:76129.0:57153.0:295353.0:562422.0:823393.0:1943125.0:3783367.0:7579324.0:1.5470426E7 Result :3.0624106E7
Dec 3, 2014 9:18:15 PM AudioFileComparator fingerPrint
INFO: Trying to get fingerprint for file : /course/cs5500f14/Assignments/A5/z08.wav
Dec 3, 2014 9:18:15 PM FingerPrint scan
INFO: Processing chunk : 0
Dec 3, 2014 9:18:15 PM FingerPrint computeMagnitude
INFO: FingerPrint: :22366.0:43792.0:84861.0:200244.0:363008.0:680071.0:1326512.0:2602301.0:5323746.0:1.0645483E7 Result :2.1292384E7
Dec 3, 2014 9:18:15 PM FingerPrint scan
INFO: Processing chunk : 16777216
Dec 3, 2014 9:18:15 PM FingerPrint computeMagnitude
INFO: FingerPrint: :12885.0:75830.0:55136.0:157393.0:268730.0:600266.0:1289263.0:2511778.0:5008977.0:9917285.0 Result :1.9897543E7
Dec 3, 2014 9:18:15 PM FingerPrint scan
INFO: Processing chunk : 33554432
Dec 3, 2014 9:18:15 PM FingerPrint computeMagnitude
INFO: FingerPrint: :20656.0:36426.0:46601.0:169464.0:293188.0:528125.0:1380454.0:2479742.0:4956483.0:1.007689E7 Result :1.9988029E7
Dec 3, 2014 9:18:15 PM FingerPrint scan
INFO: Processing chunk : 50331648
Dec 3, 2014 9:18:15 PM FingerPrint computeMagnitude
INFO: FingerPrint: :14802.0:24886.0:121222.0:148933.0:378294.0:682913.0:1233169.0:2631143.0:5211752.0:1.0458974E7 Result :2.0906088E7
Dec 3, 2014 9:18:15 PM FingerPrint scan
INFO: Processing chunk : 67108864
Dec 3, 2014 9:18:15 PM FingerPrint computeMagnitude
INFO: FingerPrint: :24215.0:58998.0:50912.0:170960.0:312825.0:608095.0:1352479.0:2550510.0:5107993.0:1.0228241E7 Result :2.0465228E7
Dec 3, 2014 9:18:15 PM FingerPrint scan
INFO: Processing chunk : 83886080
Dec 3, 2014 9:18:15 PM FingerPrint computeMagnitude
INFO: FingerPrint: :29636.0:42787.0:63213.0:141562.0:324771.0:631855.0:1276888.0:2588302.0:5132501.0:1.0250807E7 Result :2.0482322E7
Dec 3, 2014 9:18:15 PM FingerPrint scan
INFO: Processing chunk : 100663296
Dec 3, 2014 9:18:15 PM FingerPrint computeMagnitude
INFO: FingerPrint: :30314.0:65021.0:93532.0:112323.0:310795.0:574399.0:1096526.0:2384589.0:4623094.0:9342722.0 Result :1.8633315E7
Dec 3, 2014 9:18:15 PM FingerPrint scan
INFO: Processing chunk : 117440512
Dec 3, 2014 9:18:15 PM FingerPrint computeMagnitude
INFO: FingerPrint: :8322.0:50109.0:95870.0:117416.0:333858.0:563526.0:1156812.0:2333592.0:4705508.0:9378266.0 Result :1.8743279E7
Dec 3, 2014 9:18:15 PM FingerPrint scan
INFO: Processing chunk : 134217728
Dec 3, 2014 9:18:15 PM FingerPrint computeMagnitude
INFO: FingerPrint: :9349.0:31339.0:55574.0:178229.0:300612.0:520544.0:1215342.0:2285538.0:4588501.0:9235749.0 Result :1.8420777E7
Dec 3, 2014 9:18:15 PM FingerPrint scan
INFO: Processing chunk : 150994944
Dec 3, 2014 9:18:15 PM FingerPrint computeMagnitude
INFO: FingerPrint: :11237.0:47952.0:45560.0:127217.0:253022.0:641398.0:1186797.0:2341876.0:4698421.0:9396469.0 Result :1.8749949E7
Dec 3, 2014 9:18:15 PM FingerPrint scan
INFO: Processing chunk : 167772160
Dec 3, 2014 9:18:15 PM FingerPrint computeMagnitude
INFO: FingerPrint: :8880.0:54339.0:66380.0:172750.0:283341.0:662098.0:1348217.0:2685623.0:5385688.0:1.0610614E7 Result :2.127793E7
Dec 3, 2014 9:18:15 PM FingerPrint scan
INFO: Processing chunk : 184549376
Dec 3, 2014 9:18:15 PM FingerPrint computeMagnitude
INFO: FingerPrint: :8734.0:79479.0:120271.0:405893.0:762693.0:1417641.0:2785287.0:5644548.0:1.1262162E7:2.2533327E7 Result :4.5020035E7
Dec 3, 2014 9:18:15 PM FingerPrint scan
INFO: Processing chunk : 201326592
Dec 3, 2014 9:18:15 PM FingerPrint computeMagnitude
INFO: FingerPrint: :76017.0:103415.0:192561.0:353830.0:830853.0:1547477.0:3187455.0:6279437.0:1.250946E7:2.5160716E7 Result :5.0241221E7
Dec 3, 2014 9:18:15 PM FingerPrint scan
INFO: Processing chunk : 218103808
Dec 3, 2014 9:18:15 PM FingerPrint computeMagnitude
INFO: FingerPrint: :13099.0:134112.0:189119.0:398192.0:775197.0:1633659.0:3160241.0:6429064.0:1.2852004E7:2.5615239E7 Result :5.1199926E7
Dec 3, 2014 9:18:15 PM FingerPrint scan
INFO: Processing chunk : 234881024
Dec 3, 2014 9:18:15 PM FingerPrint computeMagnitude
INFO: FingerPrint: :70683.0:121144.0:122281.0:407685.0:765004.0:1406828.0:2954056.0:5862977.0:1.1736522E7:2.3549882E7 Result :4.6997062E7
Dec 3, 2014 9:18:15 PM FingerPrint scan
INFO: Processing chunk : 251658240
Dec 3, 2014 9:18:15 PM FingerPrint computeMagnitude
INFO: FingerPrint: :17019.0:54699.0:117288.0:427423.0:672817.0:1331679.0:2776811.0:5343691.0:1.0849802E7:2.1777257E7 Result :4.3368486E7
Dec 3, 2014 9:18:15 PM FingerPrint scan
INFO: Processing chunk : 268435456
Dec 3, 2014 9:18:15 PM FingerPrint computeMagnitude
INFO: FingerPrint: :58181.0:92376.0:126239.0:324216.0:639192.0:1251632.0:2688745.0:5137575.0:1.0433711E7:2.0916293E7 Result :4.166816E7
Dec 3, 2014 9:18:15 PM FingerPrint scan
INFO: Processing chunk : 285212672
Dec 3, 2014 9:18:15 PM FingerPrint computeMagnitude
INFO: FingerPrint: :26454.0:77768.0:227158.0:190124.0:637472.0:1044545.0:2187500.0:4535339.0:8957681.0:1.791131E7 Result :3.5795351E7
Dec 3, 2014 9:18:15 PM FingerPrint scan
INFO: Processing chunk : 301989888
Dec 3, 2014 9:18:15 PM FingerPrint computeMagnitude
INFO: FingerPrint: :23043.0:26390.0:196563.0:270074.0:624682.0:1177321.0:2132754.0:4539248.0:8913916.0:1.7740008E7 Result :3.5643999E7
Dec 3, 2014 9:18:15 PM FingerPrint scan
INFO: Processing chunk : 318767104
Dec 3, 2014 9:18:15 PM FingerPrint computeMagnitude
INFO: FingerPrint: :22293.0:74142.0:88146.0:361538.0:490056.0:1002593.0:1982524.0:3927351.0:8039666.0:1.6023885E7 Result :3.2012194E7
Dec 3, 2014 9:18:15 PM FingerPrint scan
INFO: Processing chunk : 335544320
Dec 3, 2014 9:18:15 PM FingerPrint computeMagnitude
INFO: FingerPrint: :55525.0:104839.0:74367.0:246273.0:543163.0:867144.0:2117470.0:3914330.0:7900394.0:1.605004E7 Result :3.1873545E7
Dec 3, 2014 9:18:15 PM FingerPrint scan
INFO: Processing chunk : 352321536
Dec 3, 2014 9:18:15 PM FingerPrint computeMagnitude
INFO: FingerPrint: :10543.0:31664.0:79653.0:185118.0:531280.0:865190.0:1606554.0:3313190.0:6571602.0:1.3268627E7 Result :2.6463421E7
Dec 3, 2014 9:18:15 PM FingerPrint scan
INFO: Processing chunk : 369098752
Dec 3, 2014 9:18:15 PM FingerPrint computeMagnitude
INFO: FingerPrint: :70131.0:47089.0:123563.0:238909.0:419904.0:1003316.0:1962154.0:3968555.0:7829482.0:1.572502E7 Result :3.1388123E7
Dec 3, 2014 9:18:15 PM FingerPrint scan
INFO: Processing chunk : 385875968
Dec 3, 2014 9:18:15 PM FingerPrint computeMagnitude
INFO: FingerPrint: :60995.0:55507.0:215307.0:320546.0:595818.0:1325461.0:2393252.0:5143252.0:1.0151504E7:2.0200378E7 Result :4.046202E7
Dec 3, 2014 9:18:15 PM FingerPrint scan
INFO: Processing chunk : 402653184
Dec 3, 2014 9:18:15 PM FingerPrint computeMagnitude
INFO: FingerPrint: :72369.0:98084.0:130121.0:266793.0:516527.0:1142040.0:2295304.0:4458585.0:9123526.0:1.8201833E7 Result :3.6305182E7
Dec 3, 2014 9:18:15 PM FingerPrint scan
INFO: Processing chunk : 419430400
Dec 3, 2014 9:18:15 PM FingerPrint computeMagnitude
INFO: FingerPrint: :27683.0:43227.0:53001.0:277354.0:502167.0:1012620.0:2224875.0:4216673.0:8353161.0:1.6765213E7 Result :3.3475974E7
Dec 3, 2014 9:18:15 PM FingerPrint scan
INFO: Processing chunk : 436207616
Dec 3, 2014 9:18:15 PM FingerPrint computeMagnitude
INFO: FingerPrint: :29154.0:67907.0:92373.0:169106.0:568491.0:977811.0:2172291.0:4228621.0:8170849.0:1.6655303E7 Result :3.3131906E7
Dec 3, 2014 9:18:15 PM FingerPrint scan
INFO: Processing chunk : 452984832
Dec 3, 2014 9:18:15 PM FingerPrint computeMagnitude
INFO: FingerPrint: :26770.0:79663.0:139637.0:300159.0:493027.0:1052944.0:2081429.0:4054805.0:8277331.0:1.652119E7 Result :3.3026955E7
Dec 3, 2014 9:18:15 PM FingerPrint scan
INFO: Processing chunk : 469762048
Dec 3, 2014 9:18:15 PM FingerPrint computeMagnitude
INFO: FingerPrint: :40466.0:39328.0:170099.0:221805.0:529467.0:963461.0:1823836.0:3985702.0:7775480.0:1.5603807E7 Result :3.1153451E7
Dec 3, 2014 9:18:15 PM FingerPrint scan
INFO: Processing chunk : 486539264
Dec 3, 2014 9:18:15 PM FingerPrint computeMagnitude
INFO: FingerPrint: :8449.0:98315.0:185755.0:198332.0:607308.0:1167422.0:2072760.0:4474226.0:8739141.0:1.7431558E7 Result :3.4983266E7
Dec 3, 2014 9:18:15 PM FingerPrint scan
INFO: Processing chunk : 503316480
Dec 3, 2014 9:18:15 PM FingerPrint computeMagnitude
INFO: FingerPrint: :38976.0:100101.0:153051.0:257335.0:687312.0:1314670.0:2549487.0:5199402.0:1.0261402E7:2.0564319E7 Result :4.1126055E7
Dec 3, 2014 9:18:15 PM FingerPrint scan
INFO: Processing chunk : 520093696
Dec 3, 2014 9:18:15 PM FingerPrint computeMagnitude
INFO: FingerPrint: :24458.0:39518.0:130292.0:336662.0:622151.0:1199104.0:2392224.0:4685750.0:9391327.0:1.8895305E7 Result :3.7716791E7
Dec 3, 2014 9:18:15 PM FingerPrint scan
INFO: Processing chunk : 536870912
Dec 3, 2014 9:18:15 PM FingerPrint computeMagnitude
INFO: FingerPrint: :25850.0:73239.0:133920.0:297779.0:559704.0:1086299.0:2192703.0:4362131.0:8766006.0:1.7461076E7 Result :3.4958707E7
Dec 3, 2014 9:18:15 PM FingerPrint scan
INFO: Processing chunk : 553648128
Dec 3, 2014 9:18:15 PM FingerPrint computeMagnitude
INFO: FingerPrint: :14497.0:81813.0:83117.0:142782.0:529076.0:791112.0:1808577.0:3739012.0:7179176.0:1.4509313E7 Result :2.8878475E7
Dec 3, 2014 9:18:15 PM FingerPrint scan
INFO: Processing chunk : 570425344
Dec 3, 2014 9:18:15 PM FingerPrint computeMagnitude
INFO: FingerPrint: :17586.0:8595.0:103715.0:224066.0:381790.0:943121.0:1722038.0:3493297.0:6972578.0:1.3789117E7 Result :2.7655903E7
Dec 3, 2014 9:18:15 PM FingerPrint scan
INFO: Processing chunk : 587202560
Dec 3, 2014 9:18:15 PM FingerPrint computeMagnitude
INFO: FingerPrint: :14220.0:53747.0:124097.0:282223.0:522756.0:947444.0:1972574.0:3955335.0:7813749.0:1.5748486E7 Result :3.1434631E7
Dec 3, 2014 9:18:15 PM FingerPrint scan
INFO: Processing chunk : 603979776
Dec 3, 2014 9:18:15 PM FingerPrint computeMagnitude
INFO: FingerPrint: :35598.0:55515.0:173902.0:295479.0:581106.0:1029468.0:2158457.0:4362332.0:8598350.0:1.7277379E7 Result :3.4567586E7
Dec 3, 2014 9:18:15 PM FingerPrint scan
INFO: Processing chunk : 620756992
Dec 3, 2014 9:18:15 PM FingerPrint computeMagnitude
INFO: FingerPrint: :54557.0:69761.0:127949.0:291333.0:562042.0:1172817.0:2270416.0:4519372.0:9052060.0:1.8242429E7 Result :3.6362736E7
Dec 3, 2014 9:18:15 PM FingerPrint scan
INFO: Processing chunk : 637534208
Dec 3, 2014 9:18:16 PM FingerPrint computeMagnitude
INFO: FingerPrint: :12964.0:87458.0:139630.0:251168.0:435631.0:1016856.0:1988786.0:3951503.0:8039223.0:1.5916763E7 Result :3.1839982E7
Dec 3, 2014 9:18:16 PM FingerPrint scan
INFO: Processing chunk : 654311424
Dec 3, 2014 9:18:16 PM FingerPrint computeMagnitude
INFO: FingerPrint: :35429.0:35182.0:106646.0:270502.0:517636.0:844472.0:1925306.0:3736999.0:7582619.0:1.521839E7 Result :3.0273181E7
Dec 3, 2014 9:18:16 PM FingerPrint scan
INFO: Processing chunk : 671088640
Dec 3, 2014 9:18:16 PM FingerPrint computeMagnitude
INFO: FingerPrint: :51285.0:55310.0:87413.0:201761.0:436081.0:871230.0:1658128.0:3458385.0:6883520.0:1.3714253E7 Result :2.7417366E7
Dec 3, 2014 9:18:16 PM FingerPrint scan
INFO: Processing chunk : 687865856
Dec 3, 2014 9:18:16 PM FingerPrint computeMagnitude
INFO: FingerPrint: :25746.0:71000.0:142494.0:221916.0:397610.0:854875.0:1702191.0:3434386.0:6900233.0:1.3730771E7 Result :2.7481222E7
Dec 3, 2014 9:18:16 PM FingerPrint scan
INFO: Processing chunk : 704643072
Dec 3, 2014 9:18:16 PM FingerPrint computeMagnitude
INFO: FingerPrint: :48766.0:92524.0:131680.0:207860.0:510609.0:1125324.0:2040468.0:4179628.0:8364429.0:1.6713788E7 Result :3.3415076E7
Dec 3, 2014 9:18:16 PM FingerPrint scan
INFO: Processing chunk : 721420288
Dec 3, 2014 9:18:16 PM FingerPrint computeMagnitude
INFO: FingerPrint: :64824.0:90429.0:110372.0:240430.0:688583.0:1018751.0:2322705.0:4408745.0:8819210.0:1.8024918E7 Result :3.5788967E7
Dec 3, 2014 9:18:16 PM FingerPrint scan
INFO: Processing chunk : 738197504
Dec 3, 2014 9:18:16 PM FingerPrint computeMagnitude
INFO: FingerPrint: :20168.0:72904.0:137732.0:281239.0:499716.0:1140392.0:2104469.0:4223795.0:8454570.0:1.6900502E7 Result :3.3835487E7
Dec 3, 2014 9:18:16 PM FingerPrint scan
INFO: Processing chunk : 754974720
Dec 3, 2014 9:18:16 PM FingerPrint computeMagnitude
INFO: FingerPrint: :58868.0:50791.0:114328.0:297295.0:521574.0:984214.0:2156597.0:4208925.0:8394940.0:1.6877653E7 Result :3.3665185E7
Dec 3, 2014 9:18:16 PM FingerPrint scan
INFO: Processing chunk : 771751936
Dec 3, 2014 9:18:16 PM FingerPrint computeMagnitude
INFO: FingerPrint: :25426.0:29855.0:127839.0:206264.0:545106.0:1032159.0:1982244.0:4064438.0:8065026.0:1.6217403E7 Result :3.229576E7
Dec 3, 2014 9:18:16 PM FingerPrint scan
INFO: Processing chunk : 788529152
Dec 3, 2014 9:18:16 PM FingerPrint computeMagnitude
INFO: FingerPrint: :53118.0:55799.0:142152.0:309723.0:708242.0:1339570.0:2461358.0:5093370.0:1.0258138E7:2.0227462E7 Result :4.0648932E7
Dec 3, 2014 9:18:16 PM FingerPrint scan
INFO: Processing chunk : 805306368
Dec 3, 2014 9:18:16 PM FingerPrint computeMagnitude
INFO: FingerPrint: :48650.0:105101.0:99975.0:329130.0:555303.0:1222472.0:2382507.0:4795846.0:9676068.0:1.91266E7 Result :3.8341652E7
Dec 3, 2014 9:18:16 PM FingerPrint scan
INFO: Processing chunk : 822083584
Dec 3, 2014 9:18:16 PM FingerPrint computeMagnitude
INFO: FingerPrint: :63545.0:82047.0:99367.0:271267.0:567525.0:1075279.0:2195892.0:4339181.0:8603876.0:1.7267409E7 Result :3.4565388E7
Dec 3, 2014 9:18:16 PM FingerPrint scan
INFO: Processing chunk : 838860800
Dec 3, 2014 9:18:16 PM FingerPrint computeMagnitude
INFO: FingerPrint: :51419.0:86108.0:64551.0:314236.0:582350.0:1059574.0:2306205.0:4452404.0:8945440.0:1.7985454E7 Result :3.5847741E7
Dec 3, 2014 9:18:16 PM FingerPrint scan
INFO: Processing chunk : 855638016
Dec 3, 2014 9:18:16 PM FingerPrint computeMagnitude
INFO: FingerPrint: :53743.0:54571.0:132888.0:201465.0:534439.0:1084361.0:2197399.0:4352357.0:8506194.0:1.7017181E7 Result :3.4134598E7
Dec 3, 2014 9:18:16 PM FingerPrint scan
INFO: Processing chunk : 872415232
Dec 3, 2014 9:18:16 PM FingerPrint computeMagnitude
INFO: FingerPrint: :50933.0:51855.0:116576.0:271335.0:533487.0:1013346.0:2176881.0:4317872.0:8457815.0:1.7012061E7 Result :3.4002161E7
Dec 3, 2014 9:18:16 PM FingerPrint scan
INFO: Processing chunk : 889192448
Dec 3, 2014 9:18:16 PM FingerPrint computeMagnitude
INFO: FingerPrint: :62706.0:36867.0:94538.0:219038.0:475683.0:967479.0:1744487.0:3759008.0:7463239.0:1.4814895E7 Result :2.963794E7
Dec 3, 2014 9:18:16 PM FingerPrint scan
INFO: Processing chunk : 905969664
Dec 3, 2014 9:18:16 PM FingerPrint computeMagnitude
INFO: FingerPrint: :34836.0:62832.0:77802.0:255347.0:474241.0:896462.0:1893549.0:3676572.0:7419670.0:1.482313E7 Result :2.9614441E7
Dec 3, 2014 9:18:16 PM FingerPrint scan
INFO: Processing chunk : 922746880
Dec 3, 2014 9:18:16 PM FingerPrint computeMagnitude
INFO: FingerPrint: :28028.0:52714.0:78980.0:244800.0:340400.0:935618.0:1619135.0:3431614.0:6923867.0:1.3440775E7 Result :2.7095931E7
Dec 3, 2014 9:18:16 PM FingerPrint scan
INFO: Processing chunk : 939524096
Dec 3, 2014 9:18:16 PM FingerPrint computeMagnitude
INFO: FingerPrint: :8850.0:83496.0:78056.0:243354.0:429796.0:896017.0:1889448.0:3654099.0:7252669.0:1.4572999E7 Result :2.9108784E7
Dec 3, 2014 9:18:16 PM FingerPrint scan
INFO: Processing chunk : 956301312
Dec 3, 2014 9:18:16 PM FingerPrint computeMagnitude
INFO: FingerPrint: :40024.0:47922.0:93834.0:223687.0:406364.0:889841.0:1681664.0:3430077.0:6846811.0:1.3643736E7 Result :2.730396E7
Dec 3, 2014 9:18:16 PM FingerPrint scan
INFO: Processing chunk : 973078528
Dec 3, 2014 9:18:16 PM FingerPrint computeMagnitude
INFO: FingerPrint: :38455.0:72230.0:106547.0:236215.0:463127.0:785254.0:1786188.0:3441709.0:6965831.0:1.4123841E7 Result :2.8019397E7
Dec 3, 2014 9:18:16 PM FingerPrint scan
INFO: Processing chunk : 989855744
Dec 3, 2014 9:18:16 PM FingerPrint computeMagnitude
INFO: FingerPrint: :17840.0:56925.0:62503.0:151832.0:290273.0:783980.0:1355556.0:2926344.0:5806517.0:1.1237793E7 Result :2.2689563E7
Dec 3, 2014 9:18:16 PM FingerPrint scan
INFO: Processing chunk : 1006632960
Dec 3, 2014 9:18:16 PM FingerPrint computeMagnitude
INFO: FingerPrint: :54493.0:101881.0:142090.0:308701.0:581892.0:1082527.0:2331422.0:4666458.0:9218220.0:1.8581095E7 Result :3.7068779E7
Dec 3, 2014 9:18:16 PM FingerPrint scan
INFO: Processing chunk : 1023410176
Dec 3, 2014 9:18:16 PM FingerPrint computeMagnitude
INFO: FingerPrint: :11900.0:90688.0:85951.0:286287.0:593343.0:1240975.0:2500289.0:4902237.0:9792944.0:1.9402417E7 Result :3.8907031E7
Dec 3, 2014 9:18:16 PM FingerPrint scan
INFO: Processing chunk : 1040187392
Dec 3, 2014 9:18:16 PM FingerPrint computeMagnitude
INFO: FingerPrint: :54201.0:107849.0:116211.0:247537.0:632070.0:1071444.0:2275451.0:4617552.0:9073465.0:1.8229176E7 Result :3.6424956E7
Dec 3, 2014 9:18:16 PM FingerPrint scan
INFO: Processing chunk : 1056964608
Dec 3, 2014 9:18:16 PM FingerPrint computeMagnitude
INFO: FingerPrint: :22683.0:98434.0:121356.0:278838.0:548586.0:1219779.0:2416794.0:4751320.0:9559373.0:1.8979293E7 Result :3.7996456E7
Dec 3, 2014 9:18:16 PM FingerPrint scan
INFO: Processing chunk : 1073741824
Dec 3, 2014 9:18:16 PM FingerPrint computeMagnitude
INFO: FingerPrint: :60219.0:62702.0:136960.0:261239.0:610001.0:1263238.0:2428532.0:4811422.0:9696969.0:1.9351898E7 Result :3.868318E7
Dec 3, 2014 9:18:16 PM FingerPrint scan
INFO: Processing chunk : 1090519040
Dec 3, 2014 9:18:16 PM FingerPrint computeMagnitude
INFO: FingerPrint: :40057.0:77384.0:159483.0:346378.0:549118.0:1158967.0:2296102.0:4664359.0:9337814.0:1.8588122E7 Result :3.7217784E7
Dec 3, 2014 9:18:16 PM FingerPrint scan
INFO: Processing chunk : 1107296256
Dec 3, 2014 9:18:16 PM FingerPrint computeMagnitude
INFO: FingerPrint: :32656.0:60761.0:124842.0:269883.0:487401.0:1011593.0:1875003.0:3917857.0:7822039.0:1.5489473E7 Result :3.1091508E7
Dec 3, 2014 9:18:16 PM FingerPrint scan
INFO: Processing chunk : 1124073472
Dec 3, 2014 9:18:16 PM FingerPrint computeMagnitude
INFO: FingerPrint: :26986.0:90242.0:88954.0:280484.0:350676.0:759295.0:1741301.0:3285340.0:6725644.0:1.3541869E7 Result :2.6890791E7
Dec 3, 2014 9:18:16 PM FingerPrint scan
INFO: Processing chunk : 1140850688
Dec 3, 2014 9:18:16 PM FingerPrint computeMagnitude
INFO: FingerPrint: :39216.0:48813.0:140923.0:196262.0:446246.0:903961.0:1708166.0:3639846.0:7254372.0:1.4227937E7 Result :2.8605742E7
Dec 3, 2014 9:18:16 PM FingerPrint scan
INFO: Processing chunk : 1157627904
Dec 3, 2014 9:18:16 PM FingerPrint computeMagnitude
INFO: FingerPrint: :32930.0:56776.0:92380.0:246902.0:451793.0:888680.0:1933968.0:3802406.0:7510307.0:1.5029241E7 Result :3.0045383E7
Dec 3, 2014 9:18:16 PM FingerPrint scan
INFO: Processing chunk : 1174405120
Dec 3, 2014 9:18:16 PM FingerPrint computeMagnitude
INFO: FingerPrint: :16154.0:56964.0:141789.0:265171.0:555720.0:853141.0:1875321.0:3775325.0:7587548.0:1.5266906E7 Result :3.0394039E7
Dec 3, 2014 9:18:16 PM FingerPrint scan
INFO: Processing chunk : 1191182336
Dec 3, 2014 9:18:16 PM FingerPrint computeMagnitude
INFO: FingerPrint: :31652.0:66838.0:148115.0:245569.0:502584.0:1049478.0:2107860.0:4174835.0:8412657.0:1.6827767E7 Result :3.3567355E7
Dec 3, 2014 9:18:16 PM FingerPrint scan
INFO: Processing chunk : 1207959552
Dec 3, 2014 9:18:16 PM FingerPrint computeMagnitude
INFO: FingerPrint: :21948.0:89437.0:133126.0:279880.0:555668.0:1056675.0:2214266.0:4366226.0:8657554.0:1.7515701E7 Result :3.4890481E7
Dec 3, 2014 9:18:16 PM FingerPrint scan
INFO: Processing chunk : 1224736768
Dec 3, 2014 9:18:16 PM FingerPrint computeMagnitude
INFO: FingerPrint: :51920.0:33108.0:127610.0:258097.0:521691.0:973817.0:1964999.0:3991230.0:7934715.0:1.5832979E7 Result :3.1690166E7
Dec 3, 2014 9:18:16 PM FingerPrint scan
INFO: Processing chunk : 1241513984
Dec 3, 2014 9:18:16 PM FingerPrint computeMagnitude
INFO: FingerPrint: :13451.0:51355.0:96603.0:193377.0:324043.0:714161.0:1416441.0:2889200.0:5744134.0:1.136854E7 Result :2.2811305E7
Dec 3, 2014 9:18:16 PM FingerPrint scan
INFO: Processing chunk : 1258291200
Dec 3, 2014 9:18:16 PM FingerPrint computeMagnitude
INFO: FingerPrint: :42021.0:97257.0:105986.0:326058.0:437136.0:1094783.0:2120502.0:4260690.0:8675417.0:1.711141E7 Result :3.427126E7
Dec 3, 2014 9:18:16 PM FingerPrint scan
INFO: Processing chunk : 1275068416
Dec 3, 2014 9:18:16 PM FingerPrint computeMagnitude
INFO: FingerPrint: :47159.0:49755.0:115674.0:276320.0:497147.0:1006344.0:1967806.0:3994474.0:8154026.0:1.6061613E7 Result :3.2170318E7
Dec 3, 2014 9:18:16 PM FingerPrint scan
INFO: Processing chunk : 1291845632
Dec 3, 2014 9:18:16 PM FingerPrint computeMagnitude
INFO: FingerPrint: :38308.0:49611.0:112265.0:259139.0:405501.0:857519.0:1645151.0:3282597.0:6803789.0:1.3441545E7 Result :2.6895425E7
Dec 3, 2014 9:18:16 PM FingerPrint scan
INFO: Processing chunk : 1308622848
Dec 3, 2014 9:18:16 PM FingerPrint computeMagnitude
INFO: FingerPrint: :76121.0:60744.0:203817.0:277304.0:636748.0:1007525.0:2378685.0:4660602.0:9330560.0:1.9022359E7 Result :3.7654465E7
Dec 3, 2014 9:18:16 PM FingerPrint scan
INFO: Processing chunk : 1325400064
Dec 3, 2014 9:18:16 PM FingerPrint computeMagnitude
INFO: FingerPrint: :31996.0:96396.0:190641.0:292518.0:637284.0:1433734.0:2895456.0:5787969.0:1.138629E7:2.2453543E7 Result :4.5205827E7
Dec 3, 2014 9:18:16 PM FingerPrint scan
INFO: Processing chunk : 1342177280
Dec 3, 2014 9:18:16 PM FingerPrint computeMagnitude
INFO: FingerPrint: :67243.0:47394.0:168180.0:319620.0:680654.0:1385368.0:2714185.0:5520423.0:1.0868909E7:2.1679178E7 Result :4.3451154E7
Dec 3, 2014 9:18:16 PM FingerPrint scan
INFO: Processing chunk : 1358954496
Dec 3, 2014 9:18:16 PM FingerPrint computeMagnitude
INFO: FingerPrint: :35333.0:44474.0:144988.0:171095.0:475396.0:949293.0:1910572.0:3743449.0:7351565.0:1.476669E7 Result :2.9592855E7
Dec 3, 2014 9:18:16 PM FingerPrint scan
INFO: Processing chunk : 1375731712
Dec 3, 2014 9:18:16 PM FingerPrint computeMagnitude
INFO: FingerPrint: :22289.0:85336.0:171095.0:256183.0:636744.0:1260549.0:2595371.0:5059433.0:1.0149734E7:2.0278018E7 Result :4.0514752E7
Dec 3, 2014 9:18:16 PM FingerPrint scan
INFO: Processing chunk : 1392508928
Dec 3, 2014 9:18:16 PM FingerPrint computeMagnitude
INFO: FingerPrint: :25629.0:87563.0:130747.0:300633.0:553840.0:1163406.0:2258753.0:4569177.0:9087819.0:1.8145745E7 Result :3.6323312E7
Dec 3, 2014 9:18:16 PM FingerPrint scan
INFO: Processing chunk : 1409286144
Dec 3, 2014 9:18:16 PM FingerPrint computeMagnitude
INFO: FingerPrint: :35825.0:42405.0:119722.0:308711.0:672813.0:1035029.0:2321231.0:4650620.0:9154366.0:1.8558194E7 Result :3.6898916E7
Dec 3, 2014 9:18:16 PM FingerPrint scan
INFO: Processing chunk : 1426063360
Dec 3, 2014 9:18:16 PM FingerPrint computeMagnitude
INFO: FingerPrint: :19579.0:30822.0:143777.0:274186.0:590828.0:1026125.0:2308541.0:4654120.0:9102717.0:1.8265882E7 Result :3.6416577E7
Dec 3, 2014 9:18:16 PM FingerPrint scan
INFO: Processing chunk : 1442840576
Dec 3, 2014 9:18:16 PM FingerPrint computeMagnitude
INFO: FingerPrint: :42720.0:79221.0:84551.0:268727.0:648359.0:1064105.0:2190571.0:4440021.0:8745877.0:1.7619481E7 Result :3.5183633E7
Dec 3, 2014 9:18:16 PM FingerPrint scan
INFO: Processing chunk : 1459617792
Dec 3, 2014 9:18:16 PM FingerPrint computeMagnitude
INFO: FingerPrint: :33701.0:57028.0:101926.0:258572.0:570897.0:946995.0:1954421.0:3994130.0:7956416.0:1.5911436E7 Result :3.1785522E7
Dec 3, 2014 9:18:16 PM FingerPrint scan
INFO: Processing chunk : 1476395008
Dec 3, 2014 9:18:16 PM FingerPrint computeMagnitude
INFO: FingerPrint: :26307.0:95667.0:80112.0:208561.0:339318.0:827052.0:1504246.0:3131482.0:6285765.0:1.2361864E7 Result :2.4860374E7
Dec 3, 2014 9:18:16 PM FingerPrint scan
INFO: Processing chunk : 1493172224
Dec 3, 2014 9:18:16 PM FingerPrint computeMagnitude
INFO: FingerPrint: :29034.0:52111.0:109214.0:189554.0:341524.0:593791.0:1354133.0:2657061.0:5468111.0:1.0865492E7 Result :2.1660025E7
Dec 3, 2014 9:18:16 PM FingerPrint scan
INFO: Processing chunk : 1509949440
Dec 3, 2014 9:18:16 PM FingerPrint computeMagnitude
INFO: FingerPrint: :11249.0:21385.0:32209.0:124619.0:275107.0:464151.0:985587.0:2051135.0:3934766.0:7887979.0 Result :1.5788187E7
Dec 3, 2014 9:18:16 PM FingerPrint scan
INFO: Processing chunk : 1526726656
Dec 3, 2014 9:18:16 PM FingerPrint computeMagnitude
INFO: FingerPrint: :49418.0:78974.0:96828.0:269917.0:519353.0:980573.0:1922372.0:4017099.0:7964815.0:1.6019081E7 Result :3.191843E7
Dec 3, 2014 9:18:16 PM FingerPrint scan
INFO: Processing chunk : 1543503872
Dec 3, 2014 9:18:16 PM FingerPrint computeMagnitude
INFO: FingerPrint: :27861.0:80376.0:162820.0:278773.0:512687.0:982446.0:2186744.0:4246180.0:8429440.0:1.7075097E7 Result :3.3982424E7
Dec 3, 2014 9:18:16 PM FingerPrint scan
INFO: Processing chunk : 1560281088
Dec 3, 2014 9:18:16 PM FingerPrint computeMagnitude
INFO: FingerPrint: :45075.0:69386.0:122750.0:225075.0:546773.0:1047566.0:2084794.0:4056667.0:8289132.0:1.6562729E7 Result :3.3049947E7
Dec 3, 2014 9:18:16 PM FingerPrint scan
INFO: Processing chunk : 1577058304
Dec 3, 2014 9:18:16 PM FingerPrint computeMagnitude
INFO: FingerPrint: :18717.0:91324.0:158002.0:230043.0:565894.0:1223302.0:2269043.0:4663238.0:9260738.0:1.8451943E7 Result :3.6932244E7
Dec 3, 2014 9:18:16 PM FingerPrint scan
INFO: Processing chunk : 1593835520
Dec 3, 2014 9:18:16 PM FingerPrint computeMagnitude
INFO: FingerPrint: :20047.0:69234.0:140106.0:229900.0:461139.0:888972.0:1973959.0:3915607.0:7652101.0:1.535818E7 Result :3.0709245E7
Dec 3, 2014 9:18:16 PM FingerPrint scan
INFO: Processing chunk : 1610612736
Dec 3, 2014 9:18:16 PM FingerPrint computeMagnitude
INFO: FingerPrint: :44532.0:62705.0:93131.0:281159.0:490837.0:1030812.0:2052228.0:3983553.0:8071405.0:1.6125665E7 Result :3.2236027E7
Dec 3, 2014 9:18:16 PM FingerPrint scan
INFO: Processing chunk : 1627389952
Dec 3, 2014 9:18:16 PM FingerPrint computeMagnitude
INFO: FingerPrint: :13301.0:37125.0:95217.0:140832.0:306469.0:606691.0:1192367.0:2390904.0:4764871.0:9586406.0 Result :1.9134183E7
Dec 3, 2014 9:18:16 PM FingerPrint scan
INFO: Processing chunk : 1644167168
Dec 3, 2014 9:18:16 PM FingerPrint computeMagnitude
INFO: FingerPrint: :12480.0:25822.0:35220.0:65235.0:130531.0:227330.0:522250.0:1028721.0:2039068.0:4128218.0 Result :8214875.0
Dec 3, 2014 9:18:16 PM FingerPrint scan
INFO: Processing chunk : 1660944384
Dec 3, 2014 9:18:16 PM FingerPrint computeMagnitude
INFO: FingerPrint: :3892.0:8783.0:23052.0:45620.0:75126.0:199870.0:350343.0:729053.0:1453651.0:2852904.0 Result :5742294.0
Dec 3, 2014 9:18:16 PM FingerPrint scan
INFO: Processing chunk : 1677721600
Dec 3, 2014 9:18:16 PM FingerPrint computeMagnitude
INFO: FingerPrint: :55988.0:52500.0:129128.0:231203.0:532542.0:868271.0:1869840.0:3725245.0:7355796.0:1.4902904E7 Result :2.9723417E7
Dec 3, 2014 9:18:16 PM FingerPrint scan
INFO: Processing chunk : 1694498816
Dec 3, 2014 9:18:16 PM FingerPrint computeMagnitude
INFO: FingerPrint: :10496.0:87344.0:135913.0:297887.0:636374.0:1094569.0:2181277.0:4510912.0:9021727.0:1.7975679E7 Result :3.5952178E7
Dec 3, 2014 9:18:16 PM FingerPrint scan
INFO: Processing chunk : 1711276032
Dec 3, 2014 9:18:16 PM FingerPrint computeMagnitude
INFO: FingerPrint: :17070.0:27319.0:64446.0:70658.0:246110.0:380341.0:711216.0:1552893.0:3051194.0:6149150.0 Result :1.2270397E7
Dec 3, 2014 9:18:16 PM FingerPrint scan
INFO: Processing chunk : 1728053248
Dec 3, 2014 9:18:16 PM FingerPrint computeMagnitude
INFO: FingerPrint: :23105.0:27781.0:60689.0:115598.0:259314.0:586817.0:1150732.0:2229755.0:4505136.0:8959158.0 Result :1.7918085E7
Dec 3, 2014 9:18:16 PM FingerPrint scan
INFO: Processing chunk : 1744830464
Dec 3, 2014 9:18:16 PM FingerPrint computeMagnitude
INFO: FingerPrint: :70342.0:43808.0:89803.0:176273.0:491017.0:1120043.0:2061106.0:4193670.0:8256235.0:1.6237596E7 Result :3.2739893E7
Dec 3, 2014 9:18:16 PM FingerPrint scan
INFO: Processing chunk : 1761607680
Dec 3, 2014 9:18:16 PM FingerPrint computeMagnitude
INFO: FingerPrint: :35394.0:94931.0:141362.0:267199.0:431587.0:1074460.0:2034513.0:4163307.0:8309389.0:1.6437709E7 Result :3.2989851E7
Dec 3, 2014 9:18:16 PM FingerPrint scan
INFO: Processing chunk : 1778384896
Dec 3, 2014 9:18:16 PM FingerPrint computeMagnitude
INFO: FingerPrint: :33414.0:76129.0:57153.0:295353.0:562422.0:823393.0:1943125.0:3783367.0:7579324.0:1.5470426E7 Result :3.0624106E7
