Dec 3, 2014 9:18:52 PM AudioFileComparator fingerPrint
INFO: Trying to get fingerprint for file : /course/cs5500f14/Assignments/A5/z05.wav
Dec 3, 2014 9:18:53 PM FingerPrint scan
INFO: Processing chunk : 0
Dec 3, 2014 9:18:53 PM FingerPrint computeMagnitude
INFO: FingerPrint: :23710.0:60734.0:126694.0:325456.0:605583.0:1152036.0:2374822.0:4693038.0:9361330.0:1.8745788E7 Result :3.7469191E7
Dec 3, 2014 9:18:53 PM FingerPrint scan
INFO: Processing chunk : 16777216
Dec 3, 2014 9:18:53 PM FingerPrint computeMagnitude
INFO: FingerPrint: :68833.0:73523.0:143005.0:309112.0:665944.0:1196338.0:2403548.0:4975051.0:9746020.0:1.9559704E7 Result :3.9141078E7
Dec 3, 2014 9:18:53 PM FingerPrint scan
INFO: Processing chunk : 33554432
Dec 3, 2014 9:18:53 PM FingerPrint computeMagnitude
INFO: FingerPrint: :10494.0:116497.0:146902.0:318538.0:609752.0:1264192.0:2538614.0:4972170.0:1.0139498E7:2.017577E7 Result :4.0292427E7
Dec 3, 2014 9:18:53 PM FingerPrint scan
INFO: Processing chunk : 50331648
Dec 3, 2014 9:18:53 PM FingerPrint computeMagnitude
INFO: FingerPrint: :51718.0:87847.0:125266.0:318290.0:660089.0:1251183.0:2494900.0:5050135.0:1.0044177E7:2.0060402E7 Result :4.0144007E7
Dec 3, 2014 9:18:53 PM FingerPrint scan
INFO: Processing chunk : 67108864
Dec 3, 2014 9:18:53 PM FingerPrint computeMagnitude
INFO: FingerPrint: :28379.0:96410.0:141600.0:299452.0:622346.0:1189152.0:2424158.0:4835282.0:9695510.0:1.9422402E7 Result :3.8754691E7
Dec 3, 2014 9:18:53 PM FingerPrint scan
INFO: Processing chunk : 83886080
Dec 3, 2014 9:18:53 PM FingerPrint computeMagnitude
INFO: FingerPrint: :45954.0:66514.0:151023.0:269228.0:590634.0:1104364.0:2327543.0:4624977.0:9255096.0:1.8526634E7 Result :3.6961967E7
Dec 3, 2014 9:18:53 PM FingerPrint scan
INFO: Processing chunk : 100663296
Dec 3, 2014 9:18:53 PM FingerPrint computeMagnitude
INFO: FingerPrint: :48457.0:77512.0:140104.0:276264.0:506989.0:1098081.0:2140944.0:4342021.0:8684245.0:1.7300759E7 Result :3.4615376E7
Dec 3, 2014 9:18:53 PM FingerPrint scan
INFO: Processing chunk : 117440512
Dec 3, 2014 9:18:53 PM FingerPrint computeMagnitude
INFO: FingerPrint: :17011.0:43253.0:74903.0:163197.0:279564.0:637937.0:1223898.0:2458378.0:4953139.0:9817046.0 Result :1.9668326E7
Dec 3, 2014 9:18:53 PM FingerPrint scan
INFO: Processing chunk : 134217728
Dec 3, 2014 9:18:53 PM FingerPrint computeMagnitude
INFO: FingerPrint: :13455.0:79127.0:148139.0:282145.0:486519.0:1011210.0:2084288.0:4106270.0:8338075.0:1.6636856E7 Result :3.3186084E7
Dec 3, 2014 9:18:53 PM FingerPrint scan
INFO: Processing chunk : 150994944
Dec 3, 2014 9:18:53 PM FingerPrint computeMagnitude
INFO: FingerPrint: :45098.0:87751.0:126513.0:266261.0:541842.0:1135232.0:2191343.0:4415913.0:8812239.0:1.7594206E7 Result :3.5216398E7
Dec 3, 2014 9:18:53 PM FingerPrint scan
INFO: Processing chunk : 167772160
Dec 3, 2014 9:18:53 PM FingerPrint computeMagnitude
INFO: FingerPrint: :34624.0:64500.0:119967.0:297157.0:614076.0:1116148.0:2320878.0:4607475.0:9219927.0:1.8469444E7 Result :3.6864196E7
Dec 3, 2014 9:18:53 PM FingerPrint scan
INFO: Processing chunk : 184549376
Dec 3, 2014 9:18:53 PM FingerPrint computeMagnitude
INFO: FingerPrint: :30153.0:99205.0:165670.0:278101.0:591845.0:1202253.0:2385647.0:4800376.0:9609506.0:1.9217901E7 Result :3.8380657E7
Dec 3, 2014 9:18:53 PM FingerPrint scan
INFO: Processing chunk : 201326592
Dec 3, 2014 9:18:53 PM FingerPrint computeMagnitude
INFO: FingerPrint: :14697.0:63787.0:98271.0:321280.0:583574.0:1179678.0:2193877.0:4452278.0:8910791.0:1.7648012E7 Result :3.5466245E7
Dec 3, 2014 9:18:53 PM FingerPrint scan
INFO: Processing chunk : 218103808
Dec 3, 2014 9:18:54 PM FingerPrint computeMagnitude
INFO: FingerPrint: :9868.0:68048.0:130930.0:339576.0:628045.0:1200080.0:2426651.0:4794523.0:9618161.0:1.9236257E7 Result :3.8452139E7
Dec 3, 2014 9:18:54 PM FingerPrint scan
INFO: Processing chunk : 234881024
Dec 3, 2014 9:18:54 PM FingerPrint computeMagnitude
INFO: FingerPrint: :45505.0:36379.0:100679.0:269861.0:537161.0:872007.0:1947840.0:4130785.0:7828179.0:1.5831281E7 Result :3.1599677E7
Dec 3, 2014 9:18:54 PM FingerPrint scan
INFO: Processing chunk : 251658240
Dec 3, 2014 9:18:54 PM FingerPrint computeMagnitude
INFO: FingerPrint: :57048.0:77980.0:92474.0:267053.0:607158.0:1155824.0:2312873.0:4684056.0:9254891.0:1.8590583E7 Result :3.709994E7
Dec 3, 2014 9:18:54 PM FingerPrint scan
INFO: Processing chunk : 268435456
Dec 3, 2014 9:18:54 PM FingerPrint computeMagnitude
INFO: FingerPrint: :9955.0:48184.0:159290.0:270460.0:511823.0:1099625.0:2207858.0:4155318.0:8469764.0:1.6956171E7 Result :3.3888448E7
Dec 3, 2014 9:18:54 PM FingerPrint scan
INFO: Processing chunk : 285212672
Dec 3, 2014 9:18:54 PM FingerPrint computeMagnitude
INFO: FingerPrint: :47748.0:36509.0:181491.0:255687.0:456115.0:850231.0:1851328.0:3579001.0:7305761.0:1.4665984E7 Result :2.9229855E7
Dec 3, 2014 9:18:54 PM FingerPrint scan
INFO: Processing chunk : 301989888
Dec 3, 2014 9:18:54 PM FingerPrint computeMagnitude
INFO: FingerPrint: :23517.0:77662.0:101302.0:209120.0:363831.0:816731.0:1594465.0:3139552.0:6391450.0:1.2724768E7 Result :2.5442398E7
Dec 3, 2014 9:18:54 PM FingerPrint scan
INFO: Processing chunk : 318767104
Dec 3, 2014 9:18:54 PM FingerPrint computeMagnitude
INFO: FingerPrint: :22244.0:16496.0:95372.0:189865.0:445414.0:594136.0:1524887.0:2848782.0:5640070.0:1.1587004E7 Result :2.296427E7
Dec 3, 2014 9:18:54 PM FingerPrint scan
INFO: Processing chunk : 335544320
Dec 3, 2014 9:18:54 PM FingerPrint computeMagnitude
INFO: FingerPrint: :23122.0:35018.0:83671.0:128890.0:273054.0:702661.0:1189198.0:2470653.0:4962729.0:9818936.0 Result :1.9687932E7
Dec 3, 2014 9:18:54 PM FingerPrint scan
INFO: Processing chunk : 352321536
Dec 3, 2014 9:18:54 PM FingerPrint computeMagnitude
INFO: FingerPrint: :36988.0:21213.0:108700.0:254078.0:511788.0:987927.0:1832983.0:3785878.0:7568837.0:1.4977308E7 Result :3.00857E7
Dec 3, 2014 9:18:54 PM FingerPrint scan
INFO: Processing chunk : 369098752
Dec 3, 2014 9:18:54 PM FingerPrint computeMagnitude
INFO: FingerPrint: :15708.0:71499.0:73547.0:236258.0:415338.0:749966.0:1588278.0:3114152.0:6230317.0:1.2612474E7 Result :2.5107537E7
Dec 3, 2014 9:18:54 PM FingerPrint scan
INFO: Processing chunk : 385875968
Dec 3, 2014 9:18:54 PM FingerPrint computeMagnitude
INFO: FingerPrint: :39698.0:44582.0:65469.0:165816.0:457418.0:712451.0:1641073.0:3191590.0:6156225.0:1.2574834E7 Result :2.5049156E7
Dec 3, 2014 9:18:54 PM FingerPrint scan
INFO: Processing chunk : 402653184
Dec 3, 2014 9:18:54 PM FingerPrint computeMagnitude
INFO: FingerPrint: :20436.0:72651.0:93132.0:227834.0:498954.0:988797.0:1927824.0:3910107.0:7792220.0:1.5582667E7 Result :3.1114622E7
Dec 3, 2014 9:18:54 PM FingerPrint scan
INFO: Processing chunk : 419430400
Dec 3, 2014 9:18:54 PM FingerPrint computeMagnitude
INFO: FingerPrint: :30315.0:83840.0:74290.0:217605.0:498109.0:824912.0:1812347.0:3620508.0:7146650.0:1.4429876E7 Result :2.8738452E7
Dec 3, 2014 9:18:54 PM FingerPrint scan
INFO: Processing chunk : 436207616
Dec 3, 2014 9:18:54 PM FingerPrint computeMagnitude
INFO: FingerPrint: :27749.0:59591.0:129058.0:143700.0:431761.0:736005.0:1434139.0:3122598.0:6069233.0:1.2062824E7 Result :2.4216658E7
Dec 3, 2014 9:18:54 PM FingerPrint scan
INFO: Processing chunk : 452984832
Dec 3, 2014 9:18:54 PM FingerPrint computeMagnitude
INFO: FingerPrint: :20702.0:56427.0:69087.0:198813.0:415059.0:756236.0:1634174.0:3053051.0:6104277.0:1.2339932E7 Result :2.4647758E7
Dec 3, 2014 9:18:54 PM FingerPrint scan
INFO: Processing chunk : 469762048
Dec 3, 2014 9:18:54 PM FingerPrint computeMagnitude
INFO: FingerPrint: :49661.0:83243.0:103533.0:211884.0:476228.0:885569.0:1889300.0:3619892.0:7250157.0:1.465393E7 Result :2.9223397E7
Dec 3, 2014 9:18:54 PM FingerPrint scan
INFO: Processing chunk : 486539264
Dec 3, 2014 9:18:54 PM FingerPrint computeMagnitude
INFO: FingerPrint: :33102.0:27280.0:122958.0:282959.0:524058.0:962624.0:1975487.0:3765356.0:7651667.0:1.5537542E7 Result :3.0883033E7
Dec 3, 2014 9:18:54 PM FingerPrint scan
INFO: Processing chunk : 503316480
Dec 3, 2014 9:18:54 PM FingerPrint computeMagnitude
INFO: FingerPrint: :21530.0:48125.0:110647.0:240517.0:426547.0:981489.0:1878450.0:3878000.0:7657122.0:1.5047472E7 Result :3.0289899E7
Dec 3, 2014 9:18:54 PM FingerPrint scan
INFO: Processing chunk : 520093696
Dec 3, 2014 9:18:54 PM FingerPrint computeMagnitude
INFO: FingerPrint: :32545.0:71336.0:156049.0:222546.0:410626.0:684207.0:1660341.0:3320281.0:6581090.0:1.3329914E7 Result :2.6468935E7
Dec 3, 2014 9:18:54 PM FingerPrint scan
INFO: Processing chunk : 536870912
Dec 3, 2014 9:18:54 PM FingerPrint computeMagnitude
INFO: FingerPrint: :52138.0:22677.0:52510.0:197183.0:459381.0:834009.0:1757020.0:3329273.0:6638849.0:1.3530925E7 Result :2.6873965E7
Dec 3, 2014 9:18:54 PM FingerPrint scan
INFO: Processing chunk : 553648128
Dec 3, 2014 9:18:54 PM FingerPrint computeMagnitude
INFO: FingerPrint: :22603.0:50794.0:32139.0:205311.0:333882.0:832147.0:1333262.0:2897565.0:5788498.0:1.1264463E7 Result :2.2760664E7
Dec 3, 2014 9:18:54 PM FingerPrint scan
INFO: Processing chunk : 570425344
Dec 3, 2014 9:18:54 PM FingerPrint computeMagnitude
INFO: FingerPrint: :23953.0:69608.0:98346.0:215529.0:494811.0:941064.0:1921049.0:3829643.0:7621795.0:1.5238582E7 Result :3.045438E7
Dec 3, 2014 9:18:54 PM FingerPrint scan
INFO: Processing chunk : 587202560
Dec 3, 2014 9:18:54 PM FingerPrint computeMagnitude
INFO: FingerPrint: :22711.0:32431.0:135419.0:237059.0:509683.0:939364.0:1750692.0:3566156.0:7102882.0:1.428727E7 Result :2.8583667E7
Dec 3, 2014 9:18:54 PM FingerPrint scan
INFO: Processing chunk : 603979776
Dec 3, 2014 9:18:54 PM FingerPrint computeMagnitude
INFO: FingerPrint: :26050.0:38097.0:108723.0:262502.0:469836.0:844969.0:1808748.0:3565500.0:7050982.0:1.4264559E7 Result :2.8439966E7
Dec 3, 2014 9:18:54 PM FingerPrint scan
INFO: Processing chunk : 620756992
Dec 3, 2014 9:18:54 PM FingerPrint computeMagnitude
INFO: FingerPrint: :42454.0:55106.0:121328.0:207804.0:477152.0:999459.0:1860806.0:3790648.0:7604203.0:1.5128111E7 Result :3.0287071E7
Dec 3, 2014 9:18:54 PM FingerPrint scan
INFO: Processing chunk : 637534208
Dec 3, 2014 9:18:54 PM FingerPrint computeMagnitude
INFO: FingerPrint: :46233.0:45269.0:117907.0:246089.0:481896.0:957332.0:1963052.0:4036196.0:7817815.0:1.5702562E7 Result :3.1414351E7
Dec 3, 2014 9:18:54 PM FingerPrint scan
INFO: Processing chunk : 654311424
Dec 3, 2014 9:18:54 PM FingerPrint computeMagnitude
INFO: FingerPrint: :18119.0:63626.0:73036.0:239232.0:394455.0:967813.0:1739960.0:3481417.0:6978550.0:1.3898287E7 Result :2.7854495E7
Dec 3, 2014 9:18:54 PM FingerPrint scan
INFO: Processing chunk : 671088640
Dec 3, 2014 9:18:54 PM FingerPrint computeMagnitude
INFO: FingerPrint: :13935.0:53780.0:125820.0:167622.0:418167.0:848718.0:1635270.0:3275986.0:6589509.0:1.3171154E7 Result :2.6299961E7
Dec 3, 2014 9:18:54 PM FingerPrint scan
INFO: Processing chunk : 687865856
Dec 3, 2014 9:18:54 PM FingerPrint computeMagnitude
INFO: FingerPrint: :26343.0:73271.0:49412.0:186029.0:302302.0:661143.0:1363402.0:2625589.0:5323653.0:1.0598461E7 Result :2.1209605E7
Dec 3, 2014 9:18:54 PM FingerPrint scan
INFO: Processing chunk : 704643072
Dec 3, 2014 9:18:54 PM FingerPrint computeMagnitude
INFO: FingerPrint: :16512.0:92409.0:97822.0:214804.0:515617.0:849221.0:1760940.0:3665508.0:7100488.0:1.442018E7 Result :2.8733501E7
Dec 3, 2014 9:18:54 PM FingerPrint scan
INFO: Processing chunk : 721420288
Dec 3, 2014 9:18:54 PM FingerPrint computeMagnitude
INFO: FingerPrint: :26035.0:72478.0:74166.0:281423.0:516859.0:810359.0:1725380.0:3404936.0:6832978.0:1.3931165E7 Result :2.7675779E7
Dec 3, 2014 9:18:54 PM FingerPrint scan
INFO: Processing chunk : 738197504
Dec 3, 2014 9:18:54 PM FingerPrint computeMagnitude
INFO: FingerPrint: :27422.0:36619.0:85437.0:187459.0:356496.0:916285.0:1589006.0:3223312.0:6478011.0:1.2710937E7 Result :2.5610984E7
Dec 3, 2014 9:18:54 PM FingerPrint scan
INFO: Processing chunk : 754974720
Dec 3, 2014 9:18:54 PM FingerPrint computeMagnitude
INFO: FingerPrint: :50105.0:81854.0:111289.0:242188.0:407865.0:733533.0:1639888.0:3267603.0:6658504.0:1.3432267E7 Result :2.6625096E7
Dec 3, 2014 9:18:54 PM FingerPrint scan
INFO: Processing chunk : 771751936
Dec 3, 2014 9:18:54 PM FingerPrint computeMagnitude
INFO: FingerPrint: :33949.0:69591.0:84185.0:218650.0:444212.0:874507.0:1742236.0:3442505.0:6815281.0:1.3734166E7 Result :2.7459282E7
Dec 3, 2014 9:18:54 PM FingerPrint scan
INFO: Processing chunk : 788529152
Dec 3, 2014 9:18:54 PM FingerPrint computeMagnitude
INFO: FingerPrint: :28223.0:77885.0:70113.0:164040.0:465865.0:806324.0:1669412.0:3225863.0:6476025.0:1.2947283E7 Result :2.5931033E7
Dec 3, 2014 9:18:54 PM FingerPrint scan
INFO: Processing chunk : 805306368
Dec 3, 2014 9:18:54 PM FingerPrint computeMagnitude
INFO: FingerPrint: :59470.0:112777.0:119397.0:229687.0:544404.0:1054859.0:2168324.0:4293068.0:8506579.0:1.7135744E7 Result :3.4224309E7
Dec 3, 2014 9:18:54 PM FingerPrint scan
INFO: Processing chunk : 822083584
Dec 3, 2014 9:18:54 PM FingerPrint computeMagnitude
INFO: FingerPrint: :48067.0:54330.0:96186.0:266389.0:504240.0:903990.0:1891939.0:3922508.0:7655111.0:1.5436632E7 Result :3.0779392E7
Dec 3, 2014 9:18:54 PM FingerPrint scan
INFO: Processing chunk : 838860800
Dec 3, 2014 9:18:54 PM FingerPrint computeMagnitude
INFO: FingerPrint: :35980.0:30713.0:142709.0:267282.0:480537.0:976707.0:2019482.0:4109458.0:8037862.0:1.6095541E7 Result :3.2196271E7
Dec 3, 2014 9:18:54 PM FingerPrint scan
INFO: Processing chunk : 855638016
Dec 3, 2014 9:18:54 PM FingerPrint computeMagnitude
INFO: FingerPrint: :25463.0:55721.0:159397.0:284857.0:591415.0:1023455.0:2210760.0:4389997.0:8673879.0:1.7670352E7 Result :3.5085296E7
Dec 3, 2014 9:18:54 PM FingerPrint scan
INFO: Processing chunk : 872415232
Dec 3, 2014 9:18:54 PM FingerPrint computeMagnitude
INFO: FingerPrint: :7995.0:31927.0:125522.0:242941.0:435018.0:957471.0:1958771.0:3751267.0:7466975.0:1.4932339E7 Result :2.9910226E7
Dec 3, 2014 9:18:54 PM FingerPrint scan
INFO: Processing chunk : 889192448
Dec 3, 2014 9:18:54 PM FingerPrint computeMagnitude
INFO: FingerPrint: :32611.0:74414.0:82138.0:201045.0:463162.0:836556.0:1768241.0:3454181.0:6881250.0:1.3727373E7 Result :2.7520971E7
Dec 3, 2014 9:18:54 PM FingerPrint scan
INFO: Processing chunk : 905969664
Dec 3, 2014 9:18:54 PM FingerPrint computeMagnitude
INFO: FingerPrint: :28008.0:14596.0:112740.0:230872.0:350524.0:790140.0:1603808.0:3138231.0:6329047.0:1.2499401E7 Result :2.5097367E7
Dec 3, 2014 9:18:54 PM FingerPrint scan
INFO: Processing chunk : 922746880
Dec 3, 2014 9:18:54 PM FingerPrint computeMagnitude
INFO: FingerPrint: :68271.0:42520.0:179497.0:225624.0:522151.0:1015715.0:2003619.0:4135601.0:8262007.0:1.65898E7 Result :3.3044805E7
Dec 3, 2014 9:18:54 PM FingerPrint scan
INFO: Processing chunk : 939524096
Dec 3, 2014 9:18:54 PM FingerPrint computeMagnitude
INFO: FingerPrint: :16017.0:73452.0:100307.0:213820.0:491389.0:1042377.0:1831484.0:3747875.0:7610901.0:1.5047752E7 Result :3.0175374E7
Dec 3, 2014 9:18:54 PM FingerPrint scan
INFO: Processing chunk : 956301312
Dec 3, 2014 9:18:54 PM FingerPrint computeMagnitude
INFO: FingerPrint: :63568.0:48284.0:97331.0:291221.0:467186.0:828316.0:1785728.0:3531003.0:7105338.0:1.4507955E7 Result :2.872593E7
Dec 3, 2014 9:18:54 PM FingerPrint scan
INFO: Processing chunk : 973078528
Dec 3, 2014 9:18:54 PM FingerPrint computeMagnitude
INFO: FingerPrint: :31739.0:56577.0:81894.0:160724.0:445861.0:879741.0:1737051.0:3509021.0:6823639.0:1.3530764E7 Result :2.7257011E7
Dec 3, 2014 9:18:54 PM FingerPrint scan
INFO: Processing chunk : 989855744
Dec 3, 2014 9:18:54 PM FingerPrint computeMagnitude
INFO: FingerPrint: :47103.0:71856.0:66311.0:238371.0:446884.0:780288.0:1662433.0:3337683.0:6652846.0:1.3436211E7 Result :2.6739986E7
Dec 3, 2014 9:18:54 PM FingerPrint scan
INFO: Processing chunk : 1006632960
Dec 3, 2014 9:18:54 PM FingerPrint computeMagnitude
INFO: FingerPrint: :38285.0:45204.0:91212.0:170390.0:405171.0:726721.0:1461414.0:3023138.0:6029949.0:1.2022804E7 Result :2.4014288E7
Dec 3, 2014 9:18:54 PM FingerPrint scan
INFO: Processing chunk : 1023410176
Dec 3, 2014 9:18:54 PM FingerPrint computeMagnitude
INFO: FingerPrint: :32594.0:50167.0:115543.0:212222.0:429315.0:929456.0:1876317.0:3858719.0:7471908.0:1.4824077E7 Result :2.9800318E7
Dec 3, 2014 9:18:54 PM FingerPrint scan
INFO: Processing chunk : 1040187392
Dec 3, 2014 9:18:54 PM FingerPrint computeMagnitude
INFO: FingerPrint: :45439.0:81201.0:134838.0:227627.0:478823.0:941632.0:1950884.0:3846963.0:7701524.0:1.5488931E7 Result :3.0897862E7
Dec 3, 2014 9:18:54 PM FingerPrint scan
INFO: Processing chunk : 1056964608
Dec 3, 2014 9:18:54 PM FingerPrint computeMagnitude
INFO: FingerPrint: :43845.0:67003.0:127324.0:196338.0:540353.0:1126343.0:2072279.0:4295641.0:8505967.0:1.6820443E7 Result :3.3795536E7
Dec 3, 2014 9:18:54 PM FingerPrint scan
INFO: Processing chunk : 1073741824
Dec 3, 2014 9:18:55 PM FingerPrint computeMagnitude
INFO: FingerPrint: :29161.0:92299.0:113425.0:350903.0:562295.0:1074753.0:2228885.0:4516700.0:9086521.0:1.8115771E7 Result :3.6170713E7
Dec 3, 2014 9:18:55 PM FingerPrint scan
INFO: Processing chunk : 1090519040
Dec 3, 2014 9:18:55 PM FingerPrint computeMagnitude
INFO: FingerPrint: :25749.0:82869.0:119651.0:308128.0:606768.0:1128258.0:2374409.0:4567317.0:9216862.0:1.8455248E7 Result :3.6885259E7
Dec 3, 2014 9:18:55 PM FingerPrint scan
INFO: Processing chunk : 1107296256
Dec 3, 2014 9:18:55 PM FingerPrint computeMagnitude
INFO: FingerPrint: :53398.0:34981.0:116779.0:263225.0:496662.0:952785.0:1938389.0:4042215.0:7916572.0:1.5919184E7 Result :3.173419E7
Dec 3, 2014 9:18:55 PM FingerPrint scan
INFO: Processing chunk : 1124073472
Dec 3, 2014 9:18:55 PM FingerPrint computeMagnitude
INFO: FingerPrint: :11899.0:77074.0:132365.0:211780.0:489740.0:922504.0:1844911.0:3601952.0:7339425.0:1.4758668E7 Result :2.9390318E7
Dec 3, 2014 9:18:55 PM FingerPrint scan
INFO: Processing chunk : 1140850688
Dec 3, 2014 9:18:55 PM FingerPrint computeMagnitude
INFO: FingerPrint: :32168.0:25049.0:160515.0:254718.0:425059.0:935956.0:1739228.0:3530292.0:7241613.0:1.4484275E7 Result :2.8828873E7
Dec 3, 2014 9:18:55 PM FingerPrint scan
INFO: Processing chunk : 1157627904
Dec 3, 2014 9:18:55 PM FingerPrint computeMagnitude
INFO: FingerPrint: :18974.0:39487.0:121516.0:251246.0:462990.0:892586.0:1787192.0:3662714.0:7275089.0:1.459038E7 Result :2.9102174E7
Dec 3, 2014 9:18:55 PM FingerPrint scan
INFO: Processing chunk : 1174405120
Dec 3, 2014 9:18:55 PM FingerPrint computeMagnitude
INFO: FingerPrint: :32997.0:99204.0:119377.0:227444.0:551509.0:930059.0:1848918.0:3998052.0:7729134.0:1.5393036E7 Result :3.092973E7
Dec 3, 2014 9:18:55 PM FingerPrint scan
INFO: Processing chunk : 1191182336
Dec 3, 2014 9:18:55 PM FingerPrint computeMagnitude
INFO: FingerPrint: :56365.0:35807.0:127971.0:214571.0:489467.0:915858.0:1922249.0:3809928.0:7552501.0:1.5129362E7 Result :3.0254079E7
Dec 3, 2014 9:18:55 PM FingerPrint scan
INFO: Processing chunk : 1207959552
Dec 3, 2014 9:18:55 PM FingerPrint computeMagnitude
INFO: FingerPrint: :22449.0:72907.0:85831.0:280851.0:480789.0:929561.0:2072410.0:3935325.0:7860693.0:1.5823879E7 Result :3.1564695E7
Dec 3, 2014 9:18:55 PM FingerPrint scan
INFO: Processing chunk : 1224736768
Dec 3, 2014 9:18:55 PM FingerPrint computeMagnitude
INFO: FingerPrint: :53002.0:56693.0:130830.0:246695.0:497856.0:1036747.0:2026317.0:4071114.0:8105288.0:1.6211289E7 Result :3.2435831E7
Dec 3, 2014 9:18:55 PM FingerPrint scan
INFO: Processing chunk : 1241513984
Dec 3, 2014 9:18:55 PM FingerPrint computeMagnitude
INFO: FingerPrint: :52414.0:40140.0:85225.0:315438.0:534297.0:850415.0:1963201.0:3740138.0:7488826.0:1.5124117E7 Result :3.0194211E7
Dec 3, 2014 9:18:55 PM FingerPrint scan
INFO: Processing chunk : 1258291200
Dec 3, 2014 9:18:55 PM FingerPrint computeMagnitude
INFO: FingerPrint: :37136.0:67361.0:100746.0:246002.0:426042.0:854445.0:1834385.0:3591417.0:7190310.0:1.4361375E7 Result :2.8709219E7
Dec 3, 2014 9:18:55 PM FingerPrint scan
INFO: Processing chunk : 1275068416
Dec 3, 2014 9:18:55 PM FingerPrint computeMagnitude
INFO: FingerPrint: :29660.0:56670.0:60505.0:180818.0:364909.0:789227.0:1454401.0:3028796.0:6066507.0:1.200235E7 Result :2.4033843E7
Dec 3, 2014 9:18:55 PM FingerPrint scan
INFO: Processing chunk : 1291845632
Dec 3, 2014 9:18:55 PM FingerPrint computeMagnitude
INFO: FingerPrint: :74753.0:78093.0:181554.0:402168.0:813834.0:1569461.0:3104008.0:6181516.0:1.2443535E7:2.4957462E7 Result :4.9806384E7
Dec 3, 2014 9:18:55 PM FingerPrint scan
INFO: Processing chunk : 1308622848
Dec 3, 2014 9:18:55 PM FingerPrint computeMagnitude
INFO: FingerPrint: :31389.0:43974.0:105872.0:163404.0:374180.0:849487.0:1711387.0:3358476.0:6770921.0:1.3418704E7 Result :2.6827794E7
Dec 3, 2014 9:18:55 PM FingerPrint scan
INFO: Processing chunk : 1325400064
Dec 3, 2014 9:18:55 PM FingerPrint computeMagnitude
INFO: FingerPrint: :42286.0:97687.0:161104.0:235068.0:599679.0:1090043.0:2324175.0:4744440.0:9291110.0:1.8590457E7 Result :3.7176049E7
Dec 3, 2014 9:18:55 PM FingerPrint scan
INFO: Processing chunk : 1342177280
Dec 3, 2014 9:18:55 PM FingerPrint computeMagnitude
INFO: FingerPrint: :32198.0:81418.0:113242.0:319655.0:490203.0:1131729.0:2124798.0:4345054.0:8623672.0:1.7233636E7 Result :3.4495605E7
Dec 3, 2014 9:18:55 PM FingerPrint scan
INFO: Processing chunk : 1358954496
Dec 3, 2014 9:18:55 PM FingerPrint computeMagnitude
INFO: FingerPrint: :46005.0:73965.0:177602.0:286228.0:550155.0:1258979.0:2448137.0:4837544.0:9643810.0:1.9227874E7 Result :3.8550299E7
Dec 3, 2014 9:18:55 PM FingerPrint scan
INFO: Processing chunk : 1375731712
Dec 3, 2014 9:18:55 PM FingerPrint computeMagnitude
INFO: FingerPrint: :6873.0:33241.0:123390.0:166478.0:397944.0:734954.0:1360751.0:2908183.0:5808862.0:1.1489626E7 Result :2.3030302E7
Dec 3, 2014 9:18:55 PM FingerPrint scan
INFO: Processing chunk : 1392508928
Dec 3, 2014 9:18:55 PM FingerPrint computeMagnitude
INFO: FingerPrint: :28602.0:46377.0:111325.0:216666.0:452048.0:1019805.0:1907261.0:3654431.0:7506225.0:1.4706532E7 Result :2.9649272E7
Dec 3, 2014 9:18:55 PM FingerPrint scan
INFO: Processing chunk : 1409286144
Dec 3, 2014 9:18:55 PM FingerPrint computeMagnitude
INFO: FingerPrint: :36656.0:62978.0:104180.0:226361.0:348193.0:773167.0:1628234.0:3101726.0:6251993.0:1.2636626E7 Result :2.5170114E7
Dec 3, 2014 9:18:55 PM FingerPrint scan
INFO: Processing chunk : 1426063360
Dec 3, 2014 9:18:55 PM FingerPrint computeMagnitude
INFO: FingerPrint: :36627.0:50656.0:78640.0:174684.0:308916.0:802728.0:1580821.0:3104811.0:6220624.0:1.2304675E7 Result :2.4663182E7
Dec 3, 2014 9:18:55 PM FingerPrint scan
INFO: Processing chunk : 1442840576
Dec 3, 2014 9:18:55 PM FingerPrint computeMagnitude
INFO: FingerPrint: :33876.0:12034.0:95179.0:169513.0:356544.0:760377.0:1487679.0:2895262.0:5894738.0:1.1620303E7 Result :2.3325505E7
Dec 3, 2014 9:18:55 PM FingerPrint scan
INFO: Processing chunk : 1459617792
Dec 3, 2014 9:18:55 PM FingerPrint computeMagnitude
INFO: FingerPrint: :21750.0:29155.0:67019.0:188714.0:480346.0:930359.0:1796804.0:3485634.0:6988991.0:1.3916146E7 Result :2.7904918E7
Dec 3, 2014 9:18:55 PM FingerPrint scan
INFO: Processing chunk : 1476395008
Dec 3, 2014 9:18:55 PM FingerPrint computeMagnitude
INFO: FingerPrint: :27352.0:55232.0:109518.0:234346.0:428170.0:826906.0:1685910.0:3520919.0:6830275.0:1.3858284E7 Result :2.7576912E7
Dec 3, 2014 9:18:55 PM FingerPrint scan
INFO: Processing chunk : 1493172224
Dec 3, 2014 9:18:55 PM FingerPrint computeMagnitude
INFO: FingerPrint: :11601.0:42185.0:74900.0:76334.0:278821.0:405779.0:937097.0:2127673.0:3858764.0:7813993.0 Result :1.5627147E7
Dec 3, 2014 9:18:55 PM FingerPrint scan
INFO: Processing chunk : 1509949440
Dec 3, 2014 9:18:55 PM FingerPrint computeMagnitude
INFO: FingerPrint: :10821.0:19386.0:52436.0:126459.0:298379.0:536598.0:1014031.0:2206453.0:4142295.0:8423171.0 Result :1.6830029E7
Dec 3, 2014 9:18:55 PM FingerPrint scan
INFO: Processing chunk : 1526726656
Dec 3, 2014 9:18:55 PM FingerPrint computeMagnitude
INFO: FingerPrint: :17747.0:52510.0:85633.0:187126.0:351596.0:697904.0:1355039.0:2754101.0:5495036.0:1.1089079E7 Result :2.2085771E7
Dec 3, 2014 9:18:55 PM FingerPrint scan
INFO: Processing chunk : 1543503872
Dec 3, 2014 9:18:55 PM FingerPrint computeMagnitude
INFO: FingerPrint: :25060.0:21839.0:97019.0:230085.0:411982.0:949355.0:1800008.0:3481678.0:6975924.0:1.3888237E7 Result :2.7881187E7
Dec 3, 2014 9:18:55 PM FingerPrint scan
INFO: Processing chunk : 1560281088
Dec 3, 2014 9:18:55 PM FingerPrint computeMagnitude
INFO: FingerPrint: :18553.0:82330.0:82201.0:177486.0:449156.0:862094.0:1805362.0:3558937.0:7077119.0:1.4178772E7 Result :2.829201E7
Dec 3, 2014 9:18:55 PM FingerPrint scan
INFO: Processing chunk : 1577058304
Dec 3, 2014 9:18:55 PM FingerPrint computeMagnitude
INFO: FingerPrint: :23927.0:85855.0:151411.0:221961.0:450597.0:1174176.0:1966347.0:4039993.0:8151982.0:1.5965188E7 Result :3.2231437E7
Dec 3, 2014 9:18:55 PM FingerPrint scan
INFO: Processing chunk : 1593835520
Dec 3, 2014 9:18:55 PM FingerPrint computeMagnitude
INFO: FingerPrint: :58634.0:55270.0:108311.0:306566.0:456804.0:927683.0:1815398.0:3714320.0:7480329.0:1.499334E7 Result :2.9916655E7
Dec 3, 2014 9:18:55 PM FingerPrint scan
INFO: Processing chunk : 1610612736
Dec 3, 2014 9:18:55 PM FingerPrint computeMagnitude
INFO: FingerPrint: :13975.0:29491.0:22659.0:61898.0:177183.0:305079.0:621465.0:1283116.0:2484976.0:4986692.0 Result :9986534.0
Dec 3, 2014 9:18:55 PM FingerPrint scan
INFO: Processing chunk : 1627389952
Dec 3, 2014 9:18:55 PM FingerPrint computeMagnitude
INFO: FingerPrint: :3738.0:14101.0:30529.0:37209.0:103619.0:223075.0:428461.0:871171.0:1708820.0:3381729.0 Result :6802452.0
Dec 3, 2014 9:18:55 PM FingerPrint scan
INFO: Processing chunk : 1644167168
Dec 3, 2014 9:18:55 PM FingerPrint computeMagnitude
INFO: FingerPrint: :36921.0:50689.0:103742.0:216109.0:417601.0:736790.0:1543348.0:3210498.0:6351008.0:1.273782E7 Result :2.5404526E7
Dec 3, 2014 9:18:55 PM FingerPrint scan
INFO: Processing chunk : 1660944384
Dec 3, 2014 9:18:55 PM FingerPrint computeMagnitude
INFO: FingerPrint: :22512.0:76827.0:91886.0:196484.0:344733.0:691653.0:1554438.0:2999371.0:6034235.0:1.2059019E7 Result :2.4071158E7
Dec 3, 2014 9:18:55 PM FingerPrint scan
INFO: Processing chunk : 1677721600
Dec 3, 2014 9:18:55 PM FingerPrint computeMagnitude
INFO: FingerPrint: :34674.0:54854.0:79503.0:162722.0:403141.0:804372.0:1522976.0:3086543.0:6174175.0:1.2285517E7 Result :2.4608477E7
Dec 3, 2014 9:18:55 PM FingerPrint scan
INFO: Processing chunk : 1694498816
Dec 3, 2014 9:18:55 PM FingerPrint computeMagnitude
INFO: FingerPrint: :9706.0:7601.0:27397.0:83277.0:151409.0:252416.0:579422.0:1106474.0:2216008.0:4501852.0 Result :8935562.0
Dec 3, 2014 9:18:55 PM FingerPrint scan
INFO: Processing chunk : 1711276032
Dec 3, 2014 9:18:55 PM FingerPrint computeMagnitude
INFO: FingerPrint: :11119.0:46882.0:26889.0:102454.0:206999.0:406542.0:846651.0:1647761.0:3292416.0:6587010.0 Result :1.3174723E7
Dec 3, 2014 9:18:55 PM FingerPrint scan
INFO: Processing chunk : 1728053248
Dec 3, 2014 9:18:55 PM FingerPrint computeMagnitude
INFO: FingerPrint: :16152.0:67485.0:84884.0:195346.0:433021.0:870475.0:1705356.0:3391876.0:6809871.0:1.3514344E7 Result :2.708881E7
Dec 3, 2014 9:18:55 PM FingerPrint scan
INFO: Processing chunk : 1744830464
Dec 3, 2014 9:18:55 PM FingerPrint computeMagnitude
INFO: FingerPrint: :15449.0:33850.0:33258.0:114509.0:190325.0:357100.0:750135.0:1495685.0:3001614.0:6056368.0 Result :1.2048293E7
Dec 3, 2014 9:18:55 PM FingerPrint scan
INFO: Processing chunk : 1761607680
Dec 3, 2014 9:18:55 PM FingerPrint computeMagnitude
INFO: FingerPrint: :28018.0:65954.0:97537.0:219416.0:400213.0:901996.0:1708958.0:3366181.0:6785338.0:1.3546008E7 Result :2.7119619E7
Dec 3, 2014 9:18:55 PM FingerPrint scan
INFO: Processing chunk : 1778384896
Dec 3, 2014 9:18:55 PM FingerPrint computeMagnitude
INFO: FingerPrint: :27407.0:60759.0:75334.0:231409.0:386646.0:804753.0:1754244.0:3372649.0:6643096.0:1.3476099E7 Result :2.6832396E7
Dec 3, 2014 9:18:55 PM AudioFileComparator fingerPrint
INFO: Trying to get fingerprint for file : /course/cs5500f14/Assignments/A5/z03.wav
Dec 3, 2014 9:18:56 PM FingerPrint scan
INFO: Processing chunk : 0
Dec 3, 2014 9:18:56 PM FingerPrint computeMagnitude
INFO: FingerPrint: :29895.0:47502.0:79069.0:146367.0:365439.0:554996.0:1191401.0:2446482.0:4943878.0:9889324.0 Result :1.9694353E7
Dec 3, 2014 9:18:56 PM FingerPrint scan
INFO: Processing chunk : 16777216
Dec 3, 2014 9:18:56 PM FingerPrint computeMagnitude
INFO: FingerPrint: :27313.0:40323.0:61613.0:91811.0:196963.0:398111.0:771072.0:1553357.0:3201785.0:6258170.0 Result :1.2600518E7
Dec 3, 2014 9:18:56 PM FingerPrint scan
INFO: Processing chunk : 33554432
Dec 3, 2014 9:18:56 PM FingerPrint computeMagnitude
INFO: FingerPrint: :20817.0:69091.0:103986.0:183538.0:430679.0:772178.0:1596366.0:3159500.0:6301806.0:1.270545E7 Result :2.5343411E7
Dec 3, 2014 9:18:56 PM FingerPrint scan
INFO: Processing chunk : 50331648
Dec 3, 2014 9:18:56 PM FingerPrint computeMagnitude
INFO: FingerPrint: :30917.0:42371.0:159920.0:227634.0:478596.0:942866.0:1798261.0:3701717.0:7409168.0:1.4697366E7 Result :2.9488816E7
Dec 3, 2014 9:18:56 PM FingerPrint scan
INFO: Processing chunk : 67108864
Dec 3, 2014 9:18:56 PM FingerPrint computeMagnitude
INFO: FingerPrint: :31274.0:60214.0:90867.0:135662.0:392202.0:756202.0:1525554.0:3092338.0:6098453.0:1.2275246E7 Result :2.4458012E7
Dec 3, 2014 9:18:56 PM FingerPrint scan
INFO: Processing chunk : 83886080
Dec 3, 2014 9:18:56 PM FingerPrint computeMagnitude
INFO: FingerPrint: :3640.0:48706.0:124054.0:231021.0:463437.0:860700.0:1765130.0:3553651.0:7132670.0:1.4350486E7 Result :2.8533495E7
Dec 3, 2014 9:18:56 PM FingerPrint scan
INFO: Processing chunk : 100663296
Dec 3, 2014 9:18:56 PM FingerPrint computeMagnitude
INFO: FingerPrint: :42605.0:76131.0:109504.0:268485.0:461818.0:865219.0:1824783.0:3499198.0:7246147.0:1.4364706E7 Result :2.8758596E7
Dec 3, 2014 9:18:56 PM FingerPrint scan
INFO: Processing chunk : 117440512
Dec 3, 2014 9:18:56 PM FingerPrint computeMagnitude
INFO: FingerPrint: :7324.0:10730.0:45816.0:110993.0:167968.0:416210.0:720660.0:1679610.0:3144631.0:6339529.0 Result :1.2643471E7
Dec 3, 2014 9:18:56 PM FingerPrint scan
INFO: Processing chunk : 134217728
Dec 3, 2014 9:18:56 PM FingerPrint computeMagnitude
INFO: FingerPrint: :7663.0:55446.0:78520.0:162366.0:275601.0:665905.0:1249107.0:2551542.0:5194567.0:1.0104354E7 Result :2.0345071E7
Dec 3, 2014 9:18:56 PM FingerPrint scan
INFO: Processing chunk : 150994944
Dec 3, 2014 9:18:56 PM FingerPrint computeMagnitude
INFO: FingerPrint: :17158.0:24385.0:77015.0:94730.0:214696.0:469913.0:814835.0:1925060.0:3844053.0:7168651.0 Result :1.4650496E7
Dec 3, 2014 9:18:56 PM FingerPrint scan
INFO: Processing chunk : 167772160
Dec 3, 2014 9:18:56 PM FingerPrint computeMagnitude
INFO: FingerPrint: :12358.0:25640.0:68683.0:137683.0:250112.0:549426.0:1117009.0:2139649.0:4332968.0:8662989.0 Result :1.7296517E7
Dec 3, 2014 9:18:56 PM FingerPrint scan
INFO: Processing chunk : 184549376
Dec 3, 2014 9:18:56 PM FingerPrint computeMagnitude
INFO: FingerPrint: :29520.0:43005.0:44547.0:132214.0:277764.0:519252.0:1014855.0:2100176.0:4163740.0:8354978.0 Result :1.6680051E7
Dec 3, 2014 9:18:56 PM FingerPrint scan
INFO: Processing chunk : 201326592
Dec 3, 2014 9:18:56 PM FingerPrint computeMagnitude
INFO: FingerPrint: :27389.0:53978.0:27752.0:168842.0:290096.0:550846.0:990762.0:2123750.0:4087571.0:8313634.0 Result :1.663462E7
Dec 3, 2014 9:18:56 PM FingerPrint scan
INFO: Processing chunk : 218103808
Dec 3, 2014 9:18:56 PM FingerPrint computeMagnitude
INFO: FingerPrint: :3995.0:19110.0:25223.0:58953.0:119167.0:229667.0:477715.0:945893.0:1920207.0:3855882.0 Result :7655812.0
Dec 3, 2014 9:18:56 PM FingerPrint scan
INFO: Processing chunk : 234881024
Dec 3, 2014 9:18:56 PM FingerPrint computeMagnitude
INFO: FingerPrint: :35256.0:38312.0:67825.0:204070.0:289089.0:570594.0:1267316.0:2462972.0:4943365.0:9964540.0 Result :1.9843339E7
Dec 3, 2014 9:18:56 PM FingerPrint scan
INFO: Processing chunk : 251658240
Dec 3, 2014 9:18:56 PM FingerPrint computeMagnitude
INFO: FingerPrint: :15302.0:76331.0:74227.0:243719.0:448890.0:855640.0:1717191.0:3375022.0:6743709.0:1.3540174E7 Result :2.7090205E7
Dec 3, 2014 9:18:56 PM FingerPrint scan
INFO: Processing chunk : 268435456
Dec 3, 2014 9:18:56 PM FingerPrint computeMagnitude
INFO: FingerPrint: :43418.0:42252.0:55077.0:219310.0:394388.0:720437.0:1410631.0:2833095.0:5673267.0:1.1397954E7 Result :2.2789829E7
Dec 3, 2014 9:18:56 PM FingerPrint scan
INFO: Processing chunk : 285212672
Dec 3, 2014 9:18:56 PM FingerPrint computeMagnitude
INFO: FingerPrint: :23642.0:51591.0:73013.0:191678.0:310709.0:661308.0:1254450.0:2565850.0:5146803.0:1.0299669E7 Result :2.0578713E7
Dec 3, 2014 9:18:56 PM FingerPrint scan
INFO: Processing chunk : 301989888
Dec 3, 2014 9:18:56 PM FingerPrint computeMagnitude
INFO: FingerPrint: :12375.0:34479.0:75644.0:126741.0:272441.0:482793.0:1216027.0:2158610.0:4475075.0:8770336.0 Result :1.7624521E7
Dec 3, 2014 9:18:56 PM FingerPrint scan
INFO: Processing chunk : 318767104
Dec 3, 2014 9:18:56 PM FingerPrint computeMagnitude
INFO: FingerPrint: :26999.0:58891.0:134934.0:177606.0:453553.0:888871.0:1825869.0:3642508.0:7253941.0:1.4494195E7 Result :2.8957367E7
Dec 3, 2014 9:18:56 PM FingerPrint scan
INFO: Processing chunk : 335544320
Dec 3, 2014 9:18:56 PM FingerPrint computeMagnitude
INFO: FingerPrint: :25148.0:41426.0:149926.0:237735.0:515624.0:1004898.0:1792629.0:3822899.0:7556249.0:1.5048246E7 Result :3.019478E7
Dec 3, 2014 9:18:56 PM FingerPrint scan
INFO: Processing chunk : 352321536
Dec 3, 2014 9:18:56 PM FingerPrint computeMagnitude
INFO: FingerPrint: :50118.0:74321.0:110419.0:233469.0:515632.0:973035.0:1886124.0:3892936.0:7764467.0:1.5465536E7 Result :3.0966057E7
Dec 3, 2014 9:18:56 PM FingerPrint scan
INFO: Processing chunk : 369098752
Dec 3, 2014 9:18:56 PM FingerPrint computeMagnitude
INFO: FingerPrint: :12986.0:91034.0:115658.0:226476.0:447705.0:863169.0:1675494.0:3512167.0:6955012.0:1.3949862E7 Result :2.7849563E7
Dec 3, 2014 9:18:56 PM FingerPrint scan
INFO: Processing chunk : 385875968
Dec 3, 2014 9:18:56 PM FingerPrint computeMagnitude
INFO: FingerPrint: :18924.0:16770.0:35495.0:197574.0:314135.0:676589.0:1302189.0:2498261.0:5081848.0:1.0125873E7 Result :2.0267658E7
Dec 3, 2014 9:18:56 PM FingerPrint scan
INFO: Processing chunk : 402653184
Dec 3, 2014 9:18:56 PM FingerPrint computeMagnitude
INFO: FingerPrint: :16904.0:46277.0:38756.0:101425.0:256631.0:450930.0:946335.0:1933253.0:3851276.0:7692804.0 Result :1.5334591E7
Dec 3, 2014 9:18:56 PM FingerPrint scan
INFO: Processing chunk : 419430400
Dec 3, 2014 9:18:56 PM FingerPrint computeMagnitude
INFO: FingerPrint: :26989.0:13612.0:29045.0:96383.0:197289.0:359861.0:835489.0:1594846.0:3187466.0:6749139.0 Result :1.3090119E7
Dec 3, 2014 9:18:56 PM FingerPrint scan
INFO: Processing chunk : 436207616
Dec 3, 2014 9:18:56 PM FingerPrint computeMagnitude
INFO: FingerPrint: :20932.0:52919.0:75130.0:103235.0:248623.0:493949.0:962544.0:2032201.0:3995695.0:8031694.0 Result :1.6016922E7
Dec 3, 2014 9:18:56 PM FingerPrint scan
INFO: Processing chunk : 452984832
Dec 3, 2014 9:18:56 PM FingerPrint computeMagnitude
INFO: FingerPrint: :17042.0:46611.0:78960.0:214233.0:315528.0:714976.0:1379943.0:2719583.0:5515908.0:1.1035774E7 Result :2.2038558E7
Dec 3, 2014 9:18:56 PM FingerPrint scan
INFO: Processing chunk : 469762048
Dec 3, 2014 9:18:56 PM FingerPrint computeMagnitude
INFO: FingerPrint: :1099.0:19571.0:63469.0:152241.0:206720.0:405929.0:886625.0:1809797.0:3516439.0:7096441.0 Result :1.4158331E7
Dec 3, 2014 9:18:56 PM FingerPrint scan
INFO: Processing chunk : 486539264
Dec 3, 2014 9:18:56 PM FingerPrint computeMagnitude
INFO: FingerPrint: :48123.0:88668.0:55992.0:237156.0:457921.0:880252.0:1888202.0:3761088.0:7371804.0:1.4867208E7 Result :2.9656414E7
Dec 3, 2014 9:18:56 PM FingerPrint scan
INFO: Processing chunk : 503316480
Dec 3, 2014 9:18:56 PM FingerPrint computeMagnitude
INFO: FingerPrint: :41360.0:78508.0:103075.0:216884.0:416360.0:904511.0:1831207.0:3674938.0:7358001.0:1.4674098E7 Result :2.9298942E7
Dec 3, 2014 9:18:56 PM FingerPrint scan
INFO: Processing chunk : 520093696
Dec 3, 2014 9:18:56 PM FingerPrint computeMagnitude
INFO: FingerPrint: :31052.0:46710.0:80904.0:135174.0:313954.0:691463.0:1373946.0:2731993.0:5457658.0:1.089387E7 Result :2.1756724E7
Dec 3, 2014 9:18:56 PM FingerPrint scan
INFO: Processing chunk : 536870912
Dec 3, 2014 9:18:56 PM FingerPrint computeMagnitude
INFO: FingerPrint: :5989.0:61497.0:97250.0:151091.0:349929.0:728477.0:1315855.0:2796788.0:5543795.0:1.1022375E7 Result :2.2073046E7
Dec 3, 2014 9:18:56 PM FingerPrint scan
INFO: Processing chunk : 553648128
Dec 3, 2014 9:18:56 PM FingerPrint computeMagnitude
INFO: FingerPrint: :11614.0:26081.0:78613.0:148265.0:297358.0:587765.0:1156208.0:2329640.0:4671240.0:9312145.0 Result :1.8618929E7
Dec 3, 2014 9:18:56 PM FingerPrint scan
INFO: Processing chunk : 570425344
Dec 3, 2014 9:18:56 PM FingerPrint computeMagnitude
INFO: FingerPrint: :4690.0:31696.0:46034.0:158413.0:255465.0:459750.0:1008463.0:2003733.0:3975285.0:7980647.0 Result :1.5924176E7
Dec 3, 2014 9:18:56 PM FingerPrint scan
INFO: Processing chunk : 587202560
Dec 3, 2014 9:18:56 PM FingerPrint computeMagnitude
INFO: FingerPrint: :57260.0:105131.0:56281.0:222643.0:455126.0:878416.0:1951800.0:3811803.0:7472802.0:1.5141055E7 Result :3.0152317E7
Dec 3, 2014 9:18:56 PM FingerPrint scan
INFO: Processing chunk : 603979776
Dec 3, 2014 9:18:56 PM FingerPrint computeMagnitude
INFO: FingerPrint: :24217.0:39627.0:106521.0:203972.0:483864.0:864476.0:1766150.0:3536520.0:7016751.0:1.4095027E7 Result :2.8137125E7
Dec 3, 2014 9:18:56 PM FingerPrint scan
INFO: Processing chunk : 620756992
Dec 3, 2014 9:18:56 PM FingerPrint computeMagnitude
INFO: FingerPrint: :16318.0:67482.0:80009.0:238955.0:488830.0:840981.0:1825784.0:3431721.0:6947883.0:1.4197245E7 Result :2.8135208E7
Dec 3, 2014 9:18:56 PM FingerPrint scan
INFO: Processing chunk : 637534208
Dec 3, 2014 9:18:56 PM FingerPrint computeMagnitude
INFO: FingerPrint: :39940.0:69267.0:123134.0:223697.0:520886.0:1095596.0:2035993.0:4251110.0:8378391.0:1.6701004E7 Result :3.3439018E7
Dec 3, 2014 9:18:56 PM FingerPrint scan
INFO: Processing chunk : 654311424
Dec 3, 2014 9:18:56 PM FingerPrint computeMagnitude
INFO: FingerPrint: :24229.0:23115.0:111793.0:175279.0:338496.0:724771.0:1313821.0:2734315.0:5483882.0:1.0807607E7 Result :2.1737308E7
Dec 3, 2014 9:18:56 PM FingerPrint scan
INFO: Processing chunk : 671088640
Dec 3, 2014 9:18:56 PM FingerPrint computeMagnitude
INFO: FingerPrint: :12194.0:57453.0:81610.0:137260.0:359978.0:644171.0:1290976.0:2679738.0:5296637.0:1.0553488E7 Result :2.1113505E7
Dec 3, 2014 9:18:56 PM FingerPrint scan
INFO: Processing chunk : 687865856
Dec 3, 2014 9:18:56 PM FingerPrint computeMagnitude
INFO: FingerPrint: :7406.0:31328.0:35569.0:153782.0:247530.0:502315.0:984628.0:1775153.0:3642673.0:7245392.0 Result :1.4625776E7
Dec 3, 2014 9:18:56 PM FingerPrint scan
INFO: Processing chunk : 704643072
Dec 3, 2014 9:18:56 PM FingerPrint computeMagnitude
INFO: FingerPrint: :31206.0:22093.0:69277.0:128563.0:237730.0:540345.0:1067285.0:2148609.0:4290975.0:8536783.0 Result :1.7072866E7
Dec 3, 2014 9:18:56 PM FingerPrint scan
INFO: Processing chunk : 721420288
Dec 3, 2014 9:18:56 PM FingerPrint computeMagnitude
INFO: FingerPrint: :20225.0:47147.0:82764.0:130602.0:241767.0:569675.0:1245417.0:2391044.0:4791031.0:9608070.0 Result :1.9127742E7
Dec 3, 2014 9:18:56 PM FingerPrint scan
INFO: Processing chunk : 738197504
Dec 3, 2014 9:18:56 PM FingerPrint computeMagnitude
INFO: FingerPrint: :20839.0:52177.0:56693.0:118407.0:230436.0:599638.0:1089503.0:2182961.0:4247951.0:8566138.0 Result :1.7164743E7
Dec 3, 2014 9:18:56 PM FingerPrint scan
INFO: Processing chunk : 754974720
Dec 3, 2014 9:18:56 PM FingerPrint computeMagnitude
INFO: FingerPrint: :3819.0:7352.0:12477.0:26783.0:54754.0:108344.0:240596.0:403941.0:806328.0:1638198.0 Result :3302592.0
Dec 3, 2014 9:18:56 PM FingerPrint scan
INFO: Processing chunk : 771751936
Dec 3, 2014 9:18:56 PM FingerPrint computeMagnitude
INFO: FingerPrint: :949.0:16111.0:3742.0:41101.0:100161.0:152988.0:313361.0:752507.0:1404250.0:2797523.0 Result :5582693.0
Dec 3, 2014 9:18:56 PM FingerPrint scan
INFO: Processing chunk : 788529152
Dec 3, 2014 9:18:56 PM FingerPrint computeMagnitude
INFO: FingerPrint: :24916.0:53188.0:97333.0:172478.0:380029.0:722605.0:1481490.0:2935172.0:5876606.0:1.200202E7 Result :2.3745837E7
Dec 3, 2014 9:18:56 PM FingerPrint scan
INFO: Processing chunk : 805306368
Dec 3, 2014 9:18:56 PM FingerPrint computeMagnitude
INFO: FingerPrint: :25855.0:39519.0:79027.0:136225.0:302551.0:611151.0:1307375.0:2614848.0:5087691.0:1.0338914E7 Result :2.0543156E7
Dec 3, 2014 9:18:56 PM FingerPrint scan
INFO: Processing chunk : 822083584
Dec 3, 2014 9:18:56 PM FingerPrint computeMagnitude
INFO: FingerPrint: :20887.0:75663.0:74502.0:149760.0:294050.0:560284.0:1223441.0:2394338.0:4747284.0:9606958.0 Result :1.9147167E7
Dec 3, 2014 9:18:56 PM FingerPrint scan
INFO: Processing chunk : 838860800
Dec 3, 2014 9:18:56 PM FingerPrint computeMagnitude
INFO: FingerPrint: :24181.0:25274.0:42576.0:103812.0:240100.0:400344.0:849129.0:1774305.0:3556643.0:7091671.0 Result :1.4108035E7
Dec 3, 2014 9:18:56 PM FingerPrint scan
INFO: Processing chunk : 855638016
Dec 3, 2014 9:18:56 PM FingerPrint computeMagnitude
INFO: FingerPrint: :26004.0:44606.0:123721.0:229671.0:492265.0:913591.0:1753572.0:3687026.0:7304724.0:1.4503709E7 Result :2.9078889E7
Dec 3, 2014 9:18:56 PM FingerPrint scan
INFO: Processing chunk : 872415232
Dec 3, 2014 9:18:56 PM FingerPrint computeMagnitude
INFO: FingerPrint: :46484.0:105240.0:50624.0:251427.0:375549.0:833690.0:1819540.0:3447627.0:7019291.0:1.4143518E7 Result :2.809299E7
Dec 3, 2014 9:18:56 PM FingerPrint scan
INFO: Processing chunk : 889192448
Dec 3, 2014 9:18:56 PM FingerPrint computeMagnitude
INFO: FingerPrint: :32008.0:38731.0:107098.0:232360.0:537750.0:942903.0:1901986.0:3956243.0:7666840.0:1.5436247E7 Result :3.0852166E7
Dec 3, 2014 9:18:56 PM FingerPrint scan
INFO: Processing chunk : 905969664
Dec 3, 2014 9:18:56 PM FingerPrint computeMagnitude
INFO: FingerPrint: :34983.0:64942.0:120363.0:264695.0:499286.0:996492.0:2015486.0:4009899.0:7976453.0:1.6062617E7 Result :3.2045216E7
Dec 3, 2014 9:18:56 PM FingerPrint scan
INFO: Processing chunk : 922746880
Dec 3, 2014 9:18:56 PM FingerPrint computeMagnitude
INFO: FingerPrint: :12751.0:31922.0:63478.0:131733.0:286426.0:497713.0:1138719.0:2228717.0:4311166.0:8359729.0 Result :1.7062354E7
Dec 3, 2014 9:18:56 PM FingerPrint scan
INFO: Processing chunk : 939524096
Dec 3, 2014 9:18:56 PM FingerPrint computeMagnitude
INFO: FingerPrint: :19740.0:14978.0:29613.0:47739.0:141161.0:249454.0:523240.0:1071745.0:2241205.0:4298682.0 Result :8637557.0
Dec 3, 2014 9:18:56 PM FingerPrint scan
INFO: Processing chunk : 956301312
Dec 3, 2014 9:18:56 PM FingerPrint computeMagnitude
INFO: FingerPrint: :18677.0:34284.0:84987.0:181600.0:398675.0:751163.0:1478692.0:2976241.0:5839857.0:1.1764039E7 Result :2.3528215E7
Dec 3, 2014 9:18:56 PM FingerPrint scan
INFO: Processing chunk : 973078528
Dec 3, 2014 9:18:56 PM FingerPrint computeMagnitude
INFO: FingerPrint: :25741.0:13145.0:53121.0:102257.0:193681.0:433401.0:813790.0:1647860.0:3331727.0:6601403.0 Result :1.3216126E7
Dec 3, 2014 9:18:56 PM FingerPrint scan
INFO: Processing chunk : 989855744
Dec 3, 2014 9:18:56 PM FingerPrint computeMagnitude
INFO: FingerPrint: :14660.0:28890.0:81054.0:138979.0:323632.0:629778.0:1240598.0:2325217.0:4523994.0:9605709.0 Result :1.8912511E7
Dec 3, 2014 9:18:56 PM FingerPrint scan
INFO: Processing chunk : 1006632960
Dec 3, 2014 9:18:56 PM FingerPrint computeMagnitude
INFO: FingerPrint: :20468.0:25141.0:71062.0:170445.0:305585.0:635756.0:1162661.0:2350050.0:4808006.0:9595293.0 Result :1.9144467E7
Dec 3, 2014 9:18:56 PM FingerPrint scan
INFO: Processing chunk : 1023410176
Dec 3, 2014 9:18:56 PM FingerPrint computeMagnitude
INFO: FingerPrint: :4118.0:5991.0:25053.0:42933.0:106876.0:176516.0:380631.0:686205.0:1416056.0:2679528.0 Result :5523907.0
Dec 3, 2014 9:18:56 PM FingerPrint scan
INFO: Processing chunk : 1040187392
Dec 3, 2014 9:18:56 PM FingerPrint computeMagnitude
INFO: FingerPrint: :92.0:2110.0:3535.0:4651.0:10875.0:22532.0:43887.0:90653.0:176563.0:354395.0 Result :709293.0
Dec 3, 2014 9:18:56 PM FingerPrint scan
INFO: Processing chunk : 1056964608
Dec 3, 2014 9:18:56 PM FingerPrint computeMagnitude
INFO: FingerPrint: :50176.0:109430.0:95813.0:128481.0:412771.0:876388.0:1650073.0:3369565.0:6701205.0:1.3366943E7 Result :2.6760845E7
Dec 3, 2014 9:18:56 PM FingerPrint scan
INFO: Processing chunk : 1073741824
Dec 3, 2014 9:18:56 PM FingerPrint computeMagnitude
INFO: FingerPrint: :28255.0:51178.0:109505.0:143091.0:337223.0:667112.0:1307997.0:2708508.0:5390217.0:1.0731409E7 Result :2.1474495E7
Dec 3, 2014 9:18:56 PM FingerPrint scan
INFO: Processing chunk : 1090519040
Dec 3, 2014 9:18:56 PM FingerPrint computeMagnitude
INFO: FingerPrint: :19377.0:14346.0:38888.0:121246.0:199265.0:403994.0:809616.0:1707171.0:3504137.0:6712341.0 Result :1.3530381E7
Dec 3, 2014 9:18:56 PM FingerPrint scan
INFO: Processing chunk : 1107296256
Dec 3, 2014 9:18:56 PM FingerPrint computeMagnitude
INFO: FingerPrint: :6108.0:37548.0:31769.0:145590.0:163939.0:372227.0:785447.0:1501379.0:3012649.0:6080830.0 Result :1.2137486E7
Dec 3, 2014 9:18:56 PM FingerPrint scan
INFO: Processing chunk : 1124073472
Dec 3, 2014 9:18:56 PM FingerPrint computeMagnitude
INFO: FingerPrint: :22554.0:37060.0:123131.0:173752.0:418336.0:760379.0:1391507.0:2913324.0:5994161.0:1.1872343E7 Result :2.3706547E7
Dec 3, 2014 9:18:56 PM FingerPrint scan
INFO: Processing chunk : 1140850688
Dec 3, 2014 9:18:56 PM FingerPrint computeMagnitude
INFO: FingerPrint: :15412.0:50468.0:54050.0:173168.0:362617.0:691895.0:1292234.0:2687096.0:5331534.0:1.0654022E7 Result :2.1312496E7
Dec 3, 2014 9:18:56 PM FingerPrint scan
INFO: Processing chunk : 1157627904
Dec 3, 2014 9:18:56 PM FingerPrint computeMagnitude
INFO: FingerPrint: :33431.0:53108.0:147468.0:171668.0:426377.0:827163.0:1653522.0:3439916.0:6764323.0:1.3460657E7 Result :2.6977633E7
Dec 3, 2014 9:18:56 PM FingerPrint scan
INFO: Processing chunk : 1174405120
Dec 3, 2014 9:18:56 PM FingerPrint computeMagnitude
INFO: FingerPrint: :19833.0:29954.0:105285.0:203227.0:384898.0:831743.0:1577290.0:3189754.0:6424394.0:1.278589E7 Result :2.5552268E7
Dec 3, 2014 9:18:56 PM FingerPrint scan
INFO: Processing chunk : 1191182336
Dec 3, 2014 9:18:56 PM FingerPrint computeMagnitude
INFO: FingerPrint: :9950.0:57152.0:93042.0:151499.0:286708.0:556256.0:1205987.0:2401207.0:4710519.0:9490460.0 Result :1.896278E7
Dec 3, 2014 9:18:56 PM FingerPrint scan
INFO: Processing chunk : 1207959552
Dec 3, 2014 9:18:56 PM FingerPrint computeMagnitude
INFO: FingerPrint: :10166.0:19513.0:35443.0:71438.0:222196.0:311168.0:625077.0:1313804.0:2607005.0:5304998.0 Result :1.0520808E7
Dec 3, 2014 9:18:56 PM FingerPrint scan
INFO: Processing chunk : 1224736768
Dec 3, 2014 9:18:56 PM FingerPrint computeMagnitude
INFO: FingerPrint: :5400.0:18991.0:70421.0:175589.0:259063.0:568278.0:1204069.0:2419852.0:4715105.0:9639424.0 Result :1.9076192E7
Dec 3, 2014 9:18:56 PM FingerPrint scan
INFO: Processing chunk : 1241513984
Dec 3, 2014 9:18:56 PM FingerPrint computeMagnitude
INFO: FingerPrint: :18714.0:34037.0:46641.0:110678.0:181183.0:396055.0:859483.0:1666301.0:3402719.0:6716035.0 Result :1.3431846E7
Dec 3, 2014 9:18:56 PM FingerPrint scan
INFO: Processing chunk : 1258291200
Dec 3, 2014 9:18:56 PM FingerPrint computeMagnitude
INFO: FingerPrint: :34116.0:33597.0:63504.0:136555.0:271394.0:630360.0:1248042.0:2334008.0:4836473.0:9635492.0 Result :1.9223541E7
Dec 3, 2014 9:18:56 PM FingerPrint scan
INFO: Processing chunk : 1275068416
Dec 3, 2014 9:18:56 PM FingerPrint computeMagnitude
INFO: FingerPrint: :25877.0:55411.0:60023.0:176652.0:335075.0:642229.0:1360516.0:2631785.0:5298085.0:1.0708832E7 Result :2.1294485E7
Dec 3, 2014 9:18:56 PM FingerPrint scan
INFO: Processing chunk : 1291845632
Dec 3, 2014 9:18:56 PM FingerPrint computeMagnitude
INFO: FingerPrint: :30633.0:63499.0:86315.0:239787.0:484066.0:864514.0:1722098.0:3459987.0:6900839.0:1.3876028E7 Result :2.7727766E7
Dec 3, 2014 9:18:56 PM FingerPrint scan
INFO: Processing chunk : 1308622848
Dec 3, 2014 9:18:56 PM FingerPrint computeMagnitude
INFO: FingerPrint: :19865.0:45632.0:55934.0:149849.0:290033.0:565482.0:1138178.0:2297434.0:4602912.0:9160878.0 Result :1.8326197E7
Dec 3, 2014 9:18:56 PM FingerPrint scan
INFO: Processing chunk : 1325400064
Dec 3, 2014 9:18:56 PM FingerPrint computeMagnitude
INFO: FingerPrint: :32017.0:39416.0:50845.0:192794.0:353618.0:643449.0:1427300.0:2714611.0:5273811.0:1.0767942E7 Result :2.1495803E7
Dec 3, 2014 9:18:56 PM FingerPrint scan
INFO: Processing chunk : 1342177280
Dec 3, 2014 9:18:57 PM FingerPrint computeMagnitude
INFO: FingerPrint: :46110.0:42577.0:74371.0:202469.0:407417.0:748206.0:1649273.0:3212253.0:6409188.0:1.2841311E7 Result :2.5633175E7
Dec 3, 2014 9:18:57 PM FingerPrint scan
INFO: Processing chunk : 1358954496
Dec 3, 2014 9:18:57 PM FingerPrint computeMagnitude
INFO: FingerPrint: :14255.0:22612.0:39913.0:179845.0:256831.0:690107.0:1288821.0:2351566.0:4922589.0:9715616.0 Result :1.9482155E7
Dec 3, 2014 9:18:57 PM FingerPrint scan
INFO: Processing chunk : 1375731712
Dec 3, 2014 9:18:57 PM FingerPrint computeMagnitude
INFO: FingerPrint: :28466.0:39226.0:97484.0:178452.0:327943.0:679998.0:1362113.0:2659033.0:5397455.0:1.0813373E7 Result :2.1583543E7
Dec 3, 2014 9:18:57 PM FingerPrint scan
INFO: Processing chunk : 1392508928
Dec 3, 2014 9:18:57 PM FingerPrint computeMagnitude
INFO: FingerPrint: :46882.0:71264.0:38913.0:206376.0:372430.0:676559.0:1624685.0:3051280.0:6238557.0:1.2540347E7 Result :2.4867293E7
Dec 3, 2014 9:18:57 PM FingerPrint scan
INFO: Processing chunk : 1409286144
Dec 3, 2014 9:18:57 PM FingerPrint computeMagnitude
INFO: FingerPrint: :8050.0:32502.0:168067.0:245449.0:518534.0:1008859.0:1884986.0:3932409.0:7890022.0:1.5566727E7 Result :3.1255605E7
Dec 3, 2014 9:18:57 PM FingerPrint scan
INFO: Processing chunk : 1426063360
Dec 3, 2014 9:18:57 PM FingerPrint computeMagnitude
INFO: FingerPrint: :22044.0:79790.0:82135.0:248907.0:490340.0:916261.0:1754299.0:3672064.0:7188605.0:1.4501912E7 Result :2.8956357E7
Dec 3, 2014 9:18:57 PM FingerPrint scan
INFO: Processing chunk : 1442840576
Dec 3, 2014 9:18:57 PM FingerPrint computeMagnitude
INFO: FingerPrint: :36924.0:60605.0:135725.0:279636.0:503631.0:1034814.0:2049187.0:4143651.0:8293207.0:1.6587701E7 Result :3.3125081E7
Dec 3, 2014 9:18:57 PM FingerPrint scan
INFO: Processing chunk : 1459617792
Dec 3, 2014 9:18:57 PM FingerPrint computeMagnitude
INFO: FingerPrint: :38979.0:33381.0:122235.0:158660.0:357993.0:756626.0:1515702.0:3091034.0:6097732.0:1.213727E7 Result :2.4309612E7
Dec 3, 2014 9:18:57 PM FingerPrint scan
INFO: Processing chunk : 1476395008
Dec 3, 2014 9:18:57 PM FingerPrint computeMagnitude
INFO: FingerPrint: :11860.0:27562.0:62762.0:142496.0:311200.0:534238.0:1071963.0:2217443.0:4342688.0:8776830.0 Result :1.7499042E7
Dec 3, 2014 9:18:57 PM FingerPrint scan
INFO: Processing chunk : 1493172224
Dec 3, 2014 9:18:57 PM FingerPrint computeMagnitude
INFO: FingerPrint: :19118.0:25006.0:59872.0:203231.0:285778.0:620845.0:1192186.0:2202145.0:4635623.0:9184518.0 Result :1.8428322E7
Dec 3, 2014 9:18:57 PM FingerPrint scan
INFO: Processing chunk : 1509949440
Dec 3, 2014 9:18:57 PM FingerPrint computeMagnitude
INFO: FingerPrint: :19226.0:29456.0:52898.0:70494.0:209374.0:352643.0:815643.0:1561450.0:3040935.0:6143239.0 Result :1.2295358E7
Dec 3, 2014 9:18:57 PM FingerPrint scan
INFO: Processing chunk : 1526726656
Dec 3, 2014 9:18:57 PM FingerPrint computeMagnitude
INFO: FingerPrint: :32692.0:36283.0:97907.0:177845.0:304916.0:642496.0:1296590.0:2602254.0:5180793.0:1.0375664E7 Result :2.074744E7
Dec 3, 2014 9:18:57 PM FingerPrint scan
INFO: Processing chunk : 1543503872
Dec 3, 2014 9:18:57 PM FingerPrint computeMagnitude
INFO: FingerPrint: :27427.0:36440.0:55857.0:180899.0:301583.0:632130.0:1318582.0:2465907.0:4989729.0:1.0107981E7 Result :2.0116535E7
Dec 3, 2014 9:18:57 PM FingerPrint scan
INFO: Processing chunk : 1560281088
Dec 3, 2014 9:18:57 PM FingerPrint computeMagnitude
INFO: FingerPrint: :1633.0:26646.0:33160.0:87166.0:212379.0:419558.0:779561.0:1537078.0:3034321.0:6107301.0 Result :1.2238803E7
Dec 3, 2014 9:18:57 PM FingerPrint scan
INFO: Processing chunk : 1577058304
Dec 3, 2014 9:18:57 PM FingerPrint computeMagnitude
INFO: FingerPrint: :38027.0:69041.0:62612.0:196204.0:386413.0:774051.0:1669138.0:3194477.0:6408550.0:1.2943549E7 Result :2.5742062E7
Dec 3, 2014 9:18:57 PM FingerPrint scan
INFO: Processing chunk : 1593835520
Dec 3, 2014 9:18:57 PM FingerPrint computeMagnitude
INFO: FingerPrint: :30639.0:41289.0:135556.0:236774.0:441312.0:891246.0:1752612.0:3565992.0:7140522.0:1.4211504E7 Result :2.8447446E7
Dec 3, 2014 9:18:57 PM FingerPrint scan
INFO: Processing chunk : 1610612736
Dec 3, 2014 9:18:57 PM FingerPrint computeMagnitude
INFO: FingerPrint: :17200.0:63917.0:66196.0:140425.0:338950.0:660799.0:1319256.0:2638926.0:5244920.0:1.0512781E7 Result :2.100337E7
Dec 3, 2014 9:18:57 PM FingerPrint scan
INFO: Processing chunk : 1627389952
Dec 3, 2014 9:18:57 PM FingerPrint computeMagnitude
INFO: FingerPrint: :21198.0:18836.0:59185.0:167767.0:313932.0:582046.0:1239465.0:2457968.0:4826250.0:9681026.0 Result :1.9367673E7
Dec 3, 2014 9:18:57 PM FingerPrint scan
INFO: Processing chunk : 1644167168
Dec 3, 2014 9:18:57 PM FingerPrint computeMagnitude
INFO: FingerPrint: :2347.0:54516.0:97174.0:177797.0:358797.0:722453.0:1426132.0:2855966.0:5746916.0:1.1463902E7 Result :2.2906E7
Dec 3, 2014 9:18:57 PM FingerPrint scan
INFO: Processing chunk : 1660944384
Dec 3, 2014 9:18:57 PM FingerPrint computeMagnitude
INFO: FingerPrint: :18303.0:39667.0:94267.0:149743.0:322501.0:665555.0:1276583.0:2623863.0:5120475.0:1.0273734E7 Result :2.0584691E7
Dec 3, 2014 9:18:57 PM FingerPrint scan
INFO: Processing chunk : 1677721600
Dec 3, 2014 9:18:57 PM FingerPrint computeMagnitude
INFO: FingerPrint: :28512.0:87736.0:117108.0:226070.0:444445.0:926107.0:1840247.0:3718108.0:7327657.0:1.4691237E7 Result :2.9407227E7
Dec 3, 2014 9:18:57 PM FingerPrint scan
INFO: Processing chunk : 1694498816
Dec 3, 2014 9:18:57 PM FingerPrint computeMagnitude
INFO: FingerPrint: :14377.0:60104.0:130544.0:215340.0:396747.0:712821.0:1608461.0:3247510.0:6382181.0:1.2732081E7 Result :2.5500166E7
Dec 3, 2014 9:18:57 PM FingerPrint scan
INFO: Processing chunk : 1711276032
Dec 3, 2014 9:18:57 PM FingerPrint computeMagnitude
INFO: FingerPrint: :17052.0:67411.0:109923.0:231635.0:436236.0:856057.0:1787423.0:3649313.0:7281432.0:1.4526912E7 Result :2.8963394E7
Dec 3, 2014 9:18:57 PM FingerPrint scan
INFO: Processing chunk : 1728053248
Dec 3, 2014 9:18:57 PM FingerPrint computeMagnitude
INFO: FingerPrint: :26984.0:62581.0:88905.0:189866.0:468258.0:780626.0:1640858.0:3309379.0:6563175.0:1.3134247E7 Result :2.6264879E7
Dec 3, 2014 9:18:57 PM FingerPrint scan
INFO: Processing chunk : 1744830464
Dec 3, 2014 9:18:57 PM FingerPrint computeMagnitude
INFO: FingerPrint: :16819.0:40676.0:62364.0:83796.0:211058.0:542046.0:857746.0:1823652.0:3524932.0:7012496.0 Result :1.4175585E7
Dec 3, 2014 9:18:57 PM FingerPrint scan
INFO: Processing chunk : 1761607680
Dec 3, 2014 9:18:57 PM FingerPrint computeMagnitude
INFO: FingerPrint: :16334.0:47183.0:68363.0:194901.0:319969.0:679795.0:1520161.0:2954052.0:5802893.0:1.1754538E7 Result :2.3358189E7
Dec 3, 2014 9:18:57 PM FingerPrint scan
INFO: Processing chunk : 1778384896
Dec 3, 2014 9:18:57 PM FingerPrint computeMagnitude
INFO: FingerPrint: :8586.0:63045.0:75210.0:164695.0:293315.0:585528.0:1164711.0:2363904.0:4768333.0:9492904.0 Result :1.8980231E7
