Dec 3, 2014 9:16:52 PM AudioFileComparator fingerPrint
INFO: Trying to get fingerprint for file : /course/cs5500f14/Assignments/A5/bad0616.wav
Dec 3, 2014 9:16:52 PM FingerPrint scan
INFO: Processing chunk : 0
Dec 3, 2014 9:16:52 PM FingerPrint computeMagnitude
INFO: FingerPrint: :25265.0:38245.0:47439.0:173611.0:317848.0:572063.0:1173753.0:2321684.0:4724041.0:9489559.0 Result :1.8883508E7
Dec 3, 2014 9:16:52 PM FingerPrint scan
INFO: Processing chunk : 16777216
Dec 3, 2014 9:16:52 PM FingerPrint computeMagnitude
INFO: FingerPrint: :26509.0:39547.0:66618.0:154692.0:309418.0:549076.0:1143981.0:2310758.0:4559462.0:9203523.0 Result :1.8363584E7
Dec 3, 2014 9:16:52 PM FingerPrint scan
INFO: Processing chunk : 33554432
Dec 3, 2014 9:16:53 PM FingerPrint computeMagnitude
INFO: FingerPrint: :38201.0:63273.0:36963.0:150631.0:283404.0:511047.0:1364609.0:2567590.0:4830085.0:9989476.0 Result :1.9835279E7
Dec 3, 2014 9:16:53 PM FingerPrint scan
INFO: Processing chunk : 50331648
Dec 3, 2014 9:16:53 PM FingerPrint computeMagnitude
INFO: FingerPrint: :14416.0:35212.0:143115.0:226662.0:517945.0:940374.0:1800094.0:3811367.0:7366491.0:1.4732869E7 Result :2.9588545E7
Dec 3, 2014 9:16:53 PM FingerPrint scan
INFO: Processing chunk : 67108864
Dec 3, 2014 9:16:53 PM FingerPrint computeMagnitude
INFO: FingerPrint: :42751.0:38587.0:48028.0:213936.0:461719.0:860218.0:1688446.0:3318615.0:6776973.0:1.3467068E7 Result :2.6916341E7
Dec 3, 2014 9:16:53 PM FingerPrint scan
INFO: Processing chunk : 83886080
Dec 3, 2014 9:16:53 PM FingerPrint computeMagnitude
INFO: FingerPrint: :32384.0:73304.0:129578.0:268377.0:491567.0:1019114.0:1996419.0:4056668.0:8125813.0:1.6191108E7 Result :3.2384332E7
Dec 3, 2014 9:16:53 PM FingerPrint scan
INFO: Processing chunk : 100663296
Dec 3, 2014 9:16:53 PM FingerPrint computeMagnitude
INFO: FingerPrint: :31351.0:63714.0:119969.0:268063.0:518955.0:979477.0:2010716.0:4075132.0:8044112.0:1.6212581E7 Result :3.232407E7
Dec 3, 2014 9:16:53 PM FingerPrint scan
INFO: Processing chunk : 117440512
Dec 3, 2014 9:16:53 PM FingerPrint computeMagnitude
INFO: FingerPrint: :13318.0:14956.0:44462.0:99476.0:175792.0:293017.0:695037.0:1413031.0:2655636.0:5565759.0 Result :1.0970484E7
Dec 3, 2014 9:16:53 PM FingerPrint scan
INFO: Processing chunk : 134217728
Dec 3, 2014 9:16:53 PM FingerPrint computeMagnitude
INFO: FingerPrint: :13966.0:54793.0:70271.0:130034.0:274544.0:572314.0:1242179.0:2292819.0:4642935.0:9387278.0 Result :1.8681133E7
Dec 3, 2014 9:16:53 PM FingerPrint scan
INFO: Processing chunk : 150994944
Dec 3, 2014 9:16:53 PM FingerPrint computeMagnitude
INFO: FingerPrint: :30408.0:28079.0:69603.0:148491.0:245216.0:550991.0:1118862.0:2176447.0:4402229.0:8834135.0 Result :1.7604461E7
Dec 3, 2014 9:16:53 PM FingerPrint scan
INFO: Processing chunk : 167772160
Dec 3, 2014 9:16:53 PM FingerPrint computeMagnitude
INFO: FingerPrint: :25009.0:22244.0:63767.0:163534.0:277808.0:535392.0:1130391.0:2230591.0:4564135.0:9203826.0 Result :1.8216697E7
Dec 3, 2014 9:16:53 PM FingerPrint scan
INFO: Processing chunk : 184549376
Dec 3, 2014 9:16:53 PM FingerPrint computeMagnitude
INFO: FingerPrint: :22938.0:22778.0:30331.0:134894.0:261838.0:460706.0:1069587.0:2043897.0:4294812.0:8750108.0 Result :1.7091889E7
Dec 3, 2014 9:16:53 PM FingerPrint scan
INFO: Processing chunk : 201326592
Dec 3, 2014 9:16:53 PM FingerPrint computeMagnitude
INFO: FingerPrint: :24951.0:67016.0:37745.0:117822.0:275010.0:615761.0:1210182.0:2340882.0:4638448.0:9393928.0 Result :1.8721745E7
Dec 3, 2014 9:16:53 PM FingerPrint scan
INFO: Processing chunk : 218103808
Dec 3, 2014 9:16:53 PM FingerPrint computeMagnitude
INFO: FingerPrint: :943.0:2051.0:3786.0:8007.0:18062.0:37223.0:78983.0:137914.0:302660.0:584663.0 Result :1174292.0
Dec 3, 2014 9:16:53 PM FingerPrint scan
INFO: Processing chunk : 234881024
Dec 3, 2014 9:16:53 PM FingerPrint computeMagnitude
INFO: FingerPrint: :53627.0:44717.0:78009.0:158052.0:330712.0:608264.0:1351409.0:2678298.0:5315699.0:1.0747173E7 Result :2.136596E7
Dec 3, 2014 9:16:53 PM FingerPrint scan
INFO: Processing chunk : 251658240
Dec 3, 2014 9:16:53 PM FingerPrint computeMagnitude
INFO: FingerPrint: :18378.0:33931.0:116554.0:222166.0:447520.0:929886.0:1741230.0:3561083.0:7087117.0:1.4008618E7 Result :2.8166483E7
Dec 3, 2014 9:16:53 PM FingerPrint scan
INFO: Processing chunk : 268435456
Dec 3, 2014 9:16:53 PM FingerPrint computeMagnitude
INFO: FingerPrint: :17214.0:27761.0:105194.0:154313.0:288507.0:567069.0:1142992.0:2468012.0:4646595.0:9344402.0 Result :1.8762059E7
Dec 3, 2014 9:16:53 PM FingerPrint scan
INFO: Processing chunk : 285212672
Dec 3, 2014 9:16:53 PM FingerPrint computeMagnitude
INFO: FingerPrint: :8436.0:30023.0:31331.0:95474.0:139685.0:354888.0:692897.0:1657542.0:2994528.0:6033491.0 Result :1.2038295E7
Dec 3, 2014 9:16:53 PM FingerPrint scan
INFO: Processing chunk : 301989888
Dec 3, 2014 9:16:53 PM FingerPrint computeMagnitude
INFO: FingerPrint: :14559.0:45752.0:71659.0:149674.0:309705.0:679965.0:1234117.0:2522847.0:4996468.0:1.0050379E7 Result :2.0075125E7
Dec 3, 2014 9:16:53 PM FingerPrint scan
INFO: Processing chunk : 318767104
Dec 3, 2014 9:16:53 PM FingerPrint computeMagnitude
INFO: FingerPrint: :26909.0:31524.0:75212.0:188383.0:306295.0:621962.0:1285297.0:2502233.0:5030120.0:1.0094016E7 Result :2.0161951E7
Dec 3, 2014 9:16:53 PM FingerPrint scan
INFO: Processing chunk : 335544320
Dec 3, 2014 9:16:53 PM FingerPrint computeMagnitude
INFO: FingerPrint: :2133.0:32718.0:37844.0:112770.0:293846.0:568478.0:1072051.0:2219002.0:4296795.0:8570744.0 Result :1.7206381E7
Dec 3, 2014 9:16:53 PM FingerPrint scan
INFO: Processing chunk : 352321536
Dec 3, 2014 9:16:53 PM FingerPrint computeMagnitude
INFO: FingerPrint: :14417.0:37200.0:93949.0:187368.0:434603.0:743358.0:1537836.0:3068376.0:6057924.0:1.222679E7 Result :2.4401821E7
Dec 3, 2014 9:16:53 PM FingerPrint scan
INFO: Processing chunk : 369098752
Dec 3, 2014 9:16:53 PM FingerPrint computeMagnitude
INFO: FingerPrint: :18296.0:48966.0:62069.0:150270.0:295703.0:580155.0:1098307.0:2275961.0:4541644.0:9013971.0 Result :1.8085342E7
Dec 3, 2014 9:16:53 PM FingerPrint scan
INFO: Processing chunk : 385875968
Dec 3, 2014 9:16:53 PM FingerPrint computeMagnitude
INFO: FingerPrint: :1790.0:1699.0:9172.0:12028.0:26462.0:55482.0:100691.0:207051.0:417628.0:824328.0 Result :1656331.0
Dec 3, 2014 9:16:53 PM FingerPrint scan
INFO: Processing chunk : 402653184
Dec 3, 2014 9:16:53 PM FingerPrint computeMagnitude
INFO: FingerPrint: :11333.0:26437.0:52899.0:92076.0:228583.0:428216.0:865720.0:1848229.0:3578982.0:7110315.0 Result :1.424279E7
Dec 3, 2014 9:16:53 PM FingerPrint scan
INFO: Processing chunk : 419430400
Dec 3, 2014 9:16:53 PM FingerPrint computeMagnitude
INFO: FingerPrint: :10044.0:49124.0:88681.0:207657.0:380372.0:799006.0:1464083.0:3056278.0:6050580.0:1.1939201E7 Result :2.4045026E7
Dec 3, 2014 9:16:53 PM FingerPrint scan
INFO: Processing chunk : 436207616
Dec 3, 2014 9:16:53 PM FingerPrint computeMagnitude
INFO: FingerPrint: :20226.0:62560.0:70591.0:150796.0:356276.0:688281.0:1404711.0:2739271.0:5424399.0:1.0962151E7 Result :2.1879262E7
Dec 3, 2014 9:16:53 PM FingerPrint scan
INFO: Processing chunk : 452984832
Dec 3, 2014 9:16:53 PM FingerPrint computeMagnitude
INFO: FingerPrint: :27982.0:37012.0:108158.0:188707.0:401760.0:775149.0:1573291.0:3064714.0:6207376.0:1.2507416E7 Result :2.4891565E7
Dec 3, 2014 9:16:53 PM FingerPrint scan
INFO: Processing chunk : 469762048
Dec 3, 2014 9:16:53 PM FingerPrint computeMagnitude
INFO: FingerPrint: :54927.0:88567.0:95825.0:203977.0:454862.0:941187.0:1797964.0:3741281.0:7397521.0:1.4780238E7 Result :2.9556349E7
Dec 3, 2014 9:16:53 PM FingerPrint scan
INFO: Processing chunk : 486539264
Dec 3, 2014 9:16:53 PM FingerPrint computeMagnitude
INFO: FingerPrint: :15278.0:36585.0:62987.0:129419.0:370291.0:698129.0:1415602.0:2763277.0:5325057.0:1.0758868E7 Result :2.1575493E7
Dec 3, 2014 9:16:53 PM FingerPrint scan
INFO: Processing chunk : 503316480
Dec 3, 2014 9:16:53 PM FingerPrint computeMagnitude
INFO: FingerPrint: :10363.0:40767.0:63509.0:122944.0:352685.0:532063.0:1112721.0:2258503.0:4376044.0:8937310.0 Result :1.7806909E7
Dec 3, 2014 9:16:53 PM FingerPrint scan
INFO: Processing chunk : 520093696
Dec 3, 2014 9:16:53 PM FingerPrint computeMagnitude
INFO: FingerPrint: :38409.0:18538.0:109088.0:219163.0:365244.0:826664.0:1576836.0:3097965.0:6302155.0:1.2546007E7 Result :2.5100069E7
Dec 3, 2014 9:16:53 PM FingerPrint scan
INFO: Processing chunk : 536870912
Dec 3, 2014 9:16:53 PM FingerPrint computeMagnitude
INFO: FingerPrint: :27964.0:58969.0:72228.0:119379.0:270952.0:531182.0:1155886.0:2267687.0:4486621.0:9062382.0 Result :1.805325E7
Dec 3, 2014 9:16:53 PM FingerPrint scan
INFO: Processing chunk : 553648128
Dec 3, 2014 9:16:53 PM FingerPrint computeMagnitude
INFO: FingerPrint: :20818.0:44689.0:111948.0:212154.0:441043.0:749483.0:1701906.0:3332584.0:6537604.0:1.3209165E7 Result :2.6361394E7
Dec 3, 2014 9:16:53 PM FingerPrint scan
INFO: Processing chunk : 570425344
Dec 3, 2014 9:16:53 PM FingerPrint computeMagnitude
INFO: FingerPrint: :16165.0:46355.0:58598.0:146787.0:328567.0:595185.0:1222249.0:2415362.0:4772886.0:9572035.0 Result :1.9174189E7
Dec 3, 2014 9:16:53 PM FingerPrint scan
INFO: Processing chunk : 587202560
Dec 3, 2014 9:16:53 PM FingerPrint computeMagnitude
INFO: FingerPrint: :2252.0:4545.0:9727.0:18673.0:33640.0:68388.0:136397.0:273743.0:550162.0:1093341.0 Result :2190868.0
Dec 3, 2014 9:16:53 PM FingerPrint scan
INFO: Processing chunk : 603979776
Dec 3, 2014 9:16:53 PM FingerPrint computeMagnitude
INFO: FingerPrint: :6307.0:20509.0:51194.0:77811.0:164040.0:314771.0:618617.0:1253229.0:2495992.0:4981944.0 Result :9984414.0
Dec 3, 2014 9:16:53 PM FingerPrint scan
INFO: Processing chunk : 620756992
Dec 3, 2014 9:16:53 PM FingerPrint computeMagnitude
INFO: FingerPrint: :27650.0:77587.0:88461.0:198127.0:397019.0:803355.0:1649226.0:3232202.0:6442797.0:1.2970261E7 Result :2.5886685E7
Dec 3, 2014 9:16:53 PM FingerPrint scan
INFO: Processing chunk : 637534208
Dec 3, 2014 9:16:53 PM FingerPrint computeMagnitude
INFO: FingerPrint: :15024.0:34585.0:63390.0:190731.0:309716.0:566049.0:1217072.0:2501548.0:5018859.0:9999519.0 Result :1.9916493E7
Dec 3, 2014 9:16:53 PM FingerPrint scan
INFO: Processing chunk : 654311424
Dec 3, 2014 9:16:53 PM FingerPrint computeMagnitude
INFO: FingerPrint: :27248.0:80069.0:74925.0:145134.0:399509.0:702922.0:1458321.0:2901175.0:5786377.0:1.1554911E7 Result :2.3130591E7
Dec 3, 2014 9:16:53 PM FingerPrint scan
INFO: Processing chunk : 671088640
Dec 3, 2014 9:16:53 PM FingerPrint computeMagnitude
INFO: FingerPrint: :16428.0:37374.0:93631.0:228835.0:433301.0:824300.0:1633387.0:3353186.0:6574915.0:1.3202678E7 Result :2.6398035E7
Dec 3, 2014 9:16:53 PM FingerPrint scan
INFO: Processing chunk : 687865856
Dec 3, 2014 9:16:53 PM FingerPrint computeMagnitude
INFO: FingerPrint: :39856.0:42100.0:47578.0:159842.0:226551.0:517958.0:1015869.0:1914757.0:3959477.0:8067481.0 Result :1.5991469E7
Dec 3, 2014 9:16:53 PM FingerPrint scan
INFO: Processing chunk : 704643072
Dec 3, 2014 9:16:53 PM FingerPrint computeMagnitude
INFO: FingerPrint: :10119.0:35899.0:73858.0:150336.0:285310.0:495654.0:1025292.0:2156941.0:4237861.0:8510185.0 Result :1.6981455E7
Dec 3, 2014 9:16:53 PM FingerPrint scan
INFO: Processing chunk : 721420288
Dec 3, 2014 9:16:53 PM FingerPrint computeMagnitude
INFO: FingerPrint: :23746.0:49067.0:36634.0:168263.0:311641.0:660679.0:1309387.0:2521556.0:5116057.0:1.0184527E7 Result :2.0381557E7
Dec 3, 2014 9:16:53 PM FingerPrint scan
INFO: Processing chunk : 738197504
Dec 3, 2014 9:16:53 PM FingerPrint computeMagnitude
INFO: FingerPrint: :10737.0:44779.0:44103.0:137338.0:221650.0:527275.0:1010033.0:2077352.0:4027542.0:8085106.0 Result :1.6185915E7
Dec 3, 2014 9:16:53 PM FingerPrint scan
INFO: Processing chunk : 754974720
Dec 3, 2014 9:16:53 PM FingerPrint computeMagnitude
INFO: FingerPrint: :18527.0:37525.0:153262.0:238242.0:478859.0:897569.0:1737170.0:3464321.0:7094316.0:1.40765E7 Result :2.8196291E7
Dec 3, 2014 9:16:53 PM FingerPrint scan
INFO: Processing chunk : 771751936
Dec 3, 2014 9:16:53 PM FingerPrint computeMagnitude
INFO: FingerPrint: :43196.0:59683.0:101687.0:257150.0:369147.0:837710.0:1724000.0:3394554.0:6886605.0:1.3721447E7 Result :2.7395179E7
Dec 3, 2014 9:16:53 PM FingerPrint scan
INFO: Processing chunk : 788529152
Dec 3, 2014 9:16:53 PM FingerPrint computeMagnitude
INFO: FingerPrint: :14364.0:52284.0:121576.0:207485.0:431308.0:864326.0:1651523.0:3395168.0:6720090.0:1.3367389E7 Result :2.6825513E7
Dec 3, 2014 9:16:53 PM FingerPrint scan
INFO: Processing chunk : 805306368
Dec 3, 2014 9:16:53 PM FingerPrint computeMagnitude
INFO: FingerPrint: :3513.0:59929.0:99843.0:167917.0:378470.0:679791.0:1425964.0:2814450.0:5597574.0:1.1310731E7 Result :2.2538182E7
Dec 3, 2014 9:16:53 PM FingerPrint scan
INFO: Processing chunk : 822083584
Dec 3, 2014 9:16:53 PM FingerPrint computeMagnitude
INFO: FingerPrint: :18340.0:66726.0:71375.0:162269.0:332580.0:566328.0:1357002.0:2540854.0:5083047.0:1.0296381E7 Result :2.0494902E7
Dec 3, 2014 9:16:53 PM FingerPrint scan
INFO: Processing chunk : 838860800
Dec 3, 2014 9:16:53 PM FingerPrint computeMagnitude
INFO: FingerPrint: :11893.0:31486.0:53605.0:105257.0:175744.0:448326.0:927310.0:1754894.0:3517512.0:6978538.0 Result :1.4004565E7
Dec 3, 2014 9:16:53 PM FingerPrint scan
INFO: Processing chunk : 855638016
Dec 3, 2014 9:16:53 PM FingerPrint computeMagnitude
INFO: FingerPrint: :27298.0:21298.0:156600.0:261493.0:492020.0:986357.0:1765097.0:3704935.0:7452330.0:1.4802037E7 Result :2.9669465E7
Dec 3, 2014 9:16:53 PM FingerPrint scan
INFO: Processing chunk : 872415232
Dec 3, 2014 9:16:53 PM FingerPrint computeMagnitude
INFO: FingerPrint: :27146.0:58009.0:80907.0:207580.0:393483.0:873291.0:1747027.0:3550769.0:6988044.0:1.4026754E7 Result :2.795301E7
Dec 3, 2014 9:16:53 PM FingerPrint scan
INFO: Processing chunk : 889192448
Dec 3, 2014 9:16:53 PM FingerPrint computeMagnitude
INFO: FingerPrint: :16286.0:64938.0:112343.0:229867.0:430934.0:833397.0:1719123.0:3382957.0:6796162.0:1.3632914E7 Result :2.7218921E7
Dec 3, 2014 9:16:53 PM FingerPrint scan
INFO: Processing chunk : 905969664
Dec 3, 2014 9:16:53 PM FingerPrint computeMagnitude
INFO: FingerPrint: :11801.0:24382.0:97528.0:135712.0:335092.0:652481.0:1222749.0:2522737.0:5034862.0:9984283.0 Result :2.0021627E7
Dec 3, 2014 9:16:53 PM FingerPrint scan
INFO: Processing chunk : 922746880
Dec 3, 2014 9:16:53 PM FingerPrint computeMagnitude
INFO: FingerPrint: :3166.0:5990.0:9455.0:19310.0:42260.0:77621.0:167994.0:337281.0:660152.0:1335025.0 Result :2658254.0
Dec 3, 2014 9:16:53 PM FingerPrint scan
INFO: Processing chunk : 939524096
Dec 3, 2014 9:16:53 PM FingerPrint computeMagnitude
INFO: FingerPrint: :1273.0:1835.0:3124.0:6420.0:11354.0:24732.0:51358.0:98340.0:199178.0:401403.0 Result :799017.0
Dec 3, 2014 9:16:53 PM FingerPrint scan
INFO: Processing chunk : 956301312
Dec 3, 2014 9:16:53 PM FingerPrint computeMagnitude
INFO: FingerPrint: :17450.0:62555.0:98755.0:216935.0:427314.0:931614.0:1838910.0:3631224.0:7346211.0:1.4592306E7 Result :2.9163274E7
Dec 3, 2014 9:16:53 PM FingerPrint scan
INFO: Processing chunk : 973078528
Dec 3, 2014 9:16:53 PM FingerPrint computeMagnitude
INFO: FingerPrint: :14721.0:57512.0:48283.0:132633.0:285606.0:534710.0:1191060.0:2317833.0:4597217.0:9206458.0 Result :1.8386033E7
Dec 3, 2014 9:16:53 PM FingerPrint scan
INFO: Processing chunk : 989855744
Dec 3, 2014 9:16:53 PM FingerPrint computeMagnitude
INFO: FingerPrint: :13059.0:26048.0:86240.0:214755.0:376565.0:705816.0:1433739.0:2830379.0:5637308.0:1.1310157E7 Result :2.2634066E7
Dec 3, 2014 9:16:53 PM FingerPrint scan
INFO: Processing chunk : 1006632960
Dec 3, 2014 9:16:53 PM FingerPrint computeMagnitude
INFO: FingerPrint: :17650.0:30700.0:101616.0:141856.0:309502.0:587318.0:1121629.0:2301179.0:4637538.0:9283184.0 Result :1.8532172E7
Dec 3, 2014 9:16:53 PM FingerPrint scan
INFO: Processing chunk : 1023410176
Dec 3, 2014 9:16:53 PM FingerPrint computeMagnitude
INFO: FingerPrint: :9928.0:11440.0:41962.0:38236.0:106598.0:257024.0:425882.0:813107.0:1797910.0:3423480.0 Result :6925567.0
Dec 3, 2014 9:16:53 PM FingerPrint scan
INFO: Processing chunk : 1040187392
Dec 3, 2014 9:16:53 PM FingerPrint computeMagnitude
INFO: FingerPrint: :955.0:1371.0:2778.0:6927.0:12822.0:24179.0:49675.0:100320.0:197959.0:397938.0 Result :794924.0
Dec 3, 2014 9:16:53 PM FingerPrint scan
INFO: Processing chunk : 1056964608
Dec 3, 2014 9:16:53 PM FingerPrint computeMagnitude
INFO: FingerPrint: :30274.0:59550.0:54688.0:201698.0:373721.0:774068.0:1599353.0:3113402.0:6002431.0:1.2387965E7 Result :2.459715E7
Dec 3, 2014 9:16:53 PM FingerPrint scan
INFO: Processing chunk : 1073741824
Dec 3, 2014 9:16:53 PM FingerPrint computeMagnitude
INFO: FingerPrint: :13576.0:34685.0:85194.0:184339.0:280912.0:553375.0:1257266.0:2380622.0:4819727.0:9758322.0 Result :1.9368018E7
Dec 3, 2014 9:16:53 PM FingerPrint scan
INFO: Processing chunk : 1090519040
Dec 3, 2014 9:16:53 PM FingerPrint computeMagnitude
INFO: FingerPrint: :27351.0:67073.0:83374.0:161817.0:358854.0:628448.0:1376311.0:2851272.0:5452242.0:1.1020287E7 Result :2.2027029E7
Dec 3, 2014 9:16:53 PM FingerPrint scan
INFO: Processing chunk : 1107296256
Dec 3, 2014 9:16:53 PM FingerPrint computeMagnitude
INFO: FingerPrint: :20686.0:36626.0:58529.0:130963.0:232660.0:456696.0:923948.0:1863642.0:3738053.0:7472317.0 Result :1.493412E7
Dec 3, 2014 9:16:53 PM FingerPrint scan
INFO: Processing chunk : 1124073472
Dec 3, 2014 9:16:53 PM FingerPrint computeMagnitude
INFO: FingerPrint: :38583.0:50203.0:107393.0:176261.0:453764.0:892065.0:1730912.0:3390733.0:7032029.0:1.3868561E7 Result :2.7740504E7
Dec 3, 2014 9:16:53 PM FingerPrint scan
INFO: Processing chunk : 1140850688
Dec 3, 2014 9:16:53 PM FingerPrint computeMagnitude
INFO: FingerPrint: :27629.0:52077.0:152595.0:287309.0:415562.0:952456.0:1832333.0:3691613.0:7458575.0:1.4793636E7 Result :2.9663785E7
Dec 3, 2014 9:16:53 PM FingerPrint scan
INFO: Processing chunk : 1157627904
Dec 3, 2014 9:16:53 PM FingerPrint computeMagnitude
INFO: FingerPrint: :13510.0:62297.0:83895.0:229327.0:461055.0:902319.0:1915675.0:3612316.0:7178567.0:1.4581143E7 Result :2.9040104E7
Dec 3, 2014 9:16:53 PM FingerPrint scan
INFO: Processing chunk : 1174405120
Dec 3, 2014 9:16:53 PM FingerPrint computeMagnitude
INFO: FingerPrint: :56526.0:67295.0:118265.0:250765.0:539275.0:1097127.0:2034943.0:4119673.0:8299512.0:1.6507549E7 Result :3.309093E7
Dec 3, 2014 9:16:53 PM FingerPrint scan
INFO: Processing chunk : 1191182336
Dec 3, 2014 9:16:53 PM FingerPrint computeMagnitude
INFO: FingerPrint: :35654.0:62115.0:96322.0:207826.0:348936.0:713208.0:1335329.0:2801477.0:5784655.0:1.1127464E7 Result :2.2512986E7
Dec 3, 2014 9:16:53 PM FingerPrint scan
INFO: Processing chunk : 1207959552
Dec 3, 2014 9:16:53 PM FingerPrint computeMagnitude
INFO: FingerPrint: :8811.0:19714.0:37397.0:86772.0:133045.0:261262.0:588177.0:1110970.0:2136362.0:4203607.0 Result :8586117.0
Dec 3, 2014 9:16:53 PM FingerPrint scan
INFO: Processing chunk : 1224736768
Dec 3, 2014 9:16:53 PM FingerPrint computeMagnitude
INFO: FingerPrint: :40979.0:29703.0:104646.0:206359.0:461870.0:854943.0:1684544.0:3337427.0:6722041.0:1.3469336E7 Result :2.6911848E7
Dec 3, 2014 9:16:53 PM FingerPrint scan
INFO: Processing chunk : 1241513984
Dec 3, 2014 9:16:53 PM FingerPrint computeMagnitude
INFO: FingerPrint: :8621.0:49669.0:58411.0:111437.0:248967.0:483185.0:996451.0:1990235.0:3944975.0:7905642.0 Result :1.5797593E7
Dec 3, 2014 9:16:53 PM FingerPrint scan
INFO: Processing chunk : 1258291200
Dec 3, 2014 9:16:53 PM FingerPrint computeMagnitude
INFO: FingerPrint: :17074.0:28014.0:57985.0:167234.0:298211.0:629193.0:1288569.0:2316947.0:4938981.0:9855354.0 Result :1.9597562E7
Dec 3, 2014 9:16:53 PM FingerPrint scan
INFO: Processing chunk : 1275068416
Dec 3, 2014 9:16:53 PM FingerPrint computeMagnitude
INFO: FingerPrint: :20559.0:44709.0:56957.0:138201.0:297908.0:622316.0:1245797.0:2529469.0:4968752.0:1.0111395E7 Result :2.0036063E7
Dec 3, 2014 9:16:53 PM FingerPrint scan
INFO: Processing chunk : 1291845632
Dec 3, 2014 9:16:53 PM FingerPrint computeMagnitude
INFO: FingerPrint: :11488.0:22083.0:39302.0:90494.0:172441.0:369355.0:734107.0:1483064.0:2919331.0:5798521.0 Result :1.1640186E7
Dec 3, 2014 9:16:53 PM FingerPrint scan
INFO: Processing chunk : 1308622848
Dec 3, 2014 9:16:53 PM FingerPrint computeMagnitude
INFO: FingerPrint: :1602.0:1613.0:2675.0:8229.0:17312.0:29831.0:60047.0:123892.0:242787.0:491825.0 Result :979813.0
Dec 3, 2014 9:16:53 PM FingerPrint scan
INFO: Processing chunk : 1325400064
Dec 3, 2014 9:16:53 PM FingerPrint computeMagnitude
INFO: FingerPrint: :12954.0:56566.0:137939.0:172915.0:465248.0:873912.0:1702503.0:3563165.0:6952146.0:1.3869093E7 Result :2.7806441E7
Dec 3, 2014 9:16:53 PM FingerPrint scan
INFO: Processing chunk : 1342177280
Dec 3, 2014 9:16:53 PM FingerPrint computeMagnitude
INFO: FingerPrint: :43528.0:62335.0:74921.0:178754.0:359679.0:633087.0:1490478.0:2806427.0:5598154.0:1.1430139E7 Result :2.2677502E7
Dec 3, 2014 9:16:53 PM FingerPrint scan
INFO: Processing chunk : 1358954496
Dec 3, 2014 9:16:53 PM FingerPrint computeMagnitude
INFO: FingerPrint: :9172.0:22106.0:32808.0:144359.0:260514.0:650669.0:1099058.0:2289687.0:4582908.0:8747799.0 Result :1.783908E7
Dec 3, 2014 9:16:53 PM FingerPrint scan
INFO: Processing chunk : 1375731712
Dec 3, 2014 9:16:53 PM FingerPrint computeMagnitude
INFO: FingerPrint: :9009.0:25017.0:50656.0:85900.0:217785.0:432514.0:733873.0:1464862.0:3009066.0:5771825.0 Result :1.1800507E7
Dec 3, 2014 9:16:53 PM FingerPrint scan
INFO: Processing chunk : 1392508928
Dec 3, 2014 9:16:53 PM FingerPrint computeMagnitude
INFO: FingerPrint: :12039.0:93383.0:83058.0:169860.0:467114.0:916821.0:1684062.0:3546650.0:6932600.0:1.3875148E7 Result :2.7780735E7
Dec 3, 2014 9:16:53 PM FingerPrint scan
INFO: Processing chunk : 1409286144
Dec 3, 2014 9:16:53 PM FingerPrint computeMagnitude
INFO: FingerPrint: :18346.0:42454.0:74507.0:157453.0:326151.0:609877.0:1244658.0:2602568.0:5060071.0:1.011645E7 Result :2.0252535E7
Dec 3, 2014 9:16:53 PM FingerPrint scan
INFO: Processing chunk : 1426063360
Dec 3, 2014 9:16:53 PM FingerPrint computeMagnitude
INFO: FingerPrint: :6865.0:17060.0:42480.0:92369.0:170973.0:346126.0:721111.0:1562130.0:3114031.0:6025809.0 Result :1.2098954E7
Dec 3, 2014 9:16:53 PM FingerPrint scan
INFO: Processing chunk : 1442840576
Dec 3, 2014 9:16:53 PM FingerPrint computeMagnitude
INFO: FingerPrint: :403.0:2519.0:3110.0:7845.0:17399.0:29073.0:65172.0:123146.0:250983.0:500064.0 Result :999714.0
Dec 3, 2014 9:16:53 PM FingerPrint scan
INFO: Processing chunk : 1459617792
Dec 3, 2014 9:16:53 PM FingerPrint computeMagnitude
INFO: FingerPrint: :18161.0:38748.0:65196.0:166922.0:296952.0:614368.0:1187859.0:2401072.0:4770511.0:9538472.0 Result :1.9098261E7
Dec 3, 2014 9:16:53 PM FingerPrint scan
INFO: Processing chunk : 1476395008
Dec 3, 2014 9:16:53 PM FingerPrint computeMagnitude
INFO: FingerPrint: :13716.0:36916.0:68567.0:119855.0:279661.0:507304.0:1052267.0:2054612.0:4098049.0:8315712.0 Result :1.6546659E7
Dec 3, 2014 9:16:53 PM FingerPrint scan
INFO: Processing chunk : 1493172224
Dec 3, 2014 9:16:53 PM FingerPrint computeMagnitude
INFO: FingerPrint: :8721.0:20726.0:31781.0:114654.0:198473.0:418952.0:766474.0:1576573.0:3056464.0:6223723.0 Result :1.2416541E7
Dec 3, 2014 9:16:53 PM FingerPrint scan
INFO: Processing chunk : 1509949440
Dec 3, 2014 9:16:53 PM FingerPrint computeMagnitude
INFO: FingerPrint: :1629.0:1654.0:1759.0:8183.0:15521.0:26825.0:53755.0:107015.0:215573.0:433607.0 Result :865521.0
Dec 3, 2014 9:16:53 PM FingerPrint scan
INFO: Processing chunk : 1526726656
Dec 3, 2014 9:16:53 PM FingerPrint computeMagnitude
INFO: FingerPrint: :22448.0:48382.0:96080.0:144365.0:304416.0:607574.0:1145684.0:2404759.0:4753430.0:9487838.0 Result :1.9014976E7
Dec 3, 2014 9:16:53 PM FingerPrint scan
INFO: Processing chunk : 1543503872
Dec 3, 2014 9:16:53 PM FingerPrint computeMagnitude
INFO: FingerPrint: :5664.0:25353.0:121214.0:190642.0:421651.0:738832.0:1585272.0:3182769.0:6262138.0:1.2495581E7 Result :2.5029116E7
Dec 3, 2014 9:16:53 PM FingerPrint scan
INFO: Processing chunk : 1560281088
Dec 3, 2014 9:16:53 PM FingerPrint computeMagnitude
INFO: FingerPrint: :16443.0:22843.0:59349.0:120257.0:241989.0:406266.0:874705.0:1736746.0:3383019.0:6937230.0 Result :1.3798847E7
Dec 3, 2014 9:16:53 PM FingerPrint scan
INFO: Processing chunk : 1577058304
Dec 3, 2014 9:16:53 PM FingerPrint computeMagnitude
INFO: FingerPrint: :1665.0:4845.0:6573.0:24293.0:40267.0:87816.0:152995.0:388577.0:757505.0:1541274.0 Result :3005810.0
Dec 3, 2014 9:16:53 PM FingerPrint scan
INFO: Processing chunk : 1593835520
Dec 3, 2014 9:16:53 PM FingerPrint computeMagnitude
INFO: FingerPrint: :33490.0:39505.0:95538.0:195386.0:315689.0:700927.0:1487740.0:2880947.0:5813439.0:1.1646864E7 Result :2.3209525E7
Dec 3, 2014 9:16:53 PM FingerPrint scan
INFO: Processing chunk : 1610612736
Dec 3, 2014 9:16:53 PM FingerPrint computeMagnitude
INFO: FingerPrint: :19425.0:29912.0:120124.0:148987.0:369627.0:734321.0:1413196.0:2972007.0:5779794.0:1.15682E7 Result :2.3155593E7
Dec 3, 2014 9:16:53 PM FingerPrint scan
INFO: Processing chunk : 1627389952
Dec 3, 2014 9:16:54 PM FingerPrint computeMagnitude
INFO: FingerPrint: :19774.0:34956.0:65474.0:197076.0:337718.0:761932.0:1407956.0:2798987.0:5696657.0:1.1289828E7 Result :2.2610358E7
Dec 3, 2014 9:16:54 PM FingerPrint scan
INFO: Processing chunk : 1644167168
Dec 3, 2014 9:16:54 PM FingerPrint computeMagnitude
INFO: FingerPrint: :21147.0:42682.0:95858.0:147305.0:299693.0:620806.0:1312207.0:2569573.0:5174992.0:1.0316428E7 Result :2.0600691E7
Dec 3, 2014 9:16:54 PM FingerPrint scan
INFO: Processing chunk : 1660944384
Dec 3, 2014 9:16:54 PM FingerPrint computeMagnitude
INFO: FingerPrint: :11361.0:41551.0:43229.0:122000.0:252396.0:494524.0:960694.0:1932622.0:3795779.0:7651113.0 Result :1.5305269E7
Dec 3, 2014 9:16:54 PM FingerPrint scan
INFO: Processing chunk : 1677721600
Dec 3, 2014 9:16:54 PM FingerPrint computeMagnitude
INFO: FingerPrint: :9153.0:28598.0:34994.0:61356.0:143654.0:243189.0:590295.0:1121589.0:2123285.0:4453299.0 Result :8809412.0
Dec 3, 2014 9:16:54 PM FingerPrint scan
INFO: Processing chunk : 1694498816
Dec 3, 2014 9:16:54 PM FingerPrint computeMagnitude
INFO: FingerPrint: :11650.0:56945.0:90279.0:193940.0:459549.0:804649.0:1589402.0:3271178.0:6450688.0:1.2851784E7 Result :2.5780064E7
Dec 3, 2014 9:16:54 PM FingerPrint scan
INFO: Processing chunk : 1711276032
Dec 3, 2014 9:16:54 PM FingerPrint computeMagnitude
INFO: FingerPrint: :49112.0:43966.0:63780.0:188179.0:401041.0:745593.0:1357643.0:2811588.0:5696649.0:1.1348307E7 Result :2.2705858E7
Dec 3, 2014 9:16:54 PM FingerPrint scan
INFO: Processing chunk : 1728053248
Dec 3, 2014 9:16:54 PM FingerPrint computeMagnitude
INFO: FingerPrint: :44207.0:43892.0:93025.0:186597.0:411122.0:800648.0:1650978.0:3199404.0:6206216.0:1.2329749E7 Result :2.4965838E7
Dec 3, 2014 9:16:54 PM FingerPrint scan
INFO: Processing chunk : 1744830464
Dec 3, 2014 9:16:54 PM FingerPrint computeMagnitude
INFO: FingerPrint: :24270.0:33377.0:58390.0:113212.0:233379.0:502643.0:991784.0:1917447.0:3676708.0:7376322.0 Result :1.4927532E7
Dec 3, 2014 9:16:54 PM FingerPrint scan
INFO: Processing chunk : 1761607680
Dec 3, 2014 9:16:54 PM FingerPrint computeMagnitude
INFO: FingerPrint: :20114.0:35509.0:71449.0:220666.0:352948.0:683873.0:1419021.0:2701816.0:5545134.0:1.0916811E7 Result :2.1967341E7
Dec 3, 2014 9:16:54 PM FingerPrint scan
INFO: Processing chunk : 1778384896
Dec 3, 2014 9:16:54 PM FingerPrint computeMagnitude
INFO: FingerPrint: :10227.0:26884.0:51176.0:89196.0:234016.0:453348.0:867617.0:1812308.0:3758667.0:7081853.0 Result :1.4385292E7
Dec 3, 2014 9:16:54 PM AudioFileComparator fingerPrint
INFO: Trying to get fingerprint for file : /course/cs5500f14/Assignments/A5/z01.wav
Dec 3, 2014 9:16:54 PM FingerPrint scan
INFO: Processing chunk : 0
Dec 3, 2014 9:16:54 PM FingerPrint computeMagnitude
INFO: FingerPrint: :25264.0:38251.0:47439.0:173597.0:317881.0:572070.0:1173787.0:2321772.0:4724258.0:9489871.0 Result :1.888419E7
Dec 3, 2014 9:16:54 PM FingerPrint scan
INFO: Processing chunk : 16777216
Dec 3, 2014 9:16:54 PM FingerPrint computeMagnitude
INFO: FingerPrint: :26509.0:39551.0:66612.0:154703.0:309424.0:549086.0:1144021.0:2310834.0:4559659.0:9203867.0 Result :1.8364266E7
Dec 3, 2014 9:16:54 PM FingerPrint scan
INFO: Processing chunk : 33554432
Dec 3, 2014 9:16:54 PM FingerPrint computeMagnitude
INFO: FingerPrint: :38205.0:63274.0:36966.0:150651.0:283421.0:511081.0:1364658.0:2567678.0:4830296.0:9989810.0 Result :1.983604E7
Dec 3, 2014 9:16:54 PM FingerPrint scan
INFO: Processing chunk : 50331648
Dec 3, 2014 9:16:54 PM FingerPrint computeMagnitude
INFO: FingerPrint: :14417.0:35213.0:143123.0:226658.0:517949.0:940402.0:1800112.0:3811483.0:7366714.0:1.4733379E7 Result :2.958945E7
Dec 3, 2014 9:16:54 PM FingerPrint scan
INFO: Processing chunk : 67108864
Dec 3, 2014 9:16:54 PM FingerPrint computeMagnitude
INFO: FingerPrint: :42750.0:38602.0:48017.0:213958.0:461752.0:860208.0:1688474.0:3318755.0:6777241.0:1.3467528E7 Result :2.6917285E7
Dec 3, 2014 9:16:54 PM FingerPrint scan
INFO: Processing chunk : 83886080
Dec 3, 2014 9:16:54 PM FingerPrint computeMagnitude
INFO: FingerPrint: :32384.0:73313.0:129587.0:268392.0:491587.0:1019141.0:1996512.0:4056842.0:8126066.0:1.6191734E7 Result :3.2385558E7
Dec 3, 2014 9:16:54 PM FingerPrint scan
INFO: Processing chunk : 100663296
Dec 3, 2014 9:16:54 PM FingerPrint computeMagnitude
INFO: FingerPrint: :31355.0:63714.0:119968.0:268070.0:518968.0:979502.0:2010807.0:4075271.0:8044381.0:1.6213072E7 Result :3.2325108E7
Dec 3, 2014 9:16:54 PM FingerPrint scan
INFO: Processing chunk : 117440512
Dec 3, 2014 9:16:54 PM FingerPrint computeMagnitude
INFO: FingerPrint: :13323.0:14953.0:44453.0:99492.0:175825.0:293035.0:694998.0:1413068.0:2655717.0:5566092.0 Result :1.0970956E7
Dec 3, 2014 9:16:54 PM FingerPrint scan
INFO: Processing chunk : 134217728
Dec 3, 2014 9:16:54 PM FingerPrint computeMagnitude
INFO: FingerPrint: :13966.0:54793.0:70282.0:130023.0:274552.0:572338.0:1242263.0:2292887.0:4643164.0:9387625.0 Result :1.8681893E7
Dec 3, 2014 9:16:54 PM FingerPrint scan
INFO: Processing chunk : 150994944
Dec 3, 2014 9:16:54 PM FingerPrint computeMagnitude
INFO: FingerPrint: :30413.0:28078.0:69592.0:148504.0:245209.0:551005.0:1118935.0:2176482.0:4402398.0:8834406.0 Result :1.7605022E7
Dec 3, 2014 9:16:54 PM FingerPrint scan
INFO: Processing chunk : 167772160
Dec 3, 2014 9:16:54 PM FingerPrint computeMagnitude
INFO: FingerPrint: :25013.0:22241.0:63756.0:163548.0:277825.0:535373.0:1130444.0:2230680.0:4564312.0:9204161.0 Result :1.8217353E7
Dec 3, 2014 9:16:54 PM FingerPrint scan
INFO: Processing chunk : 184549376
Dec 3, 2014 9:16:54 PM FingerPrint computeMagnitude
INFO: FingerPrint: :22940.0:22780.0:30323.0:134909.0:261839.0:460751.0:1069676.0:2043950.0:4294903.0:8750343.0 Result :1.7092414E7
Dec 3, 2014 9:16:54 PM FingerPrint scan
INFO: Processing chunk : 201326592
Dec 3, 2014 9:16:54 PM FingerPrint computeMagnitude
INFO: FingerPrint: :24951.0:67013.0:37735.0:117826.0:275023.0:615785.0:1210204.0:2340999.0:4638605.0:9394257.0 Result :1.8722398E7
Dec 3, 2014 9:16:54 PM FingerPrint scan
INFO: Processing chunk : 218103808
Dec 3, 2014 9:16:54 PM FingerPrint computeMagnitude
INFO: FingerPrint: :939.0:2055.0:3790.0:7993.0:18070.0:37216.0:78987.0:137913.0:302642.0:584609.0 Result :1174214.0
Dec 3, 2014 9:16:54 PM FingerPrint scan
INFO: Processing chunk : 234881024
Dec 3, 2014 9:16:54 PM FingerPrint computeMagnitude
INFO: FingerPrint: :53632.0:44725.0:78014.0:158041.0:330728.0:608276.0:1351493.0:2678354.0:5315899.0:1.074754E7 Result :2.1366702E7
Dec 3, 2014 9:16:54 PM FingerPrint scan
INFO: Processing chunk : 251658240
Dec 3, 2014 9:16:54 PM FingerPrint computeMagnitude
INFO: FingerPrint: :18378.0:33929.0:116534.0:222160.0:447555.0:929936.0:1741305.0:3561162.0:7087320.0:1.4009208E7 Result :2.8167487E7
Dec 3, 2014 9:16:54 PM FingerPrint scan
INFO: Processing chunk : 268435456
Dec 3, 2014 9:16:54 PM FingerPrint computeMagnitude
INFO: FingerPrint: :17211.0:27767.0:105200.0:154329.0:288514.0:567106.0:1143007.0:2468108.0:4646781.0:9344732.0 Result :1.8762755E7
Dec 3, 2014 9:16:54 PM FingerPrint scan
INFO: Processing chunk : 285212672
Dec 3, 2014 9:16:54 PM FingerPrint computeMagnitude
INFO: FingerPrint: :8433.0:30030.0:31328.0:95478.0:139696.0:354904.0:692934.0:1657599.0:2994608.0:6033708.0 Result :1.2038718E7
Dec 3, 2014 9:16:54 PM FingerPrint scan
INFO: Processing chunk : 301989888
Dec 3, 2014 9:16:54 PM FingerPrint computeMagnitude
INFO: FingerPrint: :14559.0:45754.0:71666.0:149687.0:309718.0:679991.0:1234143.0:2522928.0:4996654.0:1.0050674E7 Result :2.0075774E7
Dec 3, 2014 9:16:54 PM FingerPrint scan
INFO: Processing chunk : 318767104
Dec 3, 2014 9:16:54 PM FingerPrint computeMagnitude
INFO: FingerPrint: :26910.0:31519.0:75215.0:188391.0:306308.0:621995.0:1285318.0:2502313.0:5030288.0:1.0094358E7 Result :2.0162615E7
Dec 3, 2014 9:16:54 PM FingerPrint scan
INFO: Processing chunk : 335544320
Dec 3, 2014 9:16:54 PM FingerPrint computeMagnitude
INFO: FingerPrint: :2130.0:32721.0:37849.0:112753.0:293845.0:568470.0:1072088.0:2219045.0:4296923.0:8571021.0 Result :1.7206845E7
Dec 3, 2014 9:16:54 PM FingerPrint scan
INFO: Processing chunk : 352321536
Dec 3, 2014 9:16:54 PM FingerPrint computeMagnitude
INFO: FingerPrint: :14416.0:37194.0:93946.0:187363.0:434635.0:743353.0:1537878.0:3068471.0:6058249.0:1.2227274E7 Result :2.4402779E7
Dec 3, 2014 9:16:54 PM FingerPrint scan
INFO: Processing chunk : 369098752
Dec 3, 2014 9:16:54 PM FingerPrint computeMagnitude
INFO: FingerPrint: :18293.0:48968.0:62069.0:150284.0:295712.0:580178.0:1098410.0:2276051.0:4541858.0:9014298.0 Result :1.8086121E7
Dec 3, 2014 9:16:54 PM FingerPrint scan
INFO: Processing chunk : 385875968
Dec 3, 2014 9:16:54 PM FingerPrint computeMagnitude
INFO: FingerPrint: :1792.0:1689.0:9169.0:12056.0:26470.0:55484.0:100676.0:207035.0:417670.0:824251.0 Result :1656292.0
Dec 3, 2014 9:16:54 PM FingerPrint scan
INFO: Processing chunk : 402653184
Dec 3, 2014 9:16:54 PM FingerPrint computeMagnitude
INFO: FingerPrint: :11335.0:26436.0:52906.0:92065.0:228574.0:428271.0:865776.0:1848227.0:3579070.0:7110551.0 Result :1.4243211E7
Dec 3, 2014 9:16:54 PM FingerPrint scan
INFO: Processing chunk : 419430400
Dec 3, 2014 9:16:54 PM FingerPrint computeMagnitude
INFO: FingerPrint: :10041.0:49119.0:88687.0:207661.0:380380.0:799053.0:1464105.0:3056359.0:6050714.0:1.1939677E7 Result :2.4045796E7
Dec 3, 2014 9:16:54 PM FingerPrint scan
INFO: Processing chunk : 436207616
Dec 3, 2014 9:16:54 PM FingerPrint computeMagnitude
INFO: FingerPrint: :20226.0:62568.0:70593.0:150790.0:356280.0:688306.0:1404745.0:2739317.0:5424630.0:1.0962471E7 Result :2.1879926E7
Dec 3, 2014 9:16:54 PM FingerPrint scan
INFO: Processing chunk : 452984832
Dec 3, 2014 9:16:54 PM FingerPrint computeMagnitude
INFO: FingerPrint: :27981.0:37014.0:108153.0:188696.0:401769.0:775200.0:1573356.0:3064815.0:6207598.0:1.2507874E7 Result :2.4892456E7
Dec 3, 2014 9:16:54 PM FingerPrint scan
INFO: Processing chunk : 469762048
Dec 3, 2014 9:16:54 PM FingerPrint computeMagnitude
INFO: FingerPrint: :54928.0:88559.0:95830.0:203979.0:454858.0:941252.0:1798054.0:3741396.0:7397868.0:1.4780699E7 Result :2.9557423E7
Dec 3, 2014 9:16:54 PM FingerPrint scan
INFO: Processing chunk : 486539264
Dec 3, 2014 9:16:54 PM FingerPrint computeMagnitude
INFO: FingerPrint: :15276.0:36591.0:62987.0:129443.0:370309.0:698161.0:1415652.0:2763386.0:5325249.0:1.0759227E7 Result :2.1576281E7
Dec 3, 2014 9:16:54 PM FingerPrint scan
INFO: Processing chunk : 503316480
Dec 3, 2014 9:16:54 PM FingerPrint computeMagnitude
INFO: FingerPrint: :10365.0:40781.0:63505.0:122945.0:352669.0:532094.0:1112716.0:2258564.0:4376135.0:8937639.0 Result :1.7807413E7
Dec 3, 2014 9:16:54 PM FingerPrint scan
INFO: Processing chunk : 520093696
Dec 3, 2014 9:16:54 PM FingerPrint computeMagnitude
INFO: FingerPrint: :38413.0:18535.0:109095.0:219164.0:365256.0:826706.0:1576858.0:3098057.0:6302298.0:1.2546337E7 Result :2.5100719E7
Dec 3, 2014 9:16:54 PM FingerPrint scan
INFO: Processing chunk : 536870912
Dec 3, 2014 9:16:54 PM FingerPrint computeMagnitude
INFO: FingerPrint: :27969.0:58983.0:72220.0:119377.0:270958.0:531191.0:1155948.0:2267728.0:4486728.0:9062707.0 Result :1.8053809E7
Dec 3, 2014 9:16:54 PM FingerPrint scan
INFO: Processing chunk : 553648128
Dec 3, 2014 9:16:54 PM FingerPrint computeMagnitude
INFO: FingerPrint: :20816.0:44692.0:111954.0:212174.0:441062.0:749529.0:1701981.0:3332711.0:6537751.0:1.3209631E7 Result :2.6362301E7
Dec 3, 2014 9:16:54 PM FingerPrint scan
INFO: Processing chunk : 570425344
Dec 3, 2014 9:16:54 PM FingerPrint computeMagnitude
INFO: FingerPrint: :16171.0:46349.0:58606.0:146801.0:328579.0:595188.0:1222352.0:2415470.0:4773039.0:9572316.0 Result :1.9174871E7
Dec 3, 2014 9:16:54 PM FingerPrint scan
INFO: Processing chunk : 587202560
Dec 3, 2014 9:16:54 PM FingerPrint computeMagnitude
INFO: FingerPrint: :2259.0:4550.0:9723.0:18675.0:33630.0:68402.0:136417.0:273747.0:550168.0:1093357.0 Result :2190928.0
Dec 3, 2014 9:16:54 PM FingerPrint scan
INFO: Processing chunk : 603979776
Dec 3, 2014 9:16:54 PM FingerPrint computeMagnitude
INFO: FingerPrint: :6305.0:20506.0:51195.0:77825.0:164051.0:314775.0:618583.0:1253238.0:2496057.0:4982094.0 Result :9984629.0
Dec 3, 2014 9:16:54 PM FingerPrint scan
INFO: Processing chunk : 620756992
Dec 3, 2014 9:16:54 PM FingerPrint computeMagnitude
INFO: FingerPrint: :27651.0:77589.0:88469.0:198134.0:397033.0:803360.0:1649308.0:3232312.0:6443013.0:1.2970752E7 Result :2.5887621E7
Dec 3, 2014 9:16:54 PM FingerPrint scan
INFO: Processing chunk : 637534208
Dec 3, 2014 9:16:54 PM FingerPrint computeMagnitude
INFO: FingerPrint: :15024.0:34593.0:63405.0:190732.0:309712.0:566067.0:1217151.0:2501626.0:5019011.0:9999871.0 Result :1.9917192E7
Dec 3, 2014 9:16:54 PM FingerPrint scan
INFO: Processing chunk : 654311424
Dec 3, 2014 9:16:54 PM FingerPrint computeMagnitude
INFO: FingerPrint: :27249.0:80072.0:74928.0:145139.0:399511.0:702961.0:1458374.0:2901257.0:5786554.0:1.1555302E7 Result :2.3131347E7
Dec 3, 2014 9:16:54 PM FingerPrint scan
INFO: Processing chunk : 671088640
Dec 3, 2014 9:16:54 PM FingerPrint computeMagnitude
INFO: FingerPrint: :16431.0:37365.0:93627.0:228832.0:433342.0:824302.0:1633423.0:3353293.0:6575145.0:1.3203009E7 Result :2.6398769E7
Dec 3, 2014 9:16:54 PM FingerPrint scan
INFO: Processing chunk : 687865856
Dec 3, 2014 9:16:54 PM FingerPrint computeMagnitude
INFO: FingerPrint: :39862.0:42113.0:47566.0:159853.0:226572.0:518004.0:1015931.0:1914800.0:3959593.0:8067717.0 Result :1.5992011E7
Dec 3, 2014 9:16:54 PM FingerPrint scan
INFO: Processing chunk : 704643072
Dec 3, 2014 9:16:54 PM FingerPrint computeMagnitude
INFO: FingerPrint: :10116.0:35894.0:73863.0:150317.0:285343.0:495629.0:1025374.0:2156994.0:4237988.0:8510468.0 Result :1.6981986E7
Dec 3, 2014 9:16:54 PM FingerPrint scan
INFO: Processing chunk : 721420288
Dec 3, 2014 9:16:54 PM FingerPrint computeMagnitude
INFO: FingerPrint: :23748.0:49064.0:36634.0:168254.0:311665.0:660690.0:1309410.0:2521666.0:5116192.0:1.0184868E7 Result :2.0382191E7
Dec 3, 2014 9:16:54 PM FingerPrint scan
INFO: Processing chunk : 738197504
Dec 3, 2014 9:16:54 PM FingerPrint computeMagnitude
INFO: FingerPrint: :10744.0:44779.0:44113.0:137343.0:221668.0:527274.0:1010066.0:2077398.0:4027583.0:8085393.0 Result :1.6186361E7
Dec 3, 2014 9:16:54 PM FingerPrint scan
INFO: Processing chunk : 754974720
Dec 3, 2014 9:16:54 PM FingerPrint computeMagnitude
INFO: FingerPrint: :18529.0:37522.0:153269.0:238263.0:478871.0:897630.0:1737231.0:3464446.0:7094576.0:1.4077072E7 Result :2.8197409E7
Dec 3, 2014 9:16:54 PM FingerPrint scan
INFO: Processing chunk : 771751936
Dec 3, 2014 9:16:54 PM FingerPrint computeMagnitude
INFO: FingerPrint: :43201.0:59683.0:101685.0:257184.0:369183.0:837706.0:1724059.0:3394665.0:6886862.0:1.3721912E7 Result :2.739614E7
Dec 3, 2014 9:16:54 PM FingerPrint scan
INFO: Processing chunk : 788529152
Dec 3, 2014 9:16:54 PM FingerPrint computeMagnitude
INFO: FingerPrint: :14369.0:52289.0:121582.0:207488.0:431324.0:864344.0:1651576.0:3395244.0:6720274.0:1.3367817E7 Result :2.6826307E7
Dec 3, 2014 9:16:54 PM FingerPrint scan
INFO: Processing chunk : 805306368
Dec 3, 2014 9:16:54 PM FingerPrint computeMagnitude
INFO: FingerPrint: :3513.0:59933.0:99850.0:167922.0:378509.0:679823.0:1426027.0:2814536.0:5597767.0:1.1311126E7 Result :2.2539006E7
Dec 3, 2014 9:16:54 PM FingerPrint scan
INFO: Processing chunk : 822083584
Dec 3, 2014 9:16:54 PM FingerPrint computeMagnitude
INFO: FingerPrint: :18343.0:66721.0:71367.0:162273.0:332582.0:566363.0:1357037.0:2540916.0:5083191.0:1.0296715E7 Result :2.0495508E7
Dec 3, 2014 9:16:54 PM FingerPrint scan
INFO: Processing chunk : 838860800
Dec 3, 2014 9:16:54 PM FingerPrint computeMagnitude
INFO: FingerPrint: :11891.0:31487.0:53608.0:105268.0:175761.0:448339.0:927363.0:1754953.0:3517667.0:6978725.0 Result :1.4005062E7
Dec 3, 2014 9:16:54 PM FingerPrint scan
INFO: Processing chunk : 855638016
Dec 3, 2014 9:16:54 PM FingerPrint computeMagnitude
INFO: FingerPrint: :27301.0:21303.0:156618.0:261499.0:492029.0:986400.0:1765141.0:3705061.0:7452574.0:1.4802511E7 Result :2.9670437E7
Dec 3, 2014 9:16:54 PM FingerPrint scan
INFO: Processing chunk : 872415232
Dec 3, 2014 9:16:54 PM FingerPrint computeMagnitude
INFO: FingerPrint: :27146.0:58015.0:80913.0:207579.0:393519.0:873371.0:1747026.0:3550890.0:6988337.0:1.4027249E7 Result :2.7954045E7
Dec 3, 2014 9:16:54 PM FingerPrint scan
INFO: Processing chunk : 889192448
Dec 3, 2014 9:16:54 PM FingerPrint computeMagnitude
INFO: FingerPrint: :16283.0:64945.0:112336.0:229865.0:430972.0:833448.0:1719213.0:3383087.0:6796442.0:1.3633494E7 Result :2.7220085E7
Dec 3, 2014 9:16:54 PM FingerPrint scan
INFO: Processing chunk : 905969664
Dec 3, 2014 9:16:54 PM FingerPrint computeMagnitude
INFO: FingerPrint: :11802.0:24388.0:97525.0:135711.0:335117.0:652497.0:1222767.0:2522819.0:5035022.0:9984654.0 Result :2.0022302E7
Dec 3, 2014 9:16:54 PM FingerPrint scan
INFO: Processing chunk : 922746880
Dec 3, 2014 9:16:54 PM FingerPrint computeMagnitude
INFO: FingerPrint: :3166.0:5995.0:9450.0:19318.0:42261.0:77642.0:168001.0:337272.0:660155.0:1335022.0 Result :2658282.0
Dec 3, 2014 9:16:54 PM FingerPrint scan
INFO: Processing chunk : 939524096
Dec 3, 2014 9:16:54 PM FingerPrint computeMagnitude
INFO: FingerPrint: :1273.0:1841.0:3116.0:6418.0:11368.0:24723.0:51338.0:98320.0:199274.0:401418.0 Result :799089.0
Dec 3, 2014 9:16:54 PM FingerPrint scan
INFO: Processing chunk : 956301312
Dec 3, 2014 9:16:54 PM FingerPrint computeMagnitude
INFO: FingerPrint: :17452.0:62558.0:98759.0:216952.0:427351.0:931611.0:1838977.0:3631401.0:7346384.0:1.4592864E7 Result :2.9164309E7
Dec 3, 2014 9:16:54 PM FingerPrint scan
INFO: Processing chunk : 973078528
Dec 3, 2014 9:16:54 PM FingerPrint computeMagnitude
INFO: FingerPrint: :14722.0:57506.0:48281.0:132637.0:285623.0:534725.0:1191073.0:2317935.0:4597394.0:9206853.0 Result :1.8386749E7
Dec 3, 2014 9:16:54 PM FingerPrint scan
INFO: Processing chunk : 989855744
Dec 3, 2014 9:16:54 PM FingerPrint computeMagnitude
INFO: FingerPrint: :13057.0:26046.0:86251.0:214760.0:376536.0:705832.0:1433782.0:2830505.0:5637507.0:1.1310462E7 Result :2.2634738E7
Dec 3, 2014 9:16:54 PM FingerPrint scan
INFO: Processing chunk : 1006632960
Dec 3, 2014 9:16:54 PM FingerPrint computeMagnitude
INFO: FingerPrint: :17648.0:30698.0:101611.0:141864.0:309509.0:587338.0:1121707.0:2301255.0:4637690.0:9283548.0 Result :1.8532868E7
Dec 3, 2014 9:16:54 PM FingerPrint scan
INFO: Processing chunk : 1023410176
Dec 3, 2014 9:16:54 PM FingerPrint computeMagnitude
INFO: FingerPrint: :9930.0:11435.0:41962.0:38242.0:106582.0:257041.0:425897.0:813106.0:1797915.0:3423724.0 Result :6925834.0
Dec 3, 2014 9:16:54 PM FingerPrint scan
INFO: Processing chunk : 1040187392
Dec 3, 2014 9:16:54 PM FingerPrint computeMagnitude
INFO: FingerPrint: :958.0:1375.0:2783.0:6922.0:12842.0:24152.0:49683.0:100333.0:197997.0:397953.0 Result :794998.0
Dec 3, 2014 9:16:54 PM FingerPrint scan
INFO: Processing chunk : 1056964608
Dec 3, 2014 9:16:54 PM FingerPrint computeMagnitude
INFO: FingerPrint: :30278.0:59548.0:54681.0:201711.0:373740.0:774077.0:1599439.0:3113476.0:6002659.0:1.23884E7 Result :2.4598009E7
Dec 3, 2014 9:16:54 PM FingerPrint scan
INFO: Processing chunk : 1073741824
Dec 3, 2014 9:16:54 PM FingerPrint computeMagnitude
INFO: FingerPrint: :13578.0:34689.0:85192.0:184343.0:280933.0:553396.0:1257310.0:2380752.0:4819881.0:9758674.0 Result :1.9368748E7
Dec 3, 2014 9:16:54 PM FingerPrint scan
INFO: Processing chunk : 1090519040
Dec 3, 2014 9:16:54 PM FingerPrint computeMagnitude
INFO: FingerPrint: :27353.0:67076.0:83368.0:161805.0:358870.0:628472.0:1376351.0:2851323.0:5452479.0:1.1020566E7 Result :2.2027663E7
Dec 3, 2014 9:16:54 PM FingerPrint scan
INFO: Processing chunk : 1107296256
Dec 3, 2014 9:16:54 PM FingerPrint computeMagnitude
INFO: FingerPrint: :20683.0:36627.0:58528.0:130973.0:232668.0:456694.0:923980.0:1863705.0:3738210.0:7472511.0 Result :1.4934579E7
Dec 3, 2014 9:16:54 PM FingerPrint scan
INFO: Processing chunk : 1124073472
Dec 3, 2014 9:16:54 PM FingerPrint computeMagnitude
INFO: FingerPrint: :38582.0:50209.0:107396.0:176274.0:453775.0:892104.0:1730964.0:3390862.0:7032237.0:1.3869047E7 Result :2.774145E7
Dec 3, 2014 9:16:54 PM FingerPrint scan
INFO: Processing chunk : 1140850688
Dec 3, 2014 9:16:54 PM FingerPrint computeMagnitude
INFO: FingerPrint: :27630.0:52065.0:152602.0:287322.0:415597.0:952471.0:1832434.0:3691718.0:7458848.0:1.4794195E7 Result :2.9664882E7
Dec 3, 2014 9:16:54 PM FingerPrint scan
INFO: Processing chunk : 1157627904
Dec 3, 2014 9:16:54 PM FingerPrint computeMagnitude
INFO: FingerPrint: :13515.0:62298.0:83896.0:229330.0:461073.0:902341.0:1915721.0:3612432.0:7178874.0:1.4581617E7 Result :2.9041097E7
Dec 3, 2014 9:16:54 PM FingerPrint scan
INFO: Processing chunk : 1174405120
Dec 3, 2014 9:16:54 PM FingerPrint computeMagnitude
INFO: FingerPrint: :56528.0:67296.0:118276.0:250776.0:539311.0:1097129.0:2035026.0:4119802.0:8299820.0:1.6508094E7 Result :3.3092058E7
Dec 3, 2014 9:16:54 PM FingerPrint scan
INFO: Processing chunk : 1191182336
Dec 3, 2014 9:16:54 PM FingerPrint computeMagnitude
INFO: FingerPrint: :35656.0:62109.0:96327.0:207837.0:348930.0:713231.0:1335404.0:2801558.0:5784907.0:1.1127908E7 Result :2.2513867E7
Dec 3, 2014 9:16:54 PM FingerPrint scan
INFO: Processing chunk : 1207959552
Dec 3, 2014 9:16:54 PM FingerPrint computeMagnitude
INFO: FingerPrint: :8819.0:19719.0:37399.0:86791.0:133039.0:261278.0:588212.0:1111020.0:2136413.0:4203732.0 Result :8586422.0
Dec 3, 2014 9:16:54 PM FingerPrint scan
INFO: Processing chunk : 1224736768
Dec 3, 2014 9:16:54 PM FingerPrint computeMagnitude
INFO: FingerPrint: :40978.0:29701.0:104644.0:206357.0:461873.0:854925.0:1684643.0:3337528.0:6722330.0:1.3469761E7 Result :2.691274E7
Dec 3, 2014 9:16:54 PM FingerPrint scan
INFO: Processing chunk : 1241513984
Dec 3, 2014 9:16:54 PM FingerPrint computeMagnitude
INFO: FingerPrint: :8630.0:49668.0:58403.0:111441.0:248958.0:483210.0:996487.0:1990298.0:3945179.0:7905961.0 Result :1.5798235E7
Dec 3, 2014 9:16:54 PM FingerPrint scan
INFO: Processing chunk : 1258291200
Dec 3, 2014 9:16:54 PM FingerPrint computeMagnitude
INFO: FingerPrint: :17069.0:28008.0:57987.0:167233.0:298245.0:629216.0:1288647.0:2316998.0:4939136.0:9855697.0 Result :1.9598236E7
Dec 3, 2014 9:16:54 PM FingerPrint scan
INFO: Processing chunk : 1275068416
Dec 3, 2014 9:16:54 PM FingerPrint computeMagnitude
INFO: FingerPrint: :20561.0:44708.0:56965.0:138213.0:297934.0:622314.0:1245819.0:2529560.0:4968922.0:1.0111763E7 Result :2.0036759E7
Dec 3, 2014 9:16:54 PM FingerPrint scan
INFO: Processing chunk : 1291845632
Dec 3, 2014 9:16:54 PM FingerPrint computeMagnitude
INFO: FingerPrint: :11497.0:22091.0:39309.0:90498.0:172445.0:369378.0:734147.0:1483110.0:2919437.0:5798687.0 Result :1.1640599E7
Dec 3, 2014 9:16:54 PM FingerPrint scan
INFO: Processing chunk : 1308622848
Dec 3, 2014 9:16:54 PM FingerPrint computeMagnitude
INFO: FingerPrint: :1599.0:1609.0:2669.0:8229.0:17305.0:29840.0:60041.0:123918.0:242802.0:491913.0 Result :979925.0
Dec 3, 2014 9:16:54 PM FingerPrint scan
INFO: Processing chunk : 1325400064
Dec 3, 2014 9:16:54 PM FingerPrint computeMagnitude
INFO: FingerPrint: :12958.0:56567.0:137940.0:172916.0:465279.0:873928.0:1702572.0:3563268.0:6952373.0:1.3869544E7 Result :2.7807345E7
Dec 3, 2014 9:16:54 PM FingerPrint scan
INFO: Processing chunk : 1342177280
Dec 3, 2014 9:16:54 PM FingerPrint computeMagnitude
INFO: FingerPrint: :43527.0:62342.0:74929.0:178769.0:359672.0:633110.0:1490537.0:2806531.0:5598456.0:1.1430515E7 Result :2.2678388E7
Dec 3, 2014 9:16:54 PM FingerPrint scan
INFO: Processing chunk : 1358954496
Dec 3, 2014 9:16:54 PM FingerPrint computeMagnitude
INFO: FingerPrint: :9176.0:22112.0:32816.0:144354.0:260508.0:650685.0:1099142.0:2289764.0:4583103.0:8748148.0 Result :1.7839808E7
Dec 3, 2014 9:16:54 PM FingerPrint scan
INFO: Processing chunk : 1375731712
Dec 3, 2014 9:16:54 PM FingerPrint computeMagnitude
INFO: FingerPrint: :9004.0:25017.0:50644.0:85908.0:217786.0:432510.0:733884.0:1464921.0:3009248.0:5771953.0 Result :1.1800875E7
Dec 3, 2014 9:16:54 PM FingerPrint scan
INFO: Processing chunk : 1392508928
Dec 3, 2014 9:16:54 PM FingerPrint computeMagnitude
INFO: FingerPrint: :12039.0:93393.0:83057.0:169851.0:467120.0:916899.0:1684158.0:3546761.0:6932908.0:1.3875597E7 Result :2.7781783E7
Dec 3, 2014 9:16:54 PM FingerPrint scan
INFO: Processing chunk : 1409286144
Dec 3, 2014 9:16:54 PM FingerPrint computeMagnitude
INFO: FingerPrint: :18347.0:42462.0:74512.0:157455.0:326155.0:609883.0:1244695.0:2602668.0:5060279.0:1.0116798E7 Result :2.0253254E7
Dec 3, 2014 9:16:54 PM FingerPrint scan
INFO: Processing chunk : 1426063360
Dec 3, 2014 9:16:54 PM FingerPrint computeMagnitude
INFO: FingerPrint: :6869.0:17059.0:42480.0:92364.0:170967.0:346115.0:721124.0:1562159.0:3114140.0:6026030.0 Result :1.2099307E7
Dec 3, 2014 9:16:54 PM FingerPrint scan
INFO: Processing chunk : 1442840576
Dec 3, 2014 9:16:54 PM FingerPrint computeMagnitude
INFO: FingerPrint: :405.0:2522.0:3114.0:7839.0:17396.0:29083.0:65176.0:123155.0:251015.0:500187.0 Result :999892.0
Dec 3, 2014 9:16:54 PM FingerPrint scan
INFO: Processing chunk : 1459617792
Dec 3, 2014 9:16:54 PM FingerPrint computeMagnitude
INFO: FingerPrint: :18166.0:38746.0:65206.0:166950.0:296981.0:614393.0:1187893.0:2401168.0:4770650.0:9538797.0 Result :1.909895E7
Dec 3, 2014 9:16:54 PM FingerPrint scan
INFO: Processing chunk : 1476395008
Dec 3, 2014 9:16:54 PM FingerPrint computeMagnitude
INFO: FingerPrint: :13720.0:36910.0:68562.0:119866.0:279655.0:507292.0:1052283.0:2054676.0:4098157.0:8315997.0 Result :1.6547118E7
Dec 3, 2014 9:16:54 PM FingerPrint scan
INFO: Processing chunk : 1493172224
Dec 3, 2014 9:16:54 PM FingerPrint computeMagnitude
INFO: FingerPrint: :8715.0:20727.0:31788.0:114660.0:198479.0:418962.0:766487.0:1576609.0:3056521.0:6223979.0 Result :1.2416927E7
Dec 3, 2014 9:16:54 PM FingerPrint scan
INFO: Processing chunk : 1509949440
Dec 3, 2014 9:16:54 PM FingerPrint computeMagnitude
INFO: FingerPrint: :1622.0:1656.0:1763.0:8193.0:15524.0:26843.0:53744.0:107004.0:215549.0:433660.0 Result :865558.0
Dec 3, 2014 9:16:54 PM FingerPrint scan
INFO: Processing chunk : 1526726656
Dec 3, 2014 9:16:55 PM FingerPrint computeMagnitude
INFO: FingerPrint: :22449.0:48377.0:96075.0:144355.0:304413.0:607610.0:1145744.0:2404821.0:4753614.0:9488215.0 Result :1.9015673E7
Dec 3, 2014 9:16:55 PM FingerPrint scan
INFO: Processing chunk : 1543503872
Dec 3, 2014 9:16:55 PM FingerPrint computeMagnitude
INFO: FingerPrint: :5663.0:25346.0:121215.0:190652.0:421665.0:738830.0:1585333.0:3182851.0:6262372.0:1.2496072E7 Result :2.5029999E7
Dec 3, 2014 9:16:55 PM FingerPrint scan
INFO: Processing chunk : 1560281088
Dec 3, 2014 9:16:55 PM FingerPrint computeMagnitude
INFO: FingerPrint: :16440.0:22835.0:59349.0:120261.0:242005.0:406264.0:874702.0:1736800.0:3383133.0:6937561.0 Result :1.379935E7
Dec 3, 2014 9:16:55 PM FingerPrint scan
INFO: Processing chunk : 1577058304
Dec 3, 2014 9:16:55 PM FingerPrint computeMagnitude
INFO: FingerPrint: :1665.0:4846.0:6569.0:24286.0:40277.0:87801.0:152960.0:388591.0:757528.0:1541305.0 Result :3005828.0
Dec 3, 2014 9:16:55 PM FingerPrint scan
INFO: Processing chunk : 1593835520
Dec 3, 2014 9:16:55 PM FingerPrint computeMagnitude
INFO: FingerPrint: :33490.0:39507.0:95539.0:195405.0:315682.0:700937.0:1487813.0:2881071.0:5813650.0:1.1647252E7 Result :2.3210346E7
Dec 3, 2014 9:16:55 PM FingerPrint scan
INFO: Processing chunk : 1610612736
Dec 3, 2014 9:16:55 PM FingerPrint computeMagnitude
INFO: FingerPrint: :19429.0:29913.0:120127.0:148974.0:369640.0:734347.0:1413250.0:2972078.0:5780002.0:1.1568598E7 Result :2.3156358E7
Dec 3, 2014 9:16:55 PM FingerPrint scan
INFO: Processing chunk : 1627389952
Dec 3, 2014 9:16:55 PM FingerPrint computeMagnitude
INFO: FingerPrint: :19772.0:34946.0:65475.0:197090.0:337744.0:761945.0:1408007.0:2799084.0:5696831.0:1.1290082E7 Result :2.2610976E7
Dec 3, 2014 9:16:55 PM FingerPrint scan
INFO: Processing chunk : 1644167168
Dec 3, 2014 9:16:55 PM FingerPrint computeMagnitude
INFO: FingerPrint: :21143.0:42679.0:95861.0:147324.0:299700.0:620829.0:1312242.0:2569728.0:5175170.0:1.0316853E7 Result :2.0601529E7
Dec 3, 2014 9:16:55 PM FingerPrint scan
INFO: Processing chunk : 1660944384
Dec 3, 2014 9:16:55 PM FingerPrint computeMagnitude
INFO: FingerPrint: :11357.0:41556.0:43224.0:122006.0:252416.0:494533.0:960706.0:1932648.0:3795870.0:7651457.0 Result :1.5305773E7
Dec 3, 2014 9:16:55 PM FingerPrint scan
INFO: Processing chunk : 1677721600
Dec 3, 2014 9:16:55 PM FingerPrint computeMagnitude
INFO: FingerPrint: :9154.0:28601.0:34991.0:61373.0:143665.0:243203.0:590281.0:1121636.0:2123379.0:4453453.0 Result :8809736.0
Dec 3, 2014 9:16:55 PM FingerPrint scan
INFO: Processing chunk : 1694498816
Dec 3, 2014 9:16:55 PM FingerPrint computeMagnitude
INFO: FingerPrint: :11651.0:56948.0:90277.0:193929.0:459564.0:804702.0:1589476.0:3271290.0:6450805.0:1.2852283E7 Result :2.5780925E7
Dec 3, 2014 9:16:55 PM FingerPrint scan
INFO: Processing chunk : 1711276032
Dec 3, 2014 9:16:55 PM FingerPrint computeMagnitude
INFO: FingerPrint: :49116.0:43968.0:63789.0:188190.0:401046.0:745596.0:1357721.0:2811708.0:5696900.0:1.1348641E7 Result :2.2706675E7
Dec 3, 2014 9:16:55 PM FingerPrint scan
INFO: Processing chunk : 1728053248
Dec 3, 2014 9:16:55 PM FingerPrint computeMagnitude
INFO: FingerPrint: :44210.0:43896.0:93033.0:186617.0:411142.0:800695.0:1651042.0:3199488.0:6206466.0:1.2330242E7 Result :2.4966831E7
Dec 3, 2014 9:16:55 PM FingerPrint scan
INFO: Processing chunk : 1744830464
Dec 3, 2014 9:16:55 PM FingerPrint computeMagnitude
INFO: FingerPrint: :24273.0:33367.0:58396.0:113209.0:233373.0:502664.0:991826.0:1917518.0:3676876.0:7376592.0 Result :1.4928094E7
Dec 3, 2014 9:16:55 PM FingerPrint scan
INFO: Processing chunk : 1761607680
Dec 3, 2014 9:16:55 PM FingerPrint computeMagnitude
INFO: FingerPrint: :20109.0:35514.0:71454.0:220688.0:352972.0:683893.0:1419089.0:2701905.0:5545229.0:1.0917174E7 Result :2.1968027E7
Dec 3, 2014 9:16:55 PM FingerPrint scan
INFO: Processing chunk : 1778384896
Dec 3, 2014 9:16:55 PM FingerPrint computeMagnitude
INFO: FingerPrint: :10224.0:26880.0:51179.0:89207.0:234011.0:453356.0:867596.0:1812340.0:3758825.0:7082192.0 Result :1.438581E7
